[0.147s] DEBUG:colcon:Command line arguments: ['/usr/bin/colcon', 'build', '--packages-select', 'disbot_controller']
[0.147s] DEBUG:colcon:Parsed command line arguments: Namespace(log_base=None, log_level=None, verb_name='build', build_base='build', install_base='install', merge_install=False, symlink_install=False, test_result_base=None, continue_on_error=False, executor='parallel', parallel_workers=12, event_handlers=None, ignore_user_meta=False, metas=['./colcon.meta'], base_paths=['.'], packages_ignore=None, packages_ignore_regex=None, paths=None, packages_up_to=None, packages_up_to_regex=None, packages_above=None, packages_above_and_dependencies=None, packages_above_depth=None, packages_select_by_dep=None, packages_skip_by_dep=None, packages_skip_up_to=None, packages_select_build_failed=False, packages_skip_build_finished=False, packages_select_test_failures=False, packages_skip_test_passed=False, packages_select=['disbot_controller'], packages_skip=None, packages_select_regex=None, packages_skip_regex=None, packages_start=None, packages_end=None, allow_overriding=[], cmake_args=None, cmake_target=None, cmake_target_skip_unavailable=False, cmake_clean_cache=False, cmake_clean_first=False, cmake_force_configure=False, ament_cmake_args=None, catkin_cmake_args=None, catkin_skip_building_tests=False, verb_parser=<colcon_defaults.argument_parser.defaults.DefaultArgumentsDecorator object at 0x7ae2487f5ee0>, verb_extension=<colcon_core.verb.build.BuildVerb object at 0x7ae2487f5250>, main=<bound method BuildVerb.main of <colcon_core.verb.build.BuildVerb object at 0x7ae2487f5250>>)
[0.218s] Level 1:colcon.colcon_core.package_discovery:discover_packages(colcon_meta) check parameters
[0.218s] Level 1:colcon.colcon_core.package_discovery:discover_packages(recursive) check parameters
[0.218s] Level 1:colcon.colcon_core.package_discovery:discover_packages(ignore) check parameters
[0.218s] Level 1:colcon.colcon_core.package_discovery:discover_packages(path) check parameters
[0.218s] Level 1:colcon.colcon_core.package_discovery:discover_packages(colcon_meta) discover
[0.218s] Level 1:colcon.colcon_core.package_discovery:discover_packages(recursive) discover
[0.218s] INFO:colcon.colcon_core.package_discovery:Crawling recursively for packages in '/home/ubuntu/DishBot'
[0.218s] Level 1:colcon.colcon_core.package_identification:_identify(.) by extensions ['ignore', 'ignore_ament_install']
[0.218s] Level 1:colcon.colcon_core.package_identification:_identify(.) by extension 'ignore'
[0.218s] Level 1:colcon.colcon_core.package_identification:_identify(.) by extension 'ignore_ament_install'
[0.219s] Level 1:colcon.colcon_core.package_identification:_identify(.) by extensions ['colcon_pkg']
[0.219s] Level 1:colcon.colcon_core.package_identification:_identify(.) by extension 'colcon_pkg'
[0.219s] Level 1:colcon.colcon_core.package_identification:_identify(.) by extensions ['colcon_meta']
[0.219s] Level 1:colcon.colcon_core.package_identification:_identify(.) by extension 'colcon_meta'
[0.219s] Level 1:colcon.colcon_core.package_identification:_identify(.) by extensions ['ros']
[0.219s] Level 1:colcon.colcon_core.package_identification:_identify(.) by extension 'ros'
[0.264s] Level 1:colcon.colcon_core.package_identification:_identify(.) by extensions ['cmake', 'python']
[0.265s] Level 1:colcon.colcon_core.package_identification:_identify(.) by extension 'cmake'
[0.265s] Level 1:colcon.colcon_core.package_identification:_identify(.) by extension 'python'
[0.265s] Level 1:colcon.colcon_core.package_identification:_identify(.) by extensions ['python_setup_py']
[0.265s] Level 1:colcon.colcon_core.package_identification:_identify(.) by extension 'python_setup_py'
[0.265s] Level 1:colcon.colcon_core.package_identification:_identify(build) by extensions ['ignore', 'ignore_ament_install']
[0.265s] Level 1:colcon.colcon_core.package_identification:_identify(build) by extension 'ignore'
[0.265s] Level 1:colcon.colcon_core.package_identification:_identify(build) ignored
[0.266s] Level 1:colcon.colcon_core.package_identification:_identify(install) by extensions ['ignore', 'ignore_ament_install']
[0.266s] Level 1:colcon.colcon_core.package_identification:_identify(install) by extension 'ignore'
[0.266s] Level 1:colcon.colcon_core.package_identification:_identify(install) ignored
[0.266s] Level 1:colcon.colcon_core.package_identification:_identify(log) by extensions ['ignore', 'ignore_ament_install']
[0.266s] Level 1:colcon.colcon_core.package_identification:_identify(log) by extension 'ignore'
[0.266s] Level 1:colcon.colcon_core.package_identification:_identify(log) ignored
[0.267s] Level 1:colcon.colcon_core.package_identification:_identify(src) by extensions ['ignore', 'ignore_ament_install']
[0.267s] Level 1:colcon.colcon_core.package_identification:_identify(src) by extension 'ignore'
[0.267s] Level 1:colcon.colcon_core.package_identification:_identify(src) by extension 'ignore_ament_install'
[0.267s] Level 1:colcon.colcon_core.package_identification:_identify(src) by extensions ['colcon_pkg']
[0.267s] Level 1:colcon.colcon_core.package_identification:_identify(src) by extension 'colcon_pkg'
[0.267s] Level 1:colcon.colcon_core.package_identification:_identify(src) by extensions ['colcon_meta']
[0.267s] Level 1:colcon.colcon_core.package_identification:_identify(src) by extension 'colcon_meta'
[0.267s] Level 1:colcon.colcon_core.package_identification:_identify(src) by extensions ['ros']
[0.267s] Level 1:colcon.colcon_core.package_identification:_identify(src) by extension 'ros'
[0.267s] Level 1:colcon.colcon_core.package_identification:_identify(src) by extensions ['cmake', 'python']
[0.267s] Level 1:colcon.colcon_core.package_identification:_identify(src) by extension 'cmake'
[0.268s] Level 1:colcon.colcon_core.package_identification:_identify(src) by extension 'python'
[0.268s] Level 1:colcon.colcon_core.package_identification:_identify(src) by extensions ['python_setup_py']
[0.268s] Level 1:colcon.colcon_core.package_identification:_identify(src) by extension 'python_setup_py'
[0.268s] Level 1:colcon.colcon_core.package_identification:_identify(src/disbot_controller) by extensions ['ignore', 'ignore_ament_install']
[0.268s] Level 1:colcon.colcon_core.package_identification:_identify(src/disbot_controller) by extension 'ignore'
[0.268s] Level 1:colcon.colcon_core.package_identification:_identify(src/disbot_controller) by extension 'ignore_ament_install'
[0.268s] Level 1:colcon.colcon_core.package_identification:_identify(src/disbot_controller) by extensions ['colcon_pkg']
[0.268s] Level 1:colcon.colcon_core.package_identification:_identify(src/disbot_controller) by extension 'colcon_pkg'
[0.268s] Level 1:colcon.colcon_core.package_identification:_identify(src/disbot_controller) by extensions ['colcon_meta']
[0.268s] Level 1:colcon.colcon_core.package_identification:_identify(src/disbot_controller) by extension 'colcon_meta'
[0.268s] Level 1:colcon.colcon_core.package_identification:_identify(src/disbot_controller) by extensions ['ros']
[0.269s] Level 1:colcon.colcon_core.package_identification:_identify(src/disbot_controller) by extension 'ros'
[0.272s] DEBUG:colcon.colcon_core.package_identification:Package 'src/disbot_controller' with type 'ros.ament_cmake' and name 'disbot_controller'
[0.273s] Level 1:colcon.colcon_core.package_discovery:discover_packages(recursive) using defaults
[0.273s] Level 1:colcon.colcon_core.package_discovery:discover_packages(ignore) discover
[0.273s] Level 1:colcon.colcon_core.package_discovery:discover_packages(ignore) using defaults
[0.273s] Level 1:colcon.colcon_core.package_discovery:discover_packages(path) discover
[0.273s] Level 1:colcon.colcon_core.package_discovery:discover_packages(path) using defaults
[0.304s] Level 1:colcon.colcon_core.package_discovery:discover_packages(prefix_path) check parameters
[0.304s] Level 1:colcon.colcon_core.package_discovery:discover_packages(prefix_path) discover
[0.311s] DEBUG:colcon.colcon_installed_package_information.package_discovery:Found 0 installed packages in /home/ubuntu/DishBot/install
[0.313s] DEBUG:colcon.colcon_installed_package_information.package_discovery:Found 11 installed packages in /home/ubuntu/ros2_ws/install
[0.317s] DEBUG:colcon.colcon_installed_package_information.package_discovery:Found 412 installed packages in /opt/ros/jazzy
[0.319s] Level 1:colcon.colcon_core.package_discovery:discover_packages(prefix_path) using defaults
[0.425s] Level 5:colcon.colcon_core.verb:set package 'disbot_controller' build argument 'cmake_args' from command line to 'None'
[0.425s] Level 5:colcon.colcon_core.verb:set package 'disbot_controller' build argument 'cmake_target' from command line to 'None'
[0.425s] Level 5:colcon.colcon_core.verb:set package 'disbot_controller' build argument 'cmake_target_skip_unavailable' from command line to 'False'
[0.425s] Level 5:colcon.colcon_core.verb:set package 'disbot_controller' build argument 'cmake_clean_cache' from command line to 'False'
[0.425s] Level 5:colcon.colcon_core.verb:set package 'disbot_controller' build argument 'cmake_clean_first' from command line to 'False'
[0.425s] Level 5:colcon.colcon_core.verb:set package 'disbot_controller' build argument 'cmake_force_configure' from command line to 'False'
[0.425s] Level 5:colcon.colcon_core.verb:set package 'disbot_controller' build argument 'ament_cmake_args' from command line to 'None'
[0.425s] Level 5:colcon.colcon_core.verb:set package 'disbot_controller' build argument 'catkin_cmake_args' from command line to 'None'
[0.425s] Level 5:colcon.colcon_core.verb:set package 'disbot_controller' build argument 'catkin_skip_building_tests' from command line to 'False'
[0.425s] DEBUG:colcon.colcon_core.verb:Building package 'disbot_controller' with the following arguments: {'ament_cmake_args': None, 'build_base': '/home/ubuntu/DishBot/build/disbot_controller', 'catkin_cmake_args': None, 'catkin_skip_building_tests': False, 'cmake_args': None, 'cmake_clean_cache': False, 'cmake_clean_first': False, 'cmake_force_configure': False, 'cmake_target': None, 'cmake_target_skip_unavailable': False, 'install_base': '/home/ubuntu/DishBot/install/disbot_controller', 'merge_install': False, 'path': '/home/ubuntu/DishBot/src/disbot_controller', 'symlink_install': False, 'test_result_base': None}
[0.425s] INFO:colcon.colcon_core.executor:Executing jobs using 'parallel' executor
[0.427s] DEBUG:colcon.colcon_parallel_executor.executor.parallel:run_until_complete
[0.427s] INFO:colcon.colcon_ros.task.ament_cmake.build:Building ROS package in '/home/ubuntu/DishBot/src/disbot_controller' with build type 'ament_cmake'
[0.427s] INFO:colcon.colcon_cmake.task.cmake.build:Building CMake package in '/home/ubuntu/DishBot/src/disbot_controller'
[0.430s] INFO:colcon.colcon_core.plugin_system:Skipping extension 'colcon_core.shell.bat': Not used on non-Windows systems
[0.431s] INFO:colcon.colcon_core.shell:Skip shell extension 'powershell' for command environment: Not usable outside of PowerShell
[0.431s] DEBUG:colcon.colcon_core.shell:Skip shell extension 'dsv' for command environment
[0.452s] DEBUG:colcon.colcon_core.event_handler.log_command:Invoking command in '/home/ubuntu/DishBot/build/disbot_controller': CMAKE_PREFIX_PATH=${CMAKE_PREFIX_PATH}:/home/ubuntu/ros2_ws/install/grasp_training:/home/ubuntu/ros2_ws/install/domain_randomization:/opt/ros/jazzy DEBUGINFOD_URLS=https://debuginfod.ubuntu.com /usr/bin/cmake /home/ubuntu/DishBot/src/disbot_controller -DCMAKE_INSTALL_PREFIX=/home/ubuntu/DishBot/install/disbot_controller
[3.305s] DEBUG:colcon.colcon_core.event_handler.log_command:Invoked command in '/home/ubuntu/DishBot/build/disbot_controller' returned '0': CMAKE_PREFIX_PATH=${CMAKE_PREFIX_PATH}:/home/ubuntu/ros2_ws/install/grasp_training:/home/ubuntu/ros2_ws/install/domain_randomization:/opt/ros/jazzy DEBUGINFOD_URLS=https://debuginfod.ubuntu.com /usr/bin/cmake /home/ubuntu/DishBot/src/disbot_controller -DCMAKE_INSTALL_PREFIX=/home/ubuntu/DishBot/install/disbot_controller
[3.309s] DEBUG:colcon.colcon_core.event_handler.log_command:Invoking command in '/home/ubuntu/DishBot/build/disbot_controller': CMAKE_PREFIX_PATH=${CMAKE_PREFIX_PATH}:/home/ubuntu/ros2_ws/install/grasp_training:/home/ubuntu/ros2_ws/install/domain_randomization:/opt/ros/jazzy DEBUGINFOD_URLS=https://debuginfod.ubuntu.com /usr/bin/cmake --build /home/ubuntu/DishBot/build/disbot_controller -- -j12 -l12
[3.392s] DEBUG:colcon.colcon_core.event_handler.log_command:Invoked command in '/home/ubuntu/DishBot/build/disbot_controller' returned '0': CMAKE_PREFIX_PATH=${CMAKE_PREFIX_PATH}:/home/ubuntu/ros2_ws/install/grasp_training:/home/ubuntu/ros2_ws/install/domain_randomization:/opt/ros/jazzy DEBUGINFOD_URLS=https://debuginfod.ubuntu.com /usr/bin/cmake --build /home/ubuntu/DishBot/build/disbot_controller -- -j12 -l12
[3.407s] DEBUG:colcon.colcon_core.event_handler.log_command:Invoking command in '/home/ubuntu/DishBot/build/disbot_controller': CMAKE_PREFIX_PATH=${CMAKE_PREFIX_PATH}:/home/ubuntu/ros2_ws/install/grasp_training:/home/ubuntu/ros2_ws/install/domain_randomization:/opt/ros/jazzy DEBUGINFOD_URLS=https://debuginfod.ubuntu.com /usr/bin/cmake --install /home/ubuntu/DishBot/build/disbot_controller
[3.424s] Level 1:colcon.colcon_core.environment:create_environment_scripts_only(disbot_controller)
[3.425s] DEBUG:colcon.colcon_core.event_handler.log_command:Invoked command in '/home/ubuntu/DishBot/build/disbot_controller' returned '0': CMAKE_PREFIX_PATH=${CMAKE_PREFIX_PATH}:/home/ubuntu/ros2_ws/install/grasp_training:/home/ubuntu/ros2_ws/install/domain_randomization:/opt/ros/jazzy DEBUGINFOD_URLS=https://debuginfod.ubuntu.com /usr/bin/cmake --install /home/ubuntu/DishBot/build/disbot_controller
[3.434s] Level 1:colcon.colcon_core.environment:checking '/home/ubuntu/DishBot/install/disbot_controller' for CMake module files
[3.435s] Level 1:colcon.colcon_core.environment:checking '/home/ubuntu/DishBot/install/disbot_controller' for CMake config files
[3.435s] Level 1:colcon.colcon_core.shell:create_environment_hook('disbot_controller', 'cmake_prefix_path')
[3.435s] INFO:colcon.colcon_core.shell:Creating environment hook '/home/ubuntu/DishBot/install/disbot_controller/share/disbot_controller/hook/cmake_prefix_path.ps1'
[3.436s] INFO:colcon.colcon_core.shell:Creating environment descriptor '/home/ubuntu/DishBot/install/disbot_controller/share/disbot_controller/hook/cmake_prefix_path.dsv'
[3.437s] INFO:colcon.colcon_core.shell:Creating environment hook '/home/ubuntu/DishBot/install/disbot_controller/share/disbot_controller/hook/cmake_prefix_path.sh'
[3.438s] Level 1:colcon.colcon_core.environment:checking '/home/ubuntu/DishBot/install/disbot_controller/bin'
[3.438s] Level 1:colcon.colcon_core.environment:checking '/home/ubuntu/DishBot/install/disbot_controller/lib/pkgconfig/disbot_controller.pc'
[3.438s] Level 1:colcon.colcon_core.environment:checking '/home/ubuntu/DishBot/install/disbot_controller/lib/python3.12/site-packages'
[3.438s] Level 1:colcon.colcon_core.environment:checking '/home/ubuntu/DishBot/install/disbot_controller/bin'
[3.438s] INFO:colcon.colcon_core.shell:Creating package script '/home/ubuntu/DishBot/install/disbot_controller/share/disbot_controller/package.ps1'
[3.440s] INFO:colcon.colcon_core.shell:Creating package descriptor '/home/ubuntu/DishBot/install/disbot_controller/share/disbot_controller/package.dsv'
[3.444s] INFO:colcon.colcon_core.shell:Creating package script '/home/ubuntu/DishBot/install/disbot_controller/share/disbot_controller/package.sh'
[3.447s] INFO:colcon.colcon_core.shell:Creating package script '/home/ubuntu/DishBot/install/disbot_controller/share/disbot_controller/package.bash'
[3.450s] INFO:colcon.colcon_core.shell:Creating package script '/home/ubuntu/DishBot/install/disbot_controller/share/disbot_controller/package.zsh'
[3.453s] Level 1:colcon.colcon_core.environment:create_file_with_runtime_dependencies(/home/ubuntu/DishBot/install/disbot_controller/share/colcon-core/packages/disbot_controller)
[3.454s] Level 1:colcon.colcon_core.environment:create_environment_scripts_only(disbot_controller)
[3.454s] Level 1:colcon.colcon_core.environment:checking '/home/ubuntu/DishBot/install/disbot_controller' for CMake module files
[3.455s] Level 1:colcon.colcon_core.environment:checking '/home/ubuntu/DishBot/install/disbot_controller' for CMake config files
[3.455s] Level 1:colcon.colcon_core.shell:create_environment_hook('disbot_controller', 'cmake_prefix_path')
[3.456s] INFO:colcon.colcon_core.shell:Creating environment hook '/home/ubuntu/DishBot/install/disbot_controller/share/disbot_controller/hook/cmake_prefix_path.ps1'
[3.458s] INFO:colcon.colcon_core.shell:Creating environment descriptor '/home/ubuntu/DishBot/install/disbot_controller/share/disbot_controller/hook/cmake_prefix_path.dsv'
[3.460s] INFO:colcon.colcon_core.shell:Creating environment hook '/home/ubuntu/DishBot/install/disbot_controller/share/disbot_controller/hook/cmake_prefix_path.sh'
[3.463s] Level 1:colcon.colcon_core.environment:checking '/home/ubuntu/DishBot/install/disbot_controller/bin'
[3.463s] Level 1:colcon.colcon_core.environment:checking '/home/ubuntu/DishBot/install/disbot_controller/lib/pkgconfig/disbot_controller.pc'
[3.464s] Level 1:colcon.colcon_core.environment:checking '/home/ubuntu/DishBot/install/disbot_controller/lib/python3.12/site-packages'
[3.464s] Level 1:colcon.colcon_core.environment:checking '/home/ubuntu/DishBot/install/disbot_controller/bin'
[3.465s] INFO:colcon.colcon_core.shell:Creating package script '/home/ubuntu/DishBot/install/disbot_controller/share/disbot_controller/package.ps1'
[3.467s] INFO:colcon.colcon_core.shell:Creating package descriptor '/home/ubuntu/DishBot/install/disbot_controller/share/disbot_controller/package.dsv'
[3.468s] INFO:colcon.colcon_core.shell:Creating package script '/home/ubuntu/DishBot/install/disbot_controller/share/disbot_controller/package.sh'
[3.469s] INFO:colcon.colcon_core.shell:Creating package script '/home/ubuntu/DishBot/install/disbot_controller/share/disbot_controller/package.bash'
[3.470s] INFO:colcon.colcon_core.shell:Creating package script '/home/ubuntu/DishBot/install/disbot_controller/share/disbot_controller/package.zsh'
[3.471s] Level 1:colcon.colcon_core.environment:create_file_with_runtime_dependencies(/home/ubuntu/DishBot/install/disbot_controller/share/colcon-core/packages/disbot_controller)
[3.472s] DEBUG:colcon.colcon_parallel_executor.executor.parallel:closing loop
[3.473s] DEBUG:colcon.colcon_parallel_executor.executor.parallel:loop closed
[3.473s] DEBUG:colcon.colcon_parallel_executor.executor.parallel:run_until_complete finished with '0'
[3.474s] DEBUG:colcon.colcon_core.event_reactor:joining thread
[3.491s] INFO:colcon.colcon_core.plugin_system:Skipping extension 'colcon_notification.desktop_notification.terminal_notifier': Not used on non-Darwin systems
[3.492s] INFO:colcon.colcon_core.plugin_system:Skipping extension 'colcon_notification.desktop_notification.win32': Not used on non-Windows systems
[3.492s] INFO:colcon.colcon_notification.desktop_notification:Sending desktop notification using 'notify2'
[3.522s] DEBUG:colcon.colcon_core.event_reactor:joined thread
[3.522s] INFO:colcon.colcon_core.shell:Creating prefix script '/home/ubuntu/DishBot/install/local_setup.ps1'
[3.524s] INFO:colcon.colcon_core.shell:Creating prefix util module '/home/ubuntu/DishBot/install/_local_setup_util_ps1.py'
[3.527s] INFO:colcon.colcon_core.shell:Creating prefix chain script '/home/ubuntu/DishBot/install/setup.ps1'
[3.530s] INFO:colcon.colcon_core.shell:Creating prefix script '/home/ubuntu/DishBot/install/local_setup.sh'
[3.532s] INFO:colcon.colcon_core.shell:Creating prefix util module '/home/ubuntu/DishBot/install/_local_setup_util_sh.py'
[3.534s] INFO:colcon.colcon_core.shell:Creating prefix chain script '/home/ubuntu/DishBot/install/setup.sh'
[3.537s] INFO:colcon.colcon_core.shell:Creating prefix script '/home/ubuntu/DishBot/install/local_setup.bash'
[3.538s] INFO:colcon.colcon_core.shell:Creating prefix chain script '/home/ubuntu/DishBot/install/setup.bash'
[3.540s] INFO:colcon.colcon_core.shell:Creating prefix script '/home/ubuntu/DishBot/install/local_setup.zsh'
[3.541s] INFO:colcon.colcon_core.shell:Creating prefix chain script '/home/ubuntu/DishBot/install/setup.zsh'
