[0.346s] DEBUG:colcon:Command line arguments: ['/usr/bin/colcon', 'list', '-p', '--base-paths', '/home/ubuntu/DishBot']
[0.346s] DEBUG:colcon:Parsed command line arguments: Namespace(log_base=None, log_level=None, verb_name='list', build_base='build', ignore_user_meta=False, metas=['./colcon.meta'], base_paths=['/home/ubuntu/DishBot'], packages_ignore=None, packages_ignore_regex=None, paths=None, packages_up_to=None, packages_up_to_regex=None, packages_above=None, packages_above_and_dependencies=None, packages_above_depth=None, packages_select_by_dep=None, packages_skip_by_dep=None, packages_skip_up_to=None, packages_select_build_failed=False, packages_skip_build_finished=False, packages_select_test_failures=False, packages_skip_test_passed=False, packages_select=None, packages_skip=None, packages_select_regex=None, packages_skip_regex=None, packages_start=None, packages_end=None, allow_overriding=[], topological_order=False, names_only=False, paths_only=True, topological_graph=False, topological_graph_dot=False, topological_graph_density=False, topological_graph_legend=False, topological_graph_dot_cluster=False, topological_graph_dot_include_skipped=False, verb_parser=<colcon_defaults.argument_parser.defaults.DefaultArgumentsDecorator object at 0x7e291148df40>, verb_extension=<colcon_package_information.verb.list.ListVerb object at 0x7e291148de80>, main=<bound method ListVerb.main of <colcon_package_information.verb.list.ListVerb object at 0x7e291148de80>>)
[0.469s] Level 1:colcon.colcon_core.package_discovery:discover_packages(colcon_meta) check parameters
[0.470s] Level 1:colcon.colcon_core.package_discovery:discover_packages(recursive) check parameters
[0.470s] Level 1:colcon.colcon_core.package_discovery:discover_packages(ignore) check parameters
[0.470s] Level 1:colcon.colcon_core.package_discovery:discover_packages(path) check parameters
[0.470s] Level 1:colcon.colcon_core.package_discovery:discover_packages(recursive) discover
[0.470s] INFO:colcon.colcon_core.package_discovery:Crawling recursively for packages in '/home/ubuntu/DishBot'
[0.471s] Level 1:colcon.colcon_core.package_identification:_identify(/home/ubuntu/DishBot) by extensions ['ignore', 'ignore_ament_install']
[0.471s] Level 1:colcon.colcon_core.package_identification:_identify(/home/ubuntu/DishBot) by extension 'ignore'
[0.471s] Level 1:colcon.colcon_core.package_identification:_identify(/home/ubuntu/DishBot) by extension 'ignore_ament_install'
[0.472s] Level 1:colcon.colcon_core.package_identification:_identify(/home/ubuntu/DishBot) by extensions ['colcon_pkg']
[0.472s] Level 1:colcon.colcon_core.package_identification:_identify(/home/ubuntu/DishBot) by extension 'colcon_pkg'
[0.472s] Level 1:colcon.colcon_core.package_identification:_identify(/home/ubuntu/DishBot) by extensions ['colcon_meta']
[0.472s] Level 1:colcon.colcon_core.package_identification:_identify(/home/ubuntu/DishBot) by extension 'colcon_meta'
[0.472s] Level 1:colcon.colcon_core.package_identification:_identify(/home/ubuntu/DishBot) by extensions ['ros']
[0.472s] Level 1:colcon.colcon_core.package_identification:_identify(/home/ubuntu/DishBot) by extension 'ros'
[0.551s] Level 1:colcon.colcon_core.package_identification:_identify(/home/ubuntu/DishBot) by extensions ['cmake', 'python']
[0.551s] Level 1:colcon.colcon_core.package_identification:_identify(/home/ubuntu/DishBot) by extension 'cmake'
[0.551s] Level 1:colcon.colcon_core.package_identification:_identify(/home/ubuntu/DishBot) by extension 'python'
[0.552s] Level 1:colcon.colcon_core.package_identification:_identify(/home/ubuntu/DishBot) by extensions ['python_setup_py']
[0.552s] Level 1:colcon.colcon_core.package_identification:_identify(/home/ubuntu/DishBot) by extension 'python_setup_py'
[0.552s] Level 1:colcon.colcon_core.package_identification:_identify(/home/ubuntu/DishBot/build) by extensions ['ignore', 'ignore_ament_install']
[0.553s] Level 1:colcon.colcon_core.package_identification:_identify(/home/ubuntu/DishBot/build) by extension 'ignore'
[0.553s] Level 1:colcon.colcon_core.package_identification:_identify(/home/ubuntu/DishBot/build) ignored
[0.553s] Level 1:colcon.colcon_core.package_identification:_identify(/home/ubuntu/DishBot/install) by extensions ['ignore', 'ignore_ament_install']
[0.554s] Level 1:colcon.colcon_core.package_identification:_identify(/home/ubuntu/DishBot/install) by extension 'ignore'
[0.554s] Level 1:colcon.colcon_core.package_identification:_identify(/home/ubuntu/DishBot/install) ignored
[0.554s] Level 1:colcon.colcon_core.package_identification:_identify(/home/ubuntu/DishBot/log) by extensions ['ignore', 'ignore_ament_install']
[0.554s] Level 1:colcon.colcon_core.package_identification:_identify(/home/ubuntu/DishBot/log) by extension 'ignore'
[0.555s] Level 1:colcon.colcon_core.package_identification:_identify(/home/ubuntu/DishBot/log) ignored
[0.555s] Level 1:colcon.colcon_core.package_identification:_identify(/home/ubuntu/DishBot/src) by extensions ['ignore', 'ignore_ament_install']
[0.555s] Level 1:colcon.colcon_core.package_identification:_identify(/home/ubuntu/DishBot/src) by extension 'ignore'
[0.555s] Level 1:colcon.colcon_core.package_identification:_identify(/home/ubuntu/DishBot/src) by extension 'ignore_ament_install'
[0.555s] Level 1:colcon.colcon_core.package_identification:_identify(/home/ubuntu/DishBot/src) by extensions ['colcon_pkg']
[0.556s] Level 1:colcon.colcon_core.package_identification:_identify(/home/ubuntu/DishBot/src) by extension 'colcon_pkg'
[0.556s] Level 1:colcon.colcon_core.package_identification:_identify(/home/ubuntu/DishBot/src) by extensions ['colcon_meta']
[0.556s] Level 1:colcon.colcon_core.package_identification:_identify(/home/ubuntu/DishBot/src) by extension 'colcon_meta'
[0.556s] Level 1:colcon.colcon_core.package_identification:_identify(/home/ubuntu/DishBot/src) by extensions ['ros']
[0.556s] Level 1:colcon.colcon_core.package_identification:_identify(/home/ubuntu/DishBot/src) by extension 'ros'
[0.557s] Level 1:colcon.colcon_core.package_identification:_identify(/home/ubuntu/DishBot/src) by extensions ['cmake', 'python']
[0.557s] Level 1:colcon.colcon_core.package_identification:_identify(/home/ubuntu/DishBot/src) by extension 'cmake'
[0.557s] Level 1:colcon.colcon_core.package_identification:_identify(/home/ubuntu/DishBot/src) by extension 'python'
[0.557s] Level 1:colcon.colcon_core.package_identification:_identify(/home/ubuntu/DishBot/src) by extensions ['python_setup_py']
[0.557s] Level 1:colcon.colcon_core.package_identification:_identify(/home/ubuntu/DishBot/src) by extension 'python_setup_py'
[0.557s] Level 1:colcon.colcon_core.package_identification:_identify(/home/ubuntu/DishBot/src/disbot_controller) by extensions ['ignore', 'ignore_ament_install']
[0.558s] Level 1:colcon.colcon_core.package_identification:_identify(/home/ubuntu/DishBot/src/disbot_controller) by extension 'ignore'
[0.558s] Level 1:colcon.colcon_core.package_identification:_identify(/home/ubuntu/DishBot/src/disbot_controller) by extension 'ignore_ament_install'
[0.558s] Level 1:colcon.colcon_core.package_identification:_identify(/home/ubuntu/DishBot/src/disbot_controller) by extensions ['colcon_pkg']
[0.558s] Level 1:colcon.colcon_core.package_identification:_identify(/home/ubuntu/DishBot/src/disbot_controller) by extension 'colcon_pkg'
[0.558s] Level 1:colcon.colcon_core.package_identification:_identify(/home/ubuntu/DishBot/src/disbot_controller) by extensions ['colcon_meta']
[0.558s] Level 1:colcon.colcon_core.package_identification:_identify(/home/ubuntu/DishBot/src/disbot_controller) by extension 'colcon_meta'
[0.559s] Level 1:colcon.colcon_core.package_identification:_identify(/home/ubuntu/DishBot/src/disbot_controller) by extensions ['ros']
[0.559s] Level 1:colcon.colcon_core.package_identification:_identify(/home/ubuntu/DishBot/src/disbot_controller) by extension 'ros'
[0.566s] DEBUG:colcon.colcon_core.package_identification:Package '/home/ubuntu/DishBot/src/disbot_controller' with type 'ros.ament_cmake' and name 'disbot_controller'
[0.566s] Level 1:colcon.colcon_core.package_identification:_identify(/home/ubuntu/DishBot/src/ros2_kortex) by extensions ['ignore', 'ignore_ament_install']
[0.567s] Level 1:colcon.colcon_core.package_identification:_identify(/home/ubuntu/DishBot/src/ros2_kortex) by extension 'ignore'
[0.567s] Level 1:colcon.colcon_core.package_identification:_identify(/home/ubuntu/DishBot/src/ros2_kortex) by extension 'ignore_ament_install'
[0.567s] Level 1:colcon.colcon_core.package_identification:_identify(/home/ubuntu/DishBot/src/ros2_kortex) by extensions ['colcon_pkg']
[0.567s] Level 1:colcon.colcon_core.package_identification:_identify(/home/ubuntu/DishBot/src/ros2_kortex) by extension 'colcon_pkg'
[0.568s] Level 1:colcon.colcon_core.package_identification:_identify(/home/ubuntu/DishBot/src/ros2_kortex) by extensions ['colcon_meta']
[0.568s] Level 1:colcon.colcon_core.package_identification:_identify(/home/ubuntu/DishBot/src/ros2_kortex) by extension 'colcon_meta'
[0.568s] Level 1:colcon.colcon_core.package_identification:_identify(/home/ubuntu/DishBot/src/ros2_kortex) by extensions ['ros']
[0.568s] Level 1:colcon.colcon_core.package_identification:_identify(/home/ubuntu/DishBot/src/ros2_kortex) by extension 'ros'
[0.568s] Level 1:colcon.colcon_core.package_identification:_identify(/home/ubuntu/DishBot/src/ros2_kortex) by extensions ['cmake', 'python']
[0.568s] Level 1:colcon.colcon_core.package_identification:_identify(/home/ubuntu/DishBot/src/ros2_kortex) by extension 'cmake'
[0.569s] Level 1:colcon.colcon_core.package_identification:_identify(/home/ubuntu/DishBot/src/ros2_kortex) by extension 'python'
[0.569s] Level 1:colcon.colcon_core.package_identification:_identify(/home/ubuntu/DishBot/src/ros2_kortex) by extensions ['python_setup_py']
[0.569s] Level 1:colcon.colcon_core.package_identification:_identify(/home/ubuntu/DishBot/src/ros2_kortex) by extension 'python_setup_py'
[0.569s] Level 1:colcon.colcon_core.package_identification:_identify(/home/ubuntu/DishBot/src/ros2_kortex/3rdParty) by extensions ['ignore', 'ignore_ament_install']
[0.570s] Level 1:colcon.colcon_core.package_identification:_identify(/home/ubuntu/DishBot/src/ros2_kortex/3rdParty) by extension 'ignore'
[0.570s] Level 1:colcon.colcon_core.package_identification:_identify(/home/ubuntu/DishBot/src/ros2_kortex/3rdParty) by extension 'ignore_ament_install'
[0.570s] Level 1:colcon.colcon_core.package_identification:_identify(/home/ubuntu/DishBot/src/ros2_kortex/3rdParty) by extensions ['colcon_pkg']
[0.570s] Level 1:colcon.colcon_core.package_identification:_identify(/home/ubuntu/DishBot/src/ros2_kortex/3rdParty) by extension 'colcon_pkg'
[0.570s] Level 1:colcon.colcon_core.package_identification:_identify(/home/ubuntu/DishBot/src/ros2_kortex/3rdParty) by extensions ['colcon_meta']
[0.570s] Level 1:colcon.colcon_core.package_identification:_identify(/home/ubuntu/DishBot/src/ros2_kortex/3rdParty) by extension 'colcon_meta'
[0.570s] Level 1:colcon.colcon_core.package_identification:_identify(/home/ubuntu/DishBot/src/ros2_kortex/3rdParty) by extensions ['ros']
[0.570s] Level 1:colcon.colcon_core.package_identification:_identify(/home/ubuntu/DishBot/src/ros2_kortex/3rdParty) by extension 'ros'
[0.571s] Level 1:colcon.colcon_core.package_identification:_identify(/home/ubuntu/DishBot/src/ros2_kortex/3rdParty) by extensions ['cmake', 'python']
[0.571s] Level 1:colcon.colcon_core.package_identification:_identify(/home/ubuntu/DishBot/src/ros2_kortex/3rdParty) by extension 'cmake'
[0.571s] Level 1:colcon.colcon_core.package_identification:_identify(/home/ubuntu/DishBot/src/ros2_kortex/3rdParty) by extension 'python'
[0.571s] Level 1:colcon.colcon_core.package_identification:_identify(/home/ubuntu/DishBot/src/ros2_kortex/3rdParty) by extensions ['python_setup_py']
[0.571s] Level 1:colcon.colcon_core.package_identification:_identify(/home/ubuntu/DishBot/src/ros2_kortex/3rdParty) by extension 'python_setup_py'
[0.572s] Level 1:colcon.colcon_core.package_identification:_identify(/home/ubuntu/DishBot/src/ros2_kortex/3rdParty/Mobile_platform_integration) by extensions ['ignore', 'ignore_ament_install']
[0.572s] Level 1:colcon.colcon_core.package_identification:_identify(/home/ubuntu/DishBot/src/ros2_kortex/3rdParty/Mobile_platform_integration) by extension 'ignore'
[0.572s] Level 1:colcon.colcon_core.package_identification:_identify(/home/ubuntu/DishBot/src/ros2_kortex/3rdParty/Mobile_platform_integration) by extension 'ignore_ament_install'
[0.572s] Level 1:colcon.colcon_core.package_identification:_identify(/home/ubuntu/DishBot/src/ros2_kortex/3rdParty/Mobile_platform_integration) by extensions ['colcon_pkg']
[0.572s] Level 1:colcon.colcon_core.package_identification:_identify(/home/ubuntu/DishBot/src/ros2_kortex/3rdParty/Mobile_platform_integration) by extension 'colcon_pkg'
[0.573s] Level 1:colcon.colcon_core.package_identification:_identify(/home/ubuntu/DishBot/src/ros2_kortex/3rdParty/Mobile_platform_integration) by extensions ['colcon_meta']
[0.573s] Level 1:colcon.colcon_core.package_identification:_identify(/home/ubuntu/DishBot/src/ros2_kortex/3rdParty/Mobile_platform_integration) by extension 'colcon_meta'
[0.573s] Level 1:colcon.colcon_core.package_identification:_identify(/home/ubuntu/DishBot/src/ros2_kortex/3rdParty/Mobile_platform_integration) by extensions ['ros']
[0.573s] Level 1:colcon.colcon_core.package_identification:_identify(/home/ubuntu/DishBot/src/ros2_kortex/3rdParty/Mobile_platform_integration) by extension 'ros'
[0.573s] Level 1:colcon.colcon_core.package_identification:_identify(/home/ubuntu/DishBot/src/ros2_kortex/3rdParty/Mobile_platform_integration) by extensions ['cmake', 'python']
[0.573s] Level 1:colcon.colcon_core.package_identification:_identify(/home/ubuntu/DishBot/src/ros2_kortex/3rdParty/Mobile_platform_integration) by extension 'cmake'
[0.574s] Level 1:colcon.colcon_core.package_identification:_identify(/home/ubuntu/DishBot/src/ros2_kortex/3rdParty/Mobile_platform_integration) by extension 'python'
[0.574s] Level 1:colcon.colcon_core.package_identification:_identify(/home/ubuntu/DishBot/src/ros2_kortex/3rdParty/Mobile_platform_integration) by extensions ['python_setup_py']
[0.574s] Level 1:colcon.colcon_core.package_identification:_identify(/home/ubuntu/DishBot/src/ros2_kortex/3rdParty/Mobile_platform_integration) by extension 'python_setup_py'
[0.574s] Level 1:colcon.colcon_core.package_identification:_identify(/home/ubuntu/DishBot/src/ros2_kortex/3rdParty/Mobile_platform_integration/clearpath) by extensions ['ignore', 'ignore_ament_install']
[0.574s] Level 1:colcon.colcon_core.package_identification:_identify(/home/ubuntu/DishBot/src/ros2_kortex/3rdParty/Mobile_platform_integration/clearpath) by extension 'ignore'
[0.575s] Level 1:colcon.colcon_core.package_identification:_identify(/home/ubuntu/DishBot/src/ros2_kortex/3rdParty/Mobile_platform_integration/clearpath) by extension 'ignore_ament_install'
[0.575s] Level 1:colcon.colcon_core.package_identification:_identify(/home/ubuntu/DishBot/src/ros2_kortex/3rdParty/Mobile_platform_integration/clearpath) by extensions ['colcon_pkg']
[0.575s] Level 1:colcon.colcon_core.package_identification:_identify(/home/ubuntu/DishBot/src/ros2_kortex/3rdParty/Mobile_platform_integration/clearpath) by extension 'colcon_pkg'
[0.575s] Level 1:colcon.colcon_core.package_identification:_identify(/home/ubuntu/DishBot/src/ros2_kortex/3rdParty/Mobile_platform_integration/clearpath) by extensions ['colcon_meta']
[0.575s] Level 1:colcon.colcon_core.package_identification:_identify(/home/ubuntu/DishBot/src/ros2_kortex/3rdParty/Mobile_platform_integration/clearpath) by extension 'colcon_meta'
[0.575s] Level 1:colcon.colcon_core.package_identification:_identify(/home/ubuntu/DishBot/src/ros2_kortex/3rdParty/Mobile_platform_integration/clearpath) by extensions ['ros']
[0.575s] Level 1:colcon.colcon_core.package_identification:_identify(/home/ubuntu/DishBot/src/ros2_kortex/3rdParty/Mobile_platform_integration/clearpath) by extension 'ros'
[0.576s] Level 1:colcon.colcon_core.package_identification:_identify(/home/ubuntu/DishBot/src/ros2_kortex/3rdParty/Mobile_platform_integration/clearpath) by extensions ['cmake', 'python']
[0.576s] Level 1:colcon.colcon_core.package_identification:_identify(/home/ubuntu/DishBot/src/ros2_kortex/3rdParty/Mobile_platform_integration/clearpath) by extension 'cmake'
[0.576s] Level 1:colcon.colcon_core.package_identification:_identify(/home/ubuntu/DishBot/src/ros2_kortex/3rdParty/Mobile_platform_integration/clearpath) by extension 'python'
[0.576s] Level 1:colcon.colcon_core.package_identification:_identify(/home/ubuntu/DishBot/src/ros2_kortex/3rdParty/Mobile_platform_integration/clearpath) by extensions ['python_setup_py']
[0.576s] Level 1:colcon.colcon_core.package_identification:_identify(/home/ubuntu/DishBot/src/ros2_kortex/3rdParty/Mobile_platform_integration/clearpath) by extension 'python_setup_py'
[0.577s] Level 1:colcon.colcon_core.package_identification:_identify(/home/ubuntu/DishBot/src/ros2_kortex/doc) by extensions ['ignore', 'ignore_ament_install']
[0.577s] Level 1:colcon.colcon_core.package_identification:_identify(/home/ubuntu/DishBot/src/ros2_kortex/doc) by extension 'ignore'
[0.577s] Level 1:colcon.colcon_core.package_identification:_identify(/home/ubuntu/DishBot/src/ros2_kortex/doc) by extension 'ignore_ament_install'
[0.577s] Level 1:colcon.colcon_core.package_identification:_identify(/home/ubuntu/DishBot/src/ros2_kortex/doc) by extensions ['colcon_pkg']
[0.577s] Level 1:colcon.colcon_core.package_identification:_identify(/home/ubuntu/DishBot/src/ros2_kortex/doc) by extension 'colcon_pkg'
[0.578s] Level 1:colcon.colcon_core.package_identification:_identify(/home/ubuntu/DishBot/src/ros2_kortex/doc) by extensions ['colcon_meta']
[0.578s] Level 1:colcon.colcon_core.package_identification:_identify(/home/ubuntu/DishBot/src/ros2_kortex/doc) by extension 'colcon_meta'
[0.578s] Level 1:colcon.colcon_core.package_identification:_identify(/home/ubuntu/DishBot/src/ros2_kortex/doc) by extensions ['ros']
[0.578s] Level 1:colcon.colcon_core.package_identification:_identify(/home/ubuntu/DishBot/src/ros2_kortex/doc) by extension 'ros'
[0.578s] Level 1:colcon.colcon_core.package_identification:_identify(/home/ubuntu/DishBot/src/ros2_kortex/doc) by extensions ['cmake', 'python']
[0.578s] Level 1:colcon.colcon_core.package_identification:_identify(/home/ubuntu/DishBot/src/ros2_kortex/doc) by extension 'cmake'
[0.579s] Level 1:colcon.colcon_core.package_identification:_identify(/home/ubuntu/DishBot/src/ros2_kortex/doc) by extension 'python'
[0.579s] Level 1:colcon.colcon_core.package_identification:_identify(/home/ubuntu/DishBot/src/ros2_kortex/doc) by extensions ['python_setup_py']
[0.579s] Level 1:colcon.colcon_core.package_identification:_identify(/home/ubuntu/DishBot/src/ros2_kortex/doc) by extension 'python_setup_py'
[0.579s] Level 1:colcon.colcon_core.package_identification:_identify(/home/ubuntu/DishBot/src/ros2_kortex/doc/resources) by extensions ['ignore', 'ignore_ament_install']
[0.579s] Level 1:colcon.colcon_core.package_identification:_identify(/home/ubuntu/DishBot/src/ros2_kortex/doc/resources) by extension 'ignore'
[0.580s] Level 1:colcon.colcon_core.package_identification:_identify(/home/ubuntu/DishBot/src/ros2_kortex/doc/resources) by extension 'ignore_ament_install'
[0.580s] Level 1:colcon.colcon_core.package_identification:_identify(/home/ubuntu/DishBot/src/ros2_kortex/doc/resources) by extensions ['colcon_pkg']
[0.580s] Level 1:colcon.colcon_core.package_identification:_identify(/home/ubuntu/DishBot/src/ros2_kortex/doc/resources) by extension 'colcon_pkg'
[0.580s] Level 1:colcon.colcon_core.package_identification:_identify(/home/ubuntu/DishBot/src/ros2_kortex/doc/resources) by extensions ['colcon_meta']
[0.580s] Level 1:colcon.colcon_core.package_identification:_identify(/home/ubuntu/DishBot/src/ros2_kortex/doc/resources) by extension 'colcon_meta'
[0.581s] Level 1:colcon.colcon_core.package_identification:_identify(/home/ubuntu/DishBot/src/ros2_kortex/doc/resources) by extensions ['ros']
[0.581s] Level 1:colcon.colcon_core.package_identification:_identify(/home/ubuntu/DishBot/src/ros2_kortex/doc/resources) by extension 'ros'
[0.581s] Level 1:colcon.colcon_core.package_identification:_identify(/home/ubuntu/DishBot/src/ros2_kortex/doc/resources) by extensions ['cmake', 'python']
[0.581s] Level 1:colcon.colcon_core.package_identification:_identify(/home/ubuntu/DishBot/src/ros2_kortex/doc/resources) by extension 'cmake'
[0.581s] Level 1:colcon.colcon_core.package_identification:_identify(/home/ubuntu/DishBot/src/ros2_kortex/doc/resources) by extension 'python'
[0.581s] Level 1:colcon.colcon_core.package_identification:_identify(/home/ubuntu/DishBot/src/ros2_kortex/doc/resources) by extensions ['python_setup_py']
[0.581s] Level 1:colcon.colcon_core.package_identification:_identify(/home/ubuntu/DishBot/src/ros2_kortex/doc/resources) by extension 'python_setup_py'
[0.582s] Level 1:colcon.colcon_core.package_identification:_identify(/home/ubuntu/DishBot/src/ros2_kortex/kortex_api) by extensions ['ignore', 'ignore_ament_install']
[0.582s] Level 1:colcon.colcon_core.package_identification:_identify(/home/ubuntu/DishBot/src/ros2_kortex/kortex_api) by extension 'ignore'
[0.582s] Level 1:colcon.colcon_core.package_identification:_identify(/home/ubuntu/DishBot/src/ros2_kortex/kortex_api) by extension 'ignore_ament_install'
[0.582s] Level 1:colcon.colcon_core.package_identification:_identify(/home/ubuntu/DishBot/src/ros2_kortex/kortex_api) by extensions ['colcon_pkg']
[0.583s] Level 1:colcon.colcon_core.package_identification:_identify(/home/ubuntu/DishBot/src/ros2_kortex/kortex_api) by extension 'colcon_pkg'
[0.583s] Level 1:colcon.colcon_core.package_identification:_identify(/home/ubuntu/DishBot/src/ros2_kortex/kortex_api) by extensions ['colcon_meta']
[0.583s] Level 1:colcon.colcon_core.package_identification:_identify(/home/ubuntu/DishBot/src/ros2_kortex/kortex_api) by extension 'colcon_meta'
[0.583s] Level 1:colcon.colcon_core.package_identification:_identify(/home/ubuntu/DishBot/src/ros2_kortex/kortex_api) by extensions ['ros']
[0.583s] Level 1:colcon.colcon_core.package_identification:_identify(/home/ubuntu/DishBot/src/ros2_kortex/kortex_api) by extension 'ros'
[0.587s] DEBUG:colcon.colcon_core.package_identification:Package '/home/ubuntu/DishBot/src/ros2_kortex/kortex_api' with type 'ros.ament_cmake' and name 'kortex_api'
[0.588s] Level 1:colcon.colcon_core.package_identification:_identify(/home/ubuntu/DishBot/src/ros2_kortex/kortex_bringup) by extensions ['ignore', 'ignore_ament_install']
[0.588s] Level 1:colcon.colcon_core.package_identification:_identify(/home/ubuntu/DishBot/src/ros2_kortex/kortex_bringup) by extension 'ignore'
[0.589s] Level 1:colcon.colcon_core.package_identification:_identify(/home/ubuntu/DishBot/src/ros2_kortex/kortex_bringup) by extension 'ignore_ament_install'
[0.589s] Level 1:colcon.colcon_core.package_identification:_identify(/home/ubuntu/DishBot/src/ros2_kortex/kortex_bringup) by extensions ['colcon_pkg']
[0.589s] Level 1:colcon.colcon_core.package_identification:_identify(/home/ubuntu/DishBot/src/ros2_kortex/kortex_bringup) by extension 'colcon_pkg'
[0.590s] Level 1:colcon.colcon_core.package_identification:_identify(/home/ubuntu/DishBot/src/ros2_kortex/kortex_bringup) by extensions ['colcon_meta']
[0.590s] Level 1:colcon.colcon_core.package_identification:_identify(/home/ubuntu/DishBot/src/ros2_kortex/kortex_bringup) by extension 'colcon_meta'
[0.590s] Level 1:colcon.colcon_core.package_identification:_identify(/home/ubuntu/DishBot/src/ros2_kortex/kortex_bringup) by extensions ['ros']
[0.590s] Level 1:colcon.colcon_core.package_identification:_identify(/home/ubuntu/DishBot/src/ros2_kortex/kortex_bringup) by extension 'ros'
[0.593s] DEBUG:colcon.colcon_core.package_identification:Package '/home/ubuntu/DishBot/src/ros2_kortex/kortex_bringup' with type 'ros.ament_cmake' and name 'kortex_bringup'
[0.594s] Level 1:colcon.colcon_core.package_identification:_identify(/home/ubuntu/DishBot/src/ros2_kortex/kortex_description) by extensions ['ignore', 'ignore_ament_install']
[0.594s] Level 1:colcon.colcon_core.package_identification:_identify(/home/ubuntu/DishBot/src/ros2_kortex/kortex_description) by extension 'ignore'
[0.594s] Level 1:colcon.colcon_core.package_identification:_identify(/home/ubuntu/DishBot/src/ros2_kortex/kortex_description) by extension 'ignore_ament_install'
[0.595s] Level 1:colcon.colcon_core.package_identification:_identify(/home/ubuntu/DishBot/src/ros2_kortex/kortex_description) by extensions ['colcon_pkg']
[0.595s] Level 1:colcon.colcon_core.package_identification:_identify(/home/ubuntu/DishBot/src/ros2_kortex/kortex_description) by extension 'colcon_pkg'
[0.595s] Level 1:colcon.colcon_core.package_identification:_identify(/home/ubuntu/DishBot/src/ros2_kortex/kortex_description) by extensions ['colcon_meta']
[0.595s] Level 1:colcon.colcon_core.package_identification:_identify(/home/ubuntu/DishBot/src/ros2_kortex/kortex_description) by extension 'colcon_meta'
[0.596s] Level 1:colcon.colcon_core.package_identification:_identify(/home/ubuntu/DishBot/src/ros2_kortex/kortex_description) by extensions ['ros']
[0.596s] Level 1:colcon.colcon_core.package_identification:_identify(/home/ubuntu/DishBot/src/ros2_kortex/kortex_description) by extension 'ros'
[0.598s] DEBUG:colcon.colcon_core.package_identification:Package '/home/ubuntu/DishBot/src/ros2_kortex/kortex_description' with type 'ros.ament_cmake' and name 'kortex_description'
[0.598s] Level 1:colcon.colcon_core.package_identification:_identify(/home/ubuntu/DishBot/src/ros2_kortex/kortex_driver) by extensions ['ignore', 'ignore_ament_install']
[0.599s] Level 1:colcon.colcon_core.package_identification:_identify(/home/ubuntu/DishBot/src/ros2_kortex/kortex_driver) by extension 'ignore'
[0.599s] Level 1:colcon.colcon_core.package_identification:_identify(/home/ubuntu/DishBot/src/ros2_kortex/kortex_driver) by extension 'ignore_ament_install'
[0.600s] Level 1:colcon.colcon_core.package_identification:_identify(/home/ubuntu/DishBot/src/ros2_kortex/kortex_driver) by extensions ['colcon_pkg']
[0.600s] Level 1:colcon.colcon_core.package_identification:_identify(/home/ubuntu/DishBot/src/ros2_kortex/kortex_driver) by extension 'colcon_pkg'
[0.600s] Level 1:colcon.colcon_core.package_identification:_identify(/home/ubuntu/DishBot/src/ros2_kortex/kortex_driver) by extensions ['colcon_meta']
[0.600s] Level 1:colcon.colcon_core.package_identification:_identify(/home/ubuntu/DishBot/src/ros2_kortex/kortex_driver) by extension 'colcon_meta'
[0.601s] Level 1:colcon.colcon_core.package_identification:_identify(/home/ubuntu/DishBot/src/ros2_kortex/kortex_driver) by extensions ['ros']
[0.601s] Level 1:colcon.colcon_core.package_identification:_identify(/home/ubuntu/DishBot/src/ros2_kortex/kortex_driver) by extension 'ros'
[0.603s] DEBUG:colcon.colcon_core.package_identification:Package '/home/ubuntu/DishBot/src/ros2_kortex/kortex_driver' with type 'ros.ament_cmake' and name 'kortex_driver'
[0.603s] Level 1:colcon.colcon_core.package_identification:_identify(/home/ubuntu/DishBot/src/ros2_kortex/kortex_moveit_config) by extensions ['ignore', 'ignore_ament_install']
[0.603s] Level 1:colcon.colcon_core.package_identification:_identify(/home/ubuntu/DishBot/src/ros2_kortex/kortex_moveit_config) by extension 'ignore'
[0.604s] Level 1:colcon.colcon_core.package_identification:_identify(/home/ubuntu/DishBot/src/ros2_kortex/kortex_moveit_config) by extension 'ignore_ament_install'
[0.604s] Level 1:colcon.colcon_core.package_identification:_identify(/home/ubuntu/DishBot/src/ros2_kortex/kortex_moveit_config) by extensions ['colcon_pkg']
[0.604s] Level 1:colcon.colcon_core.package_identification:_identify(/home/ubuntu/DishBot/src/ros2_kortex/kortex_moveit_config) by extension 'colcon_pkg'
[0.604s] Level 1:colcon.colcon_core.package_identification:_identify(/home/ubuntu/DishBot/src/ros2_kortex/kortex_moveit_config) by extensions ['colcon_meta']
[0.604s] Level 1:colcon.colcon_core.package_identification:_identify(/home/ubuntu/DishBot/src/ros2_kortex/kortex_moveit_config) by extension 'colcon_meta'
[0.604s] Level 1:colcon.colcon_core.package_identification:_identify(/home/ubuntu/DishBot/src/ros2_kortex/kortex_moveit_config) by extensions ['ros']
[0.604s] Level 1:colcon.colcon_core.package_identification:_identify(/home/ubuntu/DishBot/src/ros2_kortex/kortex_moveit_config) by extension 'ros'
[0.605s] Level 1:colcon.colcon_core.package_identification:_identify(/home/ubuntu/DishBot/src/ros2_kortex/kortex_moveit_config) by extensions ['cmake', 'python']
[0.605s] Level 1:colcon.colcon_core.package_identification:_identify(/home/ubuntu/DishBot/src/ros2_kortex/kortex_moveit_config) by extension 'cmake'
[0.605s] Level 1:colcon.colcon_core.package_identification:_identify(/home/ubuntu/DishBot/src/ros2_kortex/kortex_moveit_config) by extension 'python'
[0.605s] Level 1:colcon.colcon_core.package_identification:_identify(/home/ubuntu/DishBot/src/ros2_kortex/kortex_moveit_config) by extensions ['python_setup_py']
[0.605s] Level 1:colcon.colcon_core.package_identification:_identify(/home/ubuntu/DishBot/src/ros2_kortex/kortex_moveit_config) by extension 'python_setup_py'
[0.606s] Level 1:colcon.colcon_core.package_identification:_identify(/home/ubuntu/DishBot/src/ros2_kortex/kortex_moveit_config/kinova_gen3_6dof_robotiq_2f_85_moveit_config) by extensions ['ignore', 'ignore_ament_install']
[0.606s] Level 1:colcon.colcon_core.package_identification:_identify(/home/ubuntu/DishBot/src/ros2_kortex/kortex_moveit_config/kinova_gen3_6dof_robotiq_2f_85_moveit_config) by extension 'ignore'
[0.606s] Level 1:colcon.colcon_core.package_identification:_identify(/home/ubuntu/DishBot/src/ros2_kortex/kortex_moveit_config/kinova_gen3_6dof_robotiq_2f_85_moveit_config) by extension 'ignore_ament_install'
[0.606s] Level 1:colcon.colcon_core.package_identification:_identify(/home/ubuntu/DishBot/src/ros2_kortex/kortex_moveit_config/kinova_gen3_6dof_robotiq_2f_85_moveit_config) by extensions ['colcon_pkg']
[0.606s] Level 1:colcon.colcon_core.package_identification:_identify(/home/ubuntu/DishBot/src/ros2_kortex/kortex_moveit_config/kinova_gen3_6dof_robotiq_2f_85_moveit_config) by extension 'colcon_pkg'
[0.606s] Level 1:colcon.colcon_core.package_identification:_identify(/home/ubuntu/DishBot/src/ros2_kortex/kortex_moveit_config/kinova_gen3_6dof_robotiq_2f_85_moveit_config) by extensions ['colcon_meta']
[0.606s] Level 1:colcon.colcon_core.package_identification:_identify(/home/ubuntu/DishBot/src/ros2_kortex/kortex_moveit_config/kinova_gen3_6dof_robotiq_2f_85_moveit_config) by extension 'colcon_meta'
[0.607s] Level 1:colcon.colcon_core.package_identification:_identify(/home/ubuntu/DishBot/src/ros2_kortex/kortex_moveit_config/kinova_gen3_6dof_robotiq_2f_85_moveit_config) by extensions ['ros']
[0.607s] Level 1:colcon.colcon_core.package_identification:_identify(/home/ubuntu/DishBot/src/ros2_kortex/kortex_moveit_config/kinova_gen3_6dof_robotiq_2f_85_moveit_config) by extension 'ros'
[0.609s] DEBUG:colcon.colcon_core.package_identification:Package '/home/ubuntu/DishBot/src/ros2_kortex/kortex_moveit_config/kinova_gen3_6dof_robotiq_2f_85_moveit_config' with type 'ros.ament_cmake' and name 'kinova_gen3_6dof_robotiq_2f_85_moveit_config'
[0.609s] Level 1:colcon.colcon_core.package_identification:_identify(/home/ubuntu/DishBot/src/ros2_kortex/kortex_moveit_config/kinova_gen3_7dof_robotiq_2f_85_moveit_config) by extensions ['ignore', 'ignore_ament_install']
[0.610s] Level 1:colcon.colcon_core.package_identification:_identify(/home/ubuntu/DishBot/src/ros2_kortex/kortex_moveit_config/kinova_gen3_7dof_robotiq_2f_85_moveit_config) by extension 'ignore'
[0.610s] Level 1:colcon.colcon_core.package_identification:_identify(/home/ubuntu/DishBot/src/ros2_kortex/kortex_moveit_config/kinova_gen3_7dof_robotiq_2f_85_moveit_config) by extension 'ignore_ament_install'
[0.610s] Level 1:colcon.colcon_core.package_identification:_identify(/home/ubuntu/DishBot/src/ros2_kortex/kortex_moveit_config/kinova_gen3_7dof_robotiq_2f_85_moveit_config) by extensions ['colcon_pkg']
[0.610s] Level 1:colcon.colcon_core.package_identification:_identify(/home/ubuntu/DishBot/src/ros2_kortex/kortex_moveit_config/kinova_gen3_7dof_robotiq_2f_85_moveit_config) by extension 'colcon_pkg'
[0.610s] Level 1:colcon.colcon_core.package_identification:_identify(/home/ubuntu/DishBot/src/ros2_kortex/kortex_moveit_config/kinova_gen3_7dof_robotiq_2f_85_moveit_config) by extensions ['colcon_meta']
[0.610s] Level 1:colcon.colcon_core.package_identification:_identify(/home/ubuntu/DishBot/src/ros2_kortex/kortex_moveit_config/kinova_gen3_7dof_robotiq_2f_85_moveit_config) by extension 'colcon_meta'
[0.611s] Level 1:colcon.colcon_core.package_identification:_identify(/home/ubuntu/DishBot/src/ros2_kortex/kortex_moveit_config/kinova_gen3_7dof_robotiq_2f_85_moveit_config) by extensions ['ros']
[0.611s] Level 1:colcon.colcon_core.package_identification:_identify(/home/ubuntu/DishBot/src/ros2_kortex/kortex_moveit_config/kinova_gen3_7dof_robotiq_2f_85_moveit_config) by extension 'ros'
[0.613s] DEBUG:colcon.colcon_core.package_identification:Package '/home/ubuntu/DishBot/src/ros2_kortex/kortex_moveit_config/kinova_gen3_7dof_robotiq_2f_85_moveit_config' with type 'ros.ament_cmake' and name 'kinova_gen3_7dof_robotiq_2f_85_moveit_config'
[0.613s] Level 1:colcon.colcon_core.package_identification:_identify(/home/ubuntu/DishBot/src/ros2_kortex/kortex_moveit_config/kinova_gen3_lite_moveit_config) by extensions ['ignore', 'ignore_ament_install']
[0.613s] Level 1:colcon.colcon_core.package_identification:_identify(/home/ubuntu/DishBot/src/ros2_kortex/kortex_moveit_config/kinova_gen3_lite_moveit_config) by extension 'ignore'
[0.614s] Level 1:colcon.colcon_core.package_identification:_identify(/home/ubuntu/DishBot/src/ros2_kortex/kortex_moveit_config/kinova_gen3_lite_moveit_config) by extension 'ignore_ament_install'
[0.614s] Level 1:colcon.colcon_core.package_identification:_identify(/home/ubuntu/DishBot/src/ros2_kortex/kortex_moveit_config/kinova_gen3_lite_moveit_config) by extensions ['colcon_pkg']
[0.614s] Level 1:colcon.colcon_core.package_identification:_identify(/home/ubuntu/DishBot/src/ros2_kortex/kortex_moveit_config/kinova_gen3_lite_moveit_config) by extension 'colcon_pkg'
[0.614s] Level 1:colcon.colcon_core.package_identification:_identify(/home/ubuntu/DishBot/src/ros2_kortex/kortex_moveit_config/kinova_gen3_lite_moveit_config) by extensions ['colcon_meta']
[0.614s] Level 1:colcon.colcon_core.package_identification:_identify(/home/ubuntu/DishBot/src/ros2_kortex/kortex_moveit_config/kinova_gen3_lite_moveit_config) by extension 'colcon_meta'
[0.614s] Level 1:colcon.colcon_core.package_identification:_identify(/home/ubuntu/DishBot/src/ros2_kortex/kortex_moveit_config/kinova_gen3_lite_moveit_config) by extensions ['ros']
[0.614s] Level 1:colcon.colcon_core.package_identification:_identify(/home/ubuntu/DishBot/src/ros2_kortex/kortex_moveit_config/kinova_gen3_lite_moveit_config) by extension 'ros'
[0.617s] DEBUG:colcon.colcon_core.package_identification:Package '/home/ubuntu/DishBot/src/ros2_kortex/kortex_moveit_config/kinova_gen3_lite_moveit_config' with type 'ros.ament_cmake' and name 'kinova_gen3_lite_moveit_config'
[0.617s] Level 1:colcon.colcon_core.package_identification:_identify(/home/ubuntu/DishBot/src/ros2_kortex/kortex_moveit_config/launch) by extensions ['ignore', 'ignore_ament_install']
[0.618s] Level 1:colcon.colcon_core.package_identification:_identify(/home/ubuntu/DishBot/src/ros2_kortex/kortex_moveit_config/launch) by extension 'ignore'
[0.618s] Level 1:colcon.colcon_core.package_identification:_identify(/home/ubuntu/DishBot/src/ros2_kortex/kortex_moveit_config/launch) by extension 'ignore_ament_install'
[0.618s] Level 1:colcon.colcon_core.package_identification:_identify(/home/ubuntu/DishBot/src/ros2_kortex/kortex_moveit_config/launch) by extensions ['colcon_pkg']
[0.618s] Level 1:colcon.colcon_core.package_identification:_identify(/home/ubuntu/DishBot/src/ros2_kortex/kortex_moveit_config/launch) by extension 'colcon_pkg'
[0.618s] Level 1:colcon.colcon_core.package_identification:_identify(/home/ubuntu/DishBot/src/ros2_kortex/kortex_moveit_config/launch) by extensions ['colcon_meta']
[0.618s] Level 1:colcon.colcon_core.package_identification:_identify(/home/ubuntu/DishBot/src/ros2_kortex/kortex_moveit_config/launch) by extension 'colcon_meta'
[0.619s] Level 1:colcon.colcon_core.package_identification:_identify(/home/ubuntu/DishBot/src/ros2_kortex/kortex_moveit_config/launch) by extensions ['ros']
[0.619s] Level 1:colcon.colcon_core.package_identification:_identify(/home/ubuntu/DishBot/src/ros2_kortex/kortex_moveit_config/launch) by extension 'ros'
[0.619s] Level 1:colcon.colcon_core.package_identification:_identify(/home/ubuntu/DishBot/src/ros2_kortex/kortex_moveit_config/launch) by extensions ['cmake', 'python']
[0.619s] Level 1:colcon.colcon_core.package_identification:_identify(/home/ubuntu/DishBot/src/ros2_kortex/kortex_moveit_config/launch) by extension 'cmake'
[0.619s] Level 1:colcon.colcon_core.package_identification:_identify(/home/ubuntu/DishBot/src/ros2_kortex/kortex_moveit_config/launch) by extension 'python'
[0.619s] Level 1:colcon.colcon_core.package_identification:_identify(/home/ubuntu/DishBot/src/ros2_kortex/kortex_moveit_config/launch) by extensions ['python_setup_py']
[0.619s] Level 1:colcon.colcon_core.package_identification:_identify(/home/ubuntu/DishBot/src/ros2_kortex/kortex_moveit_config/launch) by extension 'python_setup_py'
[0.620s] Level 1:colcon.colcon_core.package_discovery:discover_packages(recursive) using defaults
