[0.032s] Invoking command in '/home/ubuntu/DishBot/build/table_plate_demo': CMAKE_PREFIX_PATH=${CMAKE_PREFIX_PATH}:/home/ubuntu/ros2_ws/install/grasp_training:/home/ubuntu/ros2_ws/install/domain_randomization:/opt/ros/jazzy DEBUGINFOD_URLS=https://debuginfod.ubuntu.com /usr/bin/cmake --build /home/ubuntu/DishBot/build/table_plate_demo -- -j12 -l12
[0.090s] -- Found ament_cmake: 2.5.3 (/opt/ros/jazzy/share/ament_cmake/cmake)
[0.947s] -- Configuring done (0.9s)
[0.954s] -- Generating done (0.0s)
[0.957s] -- Build files have been written to: /home/ubuntu/DishBot/build/table_plate_demo
[1.021s] Invoked command in '/home/ubuntu/DishBot/build/table_plate_demo' returned '0': CMAKE_PREFIX_PATH=${CMAKE_PREFIX_PATH}:/home/ubuntu/ros2_ws/install/grasp_training:/home/ubuntu/ros2_ws/install/domain_randomization:/opt/ros/jazzy DEBUGINFOD_URLS=https://debuginfod.ubuntu.com /usr/bin/cmake --build /home/ubuntu/DishBot/build/table_plate_demo -- -j12 -l12
[1.071s] Invoking command in '/home/ubuntu/DishBot/build/table_plate_demo': CMAKE_PREFIX_PATH=${CMAKE_PREFIX_PATH}:/home/ubuntu/ros2_ws/install/grasp_training:/home/ubuntu/ros2_ws/install/domain_randomization:/opt/ros/jazzy DEBUGINFOD_URLS=https://debuginfod.ubuntu.com /usr/bin/cmake --install /home/ubuntu/DishBot/build/table_plate_demo
[1.104s] -- Install configuration: ""
[1.105s] -- Up-to-date: /home/ubuntu/DishBot/install/table_plate_demo/share/table_plate_demo//launch
[1.105s] -- Installing: /home/ubuntu/DishBot/install/table_plate_demo/share/table_plate_demo//launch/table_plate_demo.launch.py
[1.105s] -- Installing: /home/ubuntu/DishBot/install/table_plate_demo/share/ament_index/resource_index/package_run_dependencies/table_plate_demo
[1.105s] -- Up-to-date: /home/ubuntu/DishBot/install/table_plate_demo/share/ament_index/resource_index/parent_prefix_path/table_plate_demo
[1.105s] -- Up-to-date: /home/ubuntu/DishBot/install/table_plate_demo/share/table_plate_demo/environment/ament_prefix_path.sh
[1.105s] -- Up-to-date: /home/ubuntu/DishBot/install/table_plate_demo/share/table_plate_demo/environment/ament_prefix_path.dsv
[1.105s] -- Up-to-date: /home/ubuntu/DishBot/install/table_plate_demo/share/table_plate_demo/environment/path.sh
[1.106s] -- Up-to-date: /home/ubuntu/DishBot/install/table_plate_demo/share/table_plate_demo/environment/path.dsv
[1.106s] -- Up-to-date: /home/ubuntu/DishBot/install/table_plate_demo/share/table_plate_demo/local_setup.bash
[1.106s] -- Up-to-date: /home/ubuntu/DishBot/install/table_plate_demo/share/table_plate_demo/local_setup.sh
[1.106s] -- Up-to-date: /home/ubuntu/DishBot/install/table_plate_demo/share/table_plate_demo/local_setup.zsh
[1.106s] -- Up-to-date: /home/ubuntu/DishBot/install/table_plate_demo/share/table_plate_demo/local_setup.dsv
[1.106s] -- Up-to-date: /home/ubuntu/DishBot/install/table_plate_demo/share/table_plate_demo/package.dsv
[1.107s] -- Up-to-date: /home/ubuntu/DishBot/install/table_plate_demo/share/ament_index/resource_index/packages/table_plate_demo
[1.107s] -- Up-to-date: /home/ubuntu/DishBot/install/table_plate_demo/share/table_plate_demo/cmake/table_plate_demoConfig.cmake
[1.107s] -- Up-to-date: /home/ubuntu/DishBot/install/table_plate_demo/share/table_plate_demo/cmake/table_plate_demoConfig-version.cmake
[1.107s] -- Installing: /home/ubuntu/DishBot/install/table_plate_demo/share/table_plate_demo/package.xml
[1.111s] Invoked command in '/home/ubuntu/DishBot/build/table_plate_demo' returned '0': CMAKE_PREFIX_PATH=${CMAKE_PREFIX_PATH}:/home/ubuntu/ros2_ws/install/grasp_training:/home/ubuntu/ros2_ws/install/domain_randomization:/opt/ros/jazzy DEBUGINFOD_URLS=https://debuginfod.ubuntu.com /usr/bin/cmake --install /home/ubuntu/DishBot/build/table_plate_demo
