[0.045s] Invoking command in '/home/ubuntu/DishBot/build/kinova_gen3_lite_moveit_config': AMENT_PREFIX_PATH=/home/ubuntu/DishBot/install/kortex_description:/home/ubuntu/DishBot/install/gz_ros2_control:${AMENT_PREFIX_PATH} CMAKE_PREFIX_PATH=/home/ubuntu/DishBot/install/kortex_description:/home/ubuntu/DishBot/install/gz_ros2_control:/home/ubuntu/DishBot/install/disbot_controller:/home/ubuntu/ros2_ws/install/kortex_moveit_config:/home/ubuntu/ros2_ws/install/kortex_bringup:/home/ubuntu/ros2_ws/install/kortex_driver:/home/ubuntu/ros2_ws/install/kinova_gen3_lite_moveit_config:/home/ubuntu/ros2_ws/install/kinova_gen3_7dof_robotiq_2f_85_moveit_config:/home/ubuntu/ros2_ws/install/kinova_gen3_6dof_robotiq_2f_85_moveit_config:/home/ubuntu/ros2_ws/install/kortex_description:/home/ubuntu/ros2_ws/install/kortex_api:/home/ubuntu/ros2_ws/install/kinova_scene_demo:/opt/ros/jazzy/opt/gz_sim_vendor:/opt/ros/jazzy/opt/gz_sensors_vendor:/opt/ros/jazzy/opt/gz_physics_vendor:/opt/ros/jazzy/opt/sdformat_vendor:/opt/ros/jazzy/opt/gz_gui_vendor:/opt/ros/jazzy/opt/gz_transport_vendor:/opt/ros/jazzy/opt/gz_rendering_vendor:/opt/ros/jazzy/opt/gz_plugin_vendor:/opt/ros/jazzy/opt/gz_fuel_tools_vendor:/opt/ros/jazzy/opt/gz_msgs_vendor:/opt/ros/jazzy/opt/gz_common_vendor:/opt/ros/jazzy/opt/gz_math_vendor:/opt/ros/jazzy/opt/gz_utils_vendor:/opt/ros/jazzy/opt/gz_tools_vendor:/opt/ros/jazzy/opt/gz_ogre_next_vendor:/opt/ros/jazzy/opt/gz_dartsim_vendor:/opt/ros/jazzy/opt/gz_cmake_vendor:/home/ubuntu/ros2_ws/install/grasp_training:/home/ubuntu/ros2_ws/install/domain_randomization:/opt/ros/jazzy DEBUGINFOD_URLS=https://debuginfod.ubuntu.com LD_LIBRARY_PATH=/home/ubuntu/DishBot/install/gz_ros2_control/lib:${LD_LIBRARY_PATH} /usr/bin/cmake /home/ubuntu/DishBot/src/ros2_kortex/kortex_moveit_config/kinova_gen3_lite_moveit_config -DCMAKE_INSTALL_PREFIX=/home/ubuntu/DishBot/install/kinova_gen3_lite_moveit_config
[0.141s] -- The C compiler identification is GNU 13.3.0
[0.227s] -- The CXX compiler identification is GNU 13.3.0
[0.256s] -- Detecting C compiler ABI info
[0.397s] -- Detecting C compiler ABI info - done
[0.417s] -- Check for working C compiler: /usr/bin/cc - skipped
[0.417s] -- Detecting C compile features
[0.418s] -- Detecting C compile features - done
[0.434s] -- Detecting CXX compiler ABI info
[0.609s] -- Detecting CXX compiler ABI info - done
[0.628s] -- Check for working CXX compiler: /usr/bin/c++ - skipped
[0.628s] -- Detecting CXX compile features
[0.629s] -- Detecting CXX compile features - done
[0.641s] -- Found ament_cmake: 2.5.3 (/opt/ros/jazzy/share/ament_cmake/cmake)
[0.963s] -- Found Python3: /usr/bin/python3 (found version "3.12.3") found components: Interpreter 
[1.451s] -- Configuring done (1.4s)
[1.463s] -- Generating done (0.0s)
[1.463s] -- Build files have been written to: /home/ubuntu/DishBot/build/kinova_gen3_lite_moveit_config
[1.470s] Invoked command in '/home/ubuntu/DishBot/build/kinova_gen3_lite_moveit_config' returned '0': AMENT_PREFIX_PATH=/home/ubuntu/DishBot/install/kortex_description:/home/ubuntu/DishBot/install/gz_ros2_control:${AMENT_PREFIX_PATH} CMAKE_PREFIX_PATH=/home/ubuntu/DishBot/install/kortex_description:/home/ubuntu/DishBot/install/gz_ros2_control:/home/ubuntu/DishBot/install/disbot_controller:/home/ubuntu/ros2_ws/install/kortex_moveit_config:/home/ubuntu/ros2_ws/install/kortex_bringup:/home/ubuntu/ros2_ws/install/kortex_driver:/home/ubuntu/ros2_ws/install/kinova_gen3_lite_moveit_config:/home/ubuntu/ros2_ws/install/kinova_gen3_7dof_robotiq_2f_85_moveit_config:/home/ubuntu/ros2_ws/install/kinova_gen3_6dof_robotiq_2f_85_moveit_config:/home/ubuntu/ros2_ws/install/kortex_description:/home/ubuntu/ros2_ws/install/kortex_api:/home/ubuntu/ros2_ws/install/kinova_scene_demo:/opt/ros/jazzy/opt/gz_sim_vendor:/opt/ros/jazzy/opt/gz_sensors_vendor:/opt/ros/jazzy/opt/gz_physics_vendor:/opt/ros/jazzy/opt/sdformat_vendor:/opt/ros/jazzy/opt/gz_gui_vendor:/opt/ros/jazzy/opt/gz_transport_vendor:/opt/ros/jazzy/opt/gz_rendering_vendor:/opt/ros/jazzy/opt/gz_plugin_vendor:/opt/ros/jazzy/opt/gz_fuel_tools_vendor:/opt/ros/jazzy/opt/gz_msgs_vendor:/opt/ros/jazzy/opt/gz_common_vendor:/opt/ros/jazzy/opt/gz_math_vendor:/opt/ros/jazzy/opt/gz_utils_vendor:/opt/ros/jazzy/opt/gz_tools_vendor:/opt/ros/jazzy/opt/gz_ogre_next_vendor:/opt/ros/jazzy/opt/gz_dartsim_vendor:/opt/ros/jazzy/opt/gz_cmake_vendor:/home/ubuntu/ros2_ws/install/grasp_training:/home/ubuntu/ros2_ws/install/domain_randomization:/opt/ros/jazzy DEBUGINFOD_URLS=https://debuginfod.ubuntu.com LD_LIBRARY_PATH=/home/ubuntu/DishBot/install/gz_ros2_control/lib:${LD_LIBRARY_PATH} /usr/bin/cmake /home/ubuntu/DishBot/src/ros2_kortex/kortex_moveit_config/kinova_gen3_lite_moveit_config -DCMAKE_INSTALL_PREFIX=/home/ubuntu/DishBot/install/kinova_gen3_lite_moveit_config
[1.473s] Invoking command in '/home/ubuntu/DishBot/build/kinova_gen3_lite_moveit_config': AMENT_PREFIX_PATH=/home/ubuntu/DishBot/install/kortex_description:/home/ubuntu/DishBot/install/gz_ros2_control:${AMENT_PREFIX_PATH} CMAKE_PREFIX_PATH=/home/ubuntu/DishBot/install/kortex_description:/home/ubuntu/DishBot/install/gz_ros2_control:/home/ubuntu/DishBot/install/disbot_controller:/home/ubuntu/ros2_ws/install/kortex_moveit_config:/home/ubuntu/ros2_ws/install/kortex_bringup:/home/ubuntu/ros2_ws/install/kortex_driver:/home/ubuntu/ros2_ws/install/kinova_gen3_lite_moveit_config:/home/ubuntu/ros2_ws/install/kinova_gen3_7dof_robotiq_2f_85_moveit_config:/home/ubuntu/ros2_ws/install/kinova_gen3_6dof_robotiq_2f_85_moveit_config:/home/ubuntu/ros2_ws/install/kortex_description:/home/ubuntu/ros2_ws/install/kortex_api:/home/ubuntu/ros2_ws/install/kinova_scene_demo:/opt/ros/jazzy/opt/gz_sim_vendor:/opt/ros/jazzy/opt/gz_sensors_vendor:/opt/ros/jazzy/opt/gz_physics_vendor:/opt/ros/jazzy/opt/sdformat_vendor:/opt/ros/jazzy/opt/gz_gui_vendor:/opt/ros/jazzy/opt/gz_transport_vendor:/opt/ros/jazzy/opt/gz_rendering_vendor:/opt/ros/jazzy/opt/gz_plugin_vendor:/opt/ros/jazzy/opt/gz_fuel_tools_vendor:/opt/ros/jazzy/opt/gz_msgs_vendor:/opt/ros/jazzy/opt/gz_common_vendor:/opt/ros/jazzy/opt/gz_math_vendor:/opt/ros/jazzy/opt/gz_utils_vendor:/opt/ros/jazzy/opt/gz_tools_vendor:/opt/ros/jazzy/opt/gz_ogre_next_vendor:/opt/ros/jazzy/opt/gz_dartsim_vendor:/opt/ros/jazzy/opt/gz_cmake_vendor:/home/ubuntu/ros2_ws/install/grasp_training:/home/ubuntu/ros2_ws/install/domain_randomization:/opt/ros/jazzy DEBUGINFOD_URLS=https://debuginfod.ubuntu.com LD_LIBRARY_PATH=/home/ubuntu/DishBot/install/gz_ros2_control/lib:${LD_LIBRARY_PATH} /usr/bin/cmake --build /home/ubuntu/DishBot/build/kinova_gen3_lite_moveit_config -- -j12 -l12
[1.591s] Invoked command in '/home/ubuntu/DishBot/build/kinova_gen3_lite_moveit_config' returned '0': AMENT_PREFIX_PATH=/home/ubuntu/DishBot/install/kortex_description:/home/ubuntu/DishBot/install/gz_ros2_control:${AMENT_PREFIX_PATH} CMAKE_PREFIX_PATH=/home/ubuntu/DishBot/install/kortex_description:/home/ubuntu/DishBot/install/gz_ros2_control:/home/ubuntu/DishBot/install/disbot_controller:/home/ubuntu/ros2_ws/install/kortex_moveit_config:/home/ubuntu/ros2_ws/install/kortex_bringup:/home/ubuntu/ros2_ws/install/kortex_driver:/home/ubuntu/ros2_ws/install/kinova_gen3_lite_moveit_config:/home/ubuntu/ros2_ws/install/kinova_gen3_7dof_robotiq_2f_85_moveit_config:/home/ubuntu/ros2_ws/install/kinova_gen3_6dof_robotiq_2f_85_moveit_config:/home/ubuntu/ros2_ws/install/kortex_description:/home/ubuntu/ros2_ws/install/kortex_api:/home/ubuntu/ros2_ws/install/kinova_scene_demo:/opt/ros/jazzy/opt/gz_sim_vendor:/opt/ros/jazzy/opt/gz_sensors_vendor:/opt/ros/jazzy/opt/gz_physics_vendor:/opt/ros/jazzy/opt/sdformat_vendor:/opt/ros/jazzy/opt/gz_gui_vendor:/opt/ros/jazzy/opt/gz_transport_vendor:/opt/ros/jazzy/opt/gz_rendering_vendor:/opt/ros/jazzy/opt/gz_plugin_vendor:/opt/ros/jazzy/opt/gz_fuel_tools_vendor:/opt/ros/jazzy/opt/gz_msgs_vendor:/opt/ros/jazzy/opt/gz_common_vendor:/opt/ros/jazzy/opt/gz_math_vendor:/opt/ros/jazzy/opt/gz_utils_vendor:/opt/ros/jazzy/opt/gz_tools_vendor:/opt/ros/jazzy/opt/gz_ogre_next_vendor:/opt/ros/jazzy/opt/gz_dartsim_vendor:/opt/ros/jazzy/opt/gz_cmake_vendor:/home/ubuntu/ros2_ws/install/grasp_training:/home/ubuntu/ros2_ws/install/domain_randomization:/opt/ros/jazzy DEBUGINFOD_URLS=https://debuginfod.ubuntu.com LD_LIBRARY_PATH=/home/ubuntu/DishBot/install/gz_ros2_control/lib:${LD_LIBRARY_PATH} /usr/bin/cmake --build /home/ubuntu/DishBot/build/kinova_gen3_lite_moveit_config -- -j12 -l12
[1.594s] Invoking command in '/home/ubuntu/DishBot/build/kinova_gen3_lite_moveit_config': AMENT_PREFIX_PATH=/home/ubuntu/DishBot/install/kortex_description:/home/ubuntu/DishBot/install/gz_ros2_control:${AMENT_PREFIX_PATH} CMAKE_PREFIX_PATH=/home/ubuntu/DishBot/install/kortex_description:/home/ubuntu/DishBot/install/gz_ros2_control:/home/ubuntu/DishBot/install/disbot_controller:/home/ubuntu/ros2_ws/install/kortex_moveit_config:/home/ubuntu/ros2_ws/install/kortex_bringup:/home/ubuntu/ros2_ws/install/kortex_driver:/home/ubuntu/ros2_ws/install/kinova_gen3_lite_moveit_config:/home/ubuntu/ros2_ws/install/kinova_gen3_7dof_robotiq_2f_85_moveit_config:/home/ubuntu/ros2_ws/install/kinova_gen3_6dof_robotiq_2f_85_moveit_config:/home/ubuntu/ros2_ws/install/kortex_description:/home/ubuntu/ros2_ws/install/kortex_api:/home/ubuntu/ros2_ws/install/kinova_scene_demo:/opt/ros/jazzy/opt/gz_sim_vendor:/opt/ros/jazzy/opt/gz_sensors_vendor:/opt/ros/jazzy/opt/gz_physics_vendor:/opt/ros/jazzy/opt/sdformat_vendor:/opt/ros/jazzy/opt/gz_gui_vendor:/opt/ros/jazzy/opt/gz_transport_vendor:/opt/ros/jazzy/opt/gz_rendering_vendor:/opt/ros/jazzy/opt/gz_plugin_vendor:/opt/ros/jazzy/opt/gz_fuel_tools_vendor:/opt/ros/jazzy/opt/gz_msgs_vendor:/opt/ros/jazzy/opt/gz_common_vendor:/opt/ros/jazzy/opt/gz_math_vendor:/opt/ros/jazzy/opt/gz_utils_vendor:/opt/ros/jazzy/opt/gz_tools_vendor:/opt/ros/jazzy/opt/gz_ogre_next_vendor:/opt/ros/jazzy/opt/gz_dartsim_vendor:/opt/ros/jazzy/opt/gz_cmake_vendor:/home/ubuntu/ros2_ws/install/grasp_training:/home/ubuntu/ros2_ws/install/domain_randomization:/opt/ros/jazzy DEBUGINFOD_URLS=https://debuginfod.ubuntu.com LD_LIBRARY_PATH=/home/ubuntu/DishBot/install/gz_ros2_control/lib:${LD_LIBRARY_PATH} /usr/bin/cmake --install /home/ubuntu/DishBot/build/kinova_gen3_lite_moveit_config
[1.614s] -- Install configuration: ""
[1.614s] -- Installing: /home/ubuntu/DishBot/install/kinova_gen3_lite_moveit_config/share/ament_index/resource_index/package_run_dependencies/kinova_gen3_lite_moveit_config
[1.615s] -- Installing: /home/ubuntu/DishBot/install/kinova_gen3_lite_moveit_config/share/ament_index/resource_index/parent_prefix_path/kinova_gen3_lite_moveit_config
[1.615s] -- Installing: /home/ubuntu/DishBot/install/kinova_gen3_lite_moveit_config/share/kinova_gen3_lite_moveit_config/environment/ament_prefix_path.sh
[1.616s] -- Installing: /home/ubuntu/DishBot/install/kinova_gen3_lite_moveit_config/share/kinova_gen3_lite_moveit_config/environment/ament_prefix_path.dsv
[1.616s] -- Installing: /home/ubuntu/DishBot/install/kinova_gen3_lite_moveit_config/share/kinova_gen3_lite_moveit_config/environment/path.sh
[1.616s] -- Installing: /home/ubuntu/DishBot/install/kinova_gen3_lite_moveit_config/share/kinova_gen3_lite_moveit_config/environment/path.dsv
[1.617s] -- Installing: /home/ubuntu/DishBot/install/kinova_gen3_lite_moveit_config/share/kinova_gen3_lite_moveit_config/local_setup.bash
[1.617s] -- Installing: /home/ubuntu/DishBot/install/kinova_gen3_lite_moveit_config/share/kinova_gen3_lite_moveit_config/local_setup.sh
[1.617s] -- Installing: /home/ubuntu/DishBot/install/kinova_gen3_lite_moveit_config/share/kinova_gen3_lite_moveit_config/local_setup.zsh
[1.617s] -- Installing: /home/ubuntu/DishBot/install/kinova_gen3_lite_moveit_config/share/kinova_gen3_lite_moveit_config/local_setup.dsv
[1.618s] -- Installing: /home/ubuntu/DishBot/install/kinova_gen3_lite_moveit_config/share/kinova_gen3_lite_moveit_config/package.dsv
[1.618s] -- Installing: /home/ubuntu/DishBot/install/kinova_gen3_lite_moveit_config/share/ament_index/resource_index/packages/kinova_gen3_lite_moveit_config
[1.618s] -- Installing: /home/ubuntu/DishBot/install/kinova_gen3_lite_moveit_config/share/kinova_gen3_lite_moveit_config/cmake/kinova_gen3_lite_moveit_configConfig.cmake
[1.618s] -- Installing: /home/ubuntu/DishBot/install/kinova_gen3_lite_moveit_config/share/kinova_gen3_lite_moveit_config/cmake/kinova_gen3_lite_moveit_configConfig-version.cmake
[1.619s] -- Installing: /home/ubuntu/DishBot/install/kinova_gen3_lite_moveit_config/share/kinova_gen3_lite_moveit_config/package.xml
[1.619s] -- Installing: /home/ubuntu/DishBot/install/kinova_gen3_lite_moveit_config/share/kinova_gen3_lite_moveit_config/launch
[1.619s] -- Installing: /home/ubuntu/DishBot/install/kinova_gen3_lite_moveit_config/share/kinova_gen3_lite_moveit_config/launch/sim.launch.py
[1.619s] -- Installing: /home/ubuntu/DishBot/install/kinova_gen3_lite_moveit_config/share/kinova_gen3_lite_moveit_config/launch/demo.launch.py
[1.619s] -- Installing: /home/ubuntu/DishBot/install/kinova_gen3_lite_moveit_config/share/kinova_gen3_lite_moveit_config/launch/warehouse_db.launch.py
[1.619s] -- Installing: /home/ubuntu/DishBot/install/kinova_gen3_lite_moveit_config/share/kinova_gen3_lite_moveit_config/launch/rsp.launch.py
[1.619s] -- Installing: /home/ubuntu/DishBot/install/kinova_gen3_lite_moveit_config/share/kinova_gen3_lite_moveit_config/launch/move_group.launch.py
[1.623s] -- Installing: /home/ubuntu/DishBot/install/kinova_gen3_lite_moveit_config/share/kinova_gen3_lite_moveit_config/launch/robot.launch.py
[1.623s] -- Installing: /home/ubuntu/DishBot/install/kinova_gen3_lite_moveit_config/share/kinova_gen3_lite_moveit_config/launch/static_virtual_joint_tfs.launch.py
[1.627s] -- Installing: /home/ubuntu/DishBot/install/kinova_gen3_lite_moveit_config/share/kinova_gen3_lite_moveit_config/launch/spawn_controllers.launch.py
[1.628s] -- Installing: /home/ubuntu/DishBot/install/kinova_gen3_lite_moveit_config/share/kinova_gen3_lite_moveit_config/launch/setup_assistant.launch.py
[1.628s] -- Installing: /home/ubuntu/DishBot/install/kinova_gen3_lite_moveit_config/share/kinova_gen3_lite_moveit_config/launch/moveit_rviz.launch.py
[1.633s] -- Installing: /home/ubuntu/DishBot/install/kinova_gen3_lite_moveit_config/share/kinova_gen3_lite_moveit_config/config
[1.634s] -- Installing: /home/ubuntu/DishBot/install/kinova_gen3_lite_moveit_config/share/kinova_gen3_lite_moveit_config/config/initial_positions.yaml
[1.636s] -- Installing: /home/ubuntu/DishBot/install/kinova_gen3_lite_moveit_config/share/kinova_gen3_lite_moveit_config/config/gen3_lite.urdf.xacro
[1.636s] -- Installing: /home/ubuntu/DishBot/install/kinova_gen3_lite_moveit_config/share/kinova_gen3_lite_moveit_config/config/ros2_controllers.yaml
[1.636s] -- Installing: /home/ubuntu/DishBot/install/kinova_gen3_lite_moveit_config/share/kinova_gen3_lite_moveit_config/config/gen3_lite_gen3_lite_2f.ros2_control.xacro
[1.636s] -- Installing: /home/ubuntu/DishBot/install/kinova_gen3_lite_moveit_config/share/kinova_gen3_lite_moveit_config/config/moveit.rviz
[1.637s] -- Installing: /home/ubuntu/DishBot/install/kinova_gen3_lite_moveit_config/share/kinova_gen3_lite_moveit_config/config/gen3_lite_gen3_lite_2f.urdf.xacro
[1.637s] -- Installing: /home/ubuntu/DishBot/install/kinova_gen3_lite_moveit_config/share/kinova_gen3_lite_moveit_config/config/gen3_lite.ros2_control.xacro
[1.638s] -- Installing: /home/ubuntu/DishBot/install/kinova_gen3_lite_moveit_config/share/kinova_gen3_lite_moveit_config/config/pilz_cartesian_limits.yaml
[1.638s] -- Installing: /home/ubuntu/DishBot/install/kinova_gen3_lite_moveit_config/share/kinova_gen3_lite_moveit_config/config/joint_limits.yaml
[1.641s] -- Installing: /home/ubuntu/DishBot/install/kinova_gen3_lite_moveit_config/share/kinova_gen3_lite_moveit_config/config/ompl_planning.yaml
[1.641s] -- Installing: /home/ubuntu/DishBot/install/kinova_gen3_lite_moveit_config/share/kinova_gen3_lite_moveit_config/config/kinematics.yaml
[1.641s] -- Installing: /home/ubuntu/DishBot/install/kinova_gen3_lite_moveit_config/share/kinova_gen3_lite_moveit_config/config/moveit_controllers.yaml
[1.641s] -- Installing: /home/ubuntu/DishBot/install/kinova_gen3_lite_moveit_config/share/kinova_gen3_lite_moveit_config/config/gen3_lite.srdf
[1.641s] -- Installing: /home/ubuntu/DishBot/install/kinova_gen3_lite_moveit_config/share/kinova_gen3_lite_moveit_config/.setup_assistant
[1.648s] Invoked command in '/home/ubuntu/DishBot/build/kinova_gen3_lite_moveit_config' returned '0': AMENT_PREFIX_PATH=/home/ubuntu/DishBot/install/kortex_description:/home/ubuntu/DishBot/install/gz_ros2_control:${AMENT_PREFIX_PATH} CMAKE_PREFIX_PATH=/home/ubuntu/DishBot/install/kortex_description:/home/ubuntu/DishBot/install/gz_ros2_control:/home/ubuntu/DishBot/install/disbot_controller:/home/ubuntu/ros2_ws/install/kortex_moveit_config:/home/ubuntu/ros2_ws/install/kortex_bringup:/home/ubuntu/ros2_ws/install/kortex_driver:/home/ubuntu/ros2_ws/install/kinova_gen3_lite_moveit_config:/home/ubuntu/ros2_ws/install/kinova_gen3_7dof_robotiq_2f_85_moveit_config:/home/ubuntu/ros2_ws/install/kinova_gen3_6dof_robotiq_2f_85_moveit_config:/home/ubuntu/ros2_ws/install/kortex_description:/home/ubuntu/ros2_ws/install/kortex_api:/home/ubuntu/ros2_ws/install/kinova_scene_demo:/opt/ros/jazzy/opt/gz_sim_vendor:/opt/ros/jazzy/opt/gz_sensors_vendor:/opt/ros/jazzy/opt/gz_physics_vendor:/opt/ros/jazzy/opt/sdformat_vendor:/opt/ros/jazzy/opt/gz_gui_vendor:/opt/ros/jazzy/opt/gz_transport_vendor:/opt/ros/jazzy/opt/gz_rendering_vendor:/opt/ros/jazzy/opt/gz_plugin_vendor:/opt/ros/jazzy/opt/gz_fuel_tools_vendor:/opt/ros/jazzy/opt/gz_msgs_vendor:/opt/ros/jazzy/opt/gz_common_vendor:/opt/ros/jazzy/opt/gz_math_vendor:/opt/ros/jazzy/opt/gz_utils_vendor:/opt/ros/jazzy/opt/gz_tools_vendor:/opt/ros/jazzy/opt/gz_ogre_next_vendor:/opt/ros/jazzy/opt/gz_dartsim_vendor:/opt/ros/jazzy/opt/gz_cmake_vendor:/home/ubuntu/ros2_ws/install/grasp_training:/home/ubuntu/ros2_ws/install/domain_randomization:/opt/ros/jazzy DEBUGINFOD_URLS=https://debuginfod.ubuntu.com LD_LIBRARY_PATH=/home/ubuntu/DishBot/install/gz_ros2_control/lib:${LD_LIBRARY_PATH} /usr/bin/cmake --install /home/ubuntu/DishBot/build/kinova_gen3_lite_moveit_config
