[0.026s] Invoking command in '/home/ubuntu/DishBot/build/kortex_driver': AMENT_PREFIX_PATH=/home/ubuntu/DishBot/install/kortex_api:${AMENT_PREFIX_PATH} CMAKE_PREFIX_PATH=/home/ubuntu/DishBot/install/kortex_api:/home/ubuntu/DishBot/install/disbot_controller:/home/ubuntu/ros2_ws/install/kortex_moveit_config:/home/ubuntu/ros2_ws/install/kortex_bringup:/home/ubuntu/ros2_ws/install/kortex_driver:/home/ubuntu/ros2_ws/install/kinova_gen3_lite_moveit_config:/home/ubuntu/ros2_ws/install/kinova_gen3_7dof_robotiq_2f_85_moveit_config:/home/ubuntu/ros2_ws/install/kinova_gen3_6dof_robotiq_2f_85_moveit_config:/home/ubuntu/ros2_ws/install/kortex_description:/home/ubuntu/ros2_ws/install/kortex_api:/home/ubuntu/ros2_ws/install/kinova_scene_demo:/opt/ros/jazzy/opt/gz_sim_vendor:/opt/ros/jazzy/opt/gz_sensors_vendor:/opt/ros/jazzy/opt/gz_physics_vendor:/opt/ros/jazzy/opt/sdformat_vendor:/opt/ros/jazzy/opt/gz_gui_vendor:/opt/ros/jazzy/opt/gz_transport_vendor:/opt/ros/jazzy/opt/gz_rendering_vendor:/opt/ros/jazzy/opt/gz_plugin_vendor:/opt/ros/jazzy/opt/gz_fuel_tools_vendor:/opt/ros/jazzy/opt/gz_msgs_vendor:/opt/ros/jazzy/opt/gz_common_vendor:/opt/ros/jazzy/opt/gz_math_vendor:/opt/ros/jazzy/opt/gz_utils_vendor:/opt/ros/jazzy/opt/gz_tools_vendor:/opt/ros/jazzy/opt/gz_ogre_next_vendor:/opt/ros/jazzy/opt/gz_dartsim_vendor:/opt/ros/jazzy/opt/gz_cmake_vendor:/home/ubuntu/ros2_ws/install/grasp_training:/home/ubuntu/ros2_ws/install/domain_randomization:/opt/ros/jazzy DEBUGINFOD_URLS=https://debuginfod.ubuntu.com /usr/bin/cmake /home/ubuntu/DishBot/src/ros2_kortex/kortex_driver -DCMAKE_INSTALL_PREFIX=/home/ubuntu/DishBot/install/kortex_driver
[0.061s] [33mCMake Warning (dev) at /usr/share/cmake-3.28/Modules/FetchContent.cmake:1331 (message):
[0.063s]   The DOWNLOAD_EXTRACT_TIMESTAMP option was not given and policy CMP0135 is
[0.063s]   not set.  The policy's OLD behavior will be used.  When using a URL
[0.063s]   download, the timestamps of extracted files should preferably be that of
[0.064s]   the time of extraction, otherwise code that depends on the extracted
[0.064s]   contents might not be rebuilt if the URL changes.  The OLD behavior
[0.064s]   preserves the timestamps from the archive instead, but this is usually not
[0.064s]   what you want.  Update your project to the NEW behavior or specify the
[0.064s]   DOWNLOAD_EXTRACT_TIMESTAMP option with a value of true to avoid this
[0.065s]   robustness issue.
[0.066s] Call Stack (most recent call first):
[0.066s]   CMakeLists.txt:3 (FetchContent_Declare)
[0.066s] This warning is for project developers.  Use -Wno-dev to suppress it.
[0.067s] [0m
[5.911s] -- The C compiler identification is GNU 13.3.0
[6.000s] -- The CXX compiler identification is GNU 13.3.0
[6.028s] -- Detecting C compiler ABI info
[6.174s] -- Detecting C compiler ABI info - done
[6.194s] -- Check for working C compiler: /usr/bin/cc - skipped
[6.194s] -- Detecting C compile features
[6.195s] -- Detecting C compile features - done
[6.212s] -- Detecting CXX compiler ABI info
[6.364s] -- Detecting CXX compiler ABI info - done
[6.383s] -- Check for working CXX compiler: /usr/bin/c++ - skipped
[6.383s] -- Detecting CXX compile features
[6.384s] -- Detecting CXX compile features - done
[6.391s] -- Found ament_cmake: 2.5.3 (/opt/ros/jazzy/share/ament_cmake/cmake)
[6.663s] -- Found Python3: /usr/bin/python3 (found version "3.12.3") found components: Interpreter 
[6.890s] -- Found hardware_interface: 4.27.0 (/opt/ros/jazzy/share/hardware_interface/cmake)
[7.046s] -- Found rosidl_generator_c: 4.6.5 (/opt/ros/jazzy/share/rosidl_generator_c/cmake)
[7.087s] -- Found rosidl_generator_cpp: 4.6.5 (/opt/ros/jazzy/share/rosidl_generator_cpp/cmake)
[7.129s] -- Using all available rosidl_typesupport_c: rosidl_typesupport_fastrtps_c;rosidl_typesupport_introspection_c
[7.172s] -- Using all available rosidl_typesupport_cpp: rosidl_typesupport_fastrtps_cpp;rosidl_typesupport_introspection_cpp
[7.598s] -- Found TinyXML2 via Config file: /usr/lib/x86_64-linux-gnu/cmake/tinyxml2
[7.738s] -- Found rmw_implementation_cmake: 7.3.1 (/opt/ros/jazzy/share/rmw_implementation_cmake/cmake)
[7.750s] -- Found rmw_fastrtps_cpp: 8.4.1 (/opt/ros/jazzy/share/rmw_fastrtps_cpp/cmake)
[7.825s] -- Found TinyXML2 via Config file: /usr/lib/x86_64-linux-gnu/cmake/tinyxml2
[7.933s] -- Found OpenSSL: /usr/lib/x86_64-linux-gnu/libcrypto.so (found version "3.0.13")  
[7.939s] -- Found TinyXML2 via Config file: /usr/lib/x86_64-linux-gnu/cmake/tinyxml2
[7.982s] -- Found FastRTPS: /opt/ros/jazzy/include (Required is at least version "2.13") 
[7.989s] -- Found TinyXML2 via Config file: /usr/lib/x86_64-linux-gnu/cmake/tinyxml2
[8.004s] -- Found TinyXML2 via Config file: /usr/lib/x86_64-linux-gnu/cmake/tinyxml2
[8.026s] -- Using RMW implementation 'rmw_fastrtps_cpp' as default
[8.524s] -- Found kortex_api: 0.2.3 (/home/ubuntu/DishBot/install/kortex_api/share/kortex_api/cmake)
[8.677s] -- Configuring done (8.6s)
[8.722s] -- Generating done (0.0s)
[8.730s] -- Build files have been written to: /home/ubuntu/DishBot/build/kortex_driver
[8.746s] Invoked command in '/home/ubuntu/DishBot/build/kortex_driver' returned '0': AMENT_PREFIX_PATH=/home/ubuntu/DishBot/install/kortex_api:${AMENT_PREFIX_PATH} CMAKE_PREFIX_PATH=/home/ubuntu/DishBot/install/kortex_api:/home/ubuntu/DishBot/install/disbot_controller:/home/ubuntu/ros2_ws/install/kortex_moveit_config:/home/ubuntu/ros2_ws/install/kortex_bringup:/home/ubuntu/ros2_ws/install/kortex_driver:/home/ubuntu/ros2_ws/install/kinova_gen3_lite_moveit_config:/home/ubuntu/ros2_ws/install/kinova_gen3_7dof_robotiq_2f_85_moveit_config:/home/ubuntu/ros2_ws/install/kinova_gen3_6dof_robotiq_2f_85_moveit_config:/home/ubuntu/ros2_ws/install/kortex_description:/home/ubuntu/ros2_ws/install/kortex_api:/home/ubuntu/ros2_ws/install/kinova_scene_demo:/opt/ros/jazzy/opt/gz_sim_vendor:/opt/ros/jazzy/opt/gz_sensors_vendor:/opt/ros/jazzy/opt/gz_physics_vendor:/opt/ros/jazzy/opt/sdformat_vendor:/opt/ros/jazzy/opt/gz_gui_vendor:/opt/ros/jazzy/opt/gz_transport_vendor:/opt/ros/jazzy/opt/gz_rendering_vendor:/opt/ros/jazzy/opt/gz_plugin_vendor:/opt/ros/jazzy/opt/gz_fuel_tools_vendor:/opt/ros/jazzy/opt/gz_msgs_vendor:/opt/ros/jazzy/opt/gz_common_vendor:/opt/ros/jazzy/opt/gz_math_vendor:/opt/ros/jazzy/opt/gz_utils_vendor:/opt/ros/jazzy/opt/gz_tools_vendor:/opt/ros/jazzy/opt/gz_ogre_next_vendor:/opt/ros/jazzy/opt/gz_dartsim_vendor:/opt/ros/jazzy/opt/gz_cmake_vendor:/home/ubuntu/ros2_ws/install/grasp_training:/home/ubuntu/ros2_ws/install/domain_randomization:/opt/ros/jazzy DEBUGINFOD_URLS=https://debuginfod.ubuntu.com /usr/bin/cmake /home/ubuntu/DishBot/src/ros2_kortex/kortex_driver -DCMAKE_INSTALL_PREFIX=/home/ubuntu/DishBot/install/kortex_driver
[8.748s] Invoking command in '/home/ubuntu/DishBot/build/kortex_driver': AMENT_PREFIX_PATH=/home/ubuntu/DishBot/install/kortex_api:${AMENT_PREFIX_PATH} CMAKE_PREFIX_PATH=/home/ubuntu/DishBot/install/kortex_api:/home/ubuntu/DishBot/install/disbot_controller:/home/ubuntu/ros2_ws/install/kortex_moveit_config:/home/ubuntu/ros2_ws/install/kortex_bringup:/home/ubuntu/ros2_ws/install/kortex_driver:/home/ubuntu/ros2_ws/install/kinova_gen3_lite_moveit_config:/home/ubuntu/ros2_ws/install/kinova_gen3_7dof_robotiq_2f_85_moveit_config:/home/ubuntu/ros2_ws/install/kinova_gen3_6dof_robotiq_2f_85_moveit_config:/home/ubuntu/ros2_ws/install/kortex_description:/home/ubuntu/ros2_ws/install/kortex_api:/home/ubuntu/ros2_ws/install/kinova_scene_demo:/opt/ros/jazzy/opt/gz_sim_vendor:/opt/ros/jazzy/opt/gz_sensors_vendor:/opt/ros/jazzy/opt/gz_physics_vendor:/opt/ros/jazzy/opt/sdformat_vendor:/opt/ros/jazzy/opt/gz_gui_vendor:/opt/ros/jazzy/opt/gz_transport_vendor:/opt/ros/jazzy/opt/gz_rendering_vendor:/opt/ros/jazzy/opt/gz_plugin_vendor:/opt/ros/jazzy/opt/gz_fuel_tools_vendor:/opt/ros/jazzy/opt/gz_msgs_vendor:/opt/ros/jazzy/opt/gz_common_vendor:/opt/ros/jazzy/opt/gz_math_vendor:/opt/ros/jazzy/opt/gz_utils_vendor:/opt/ros/jazzy/opt/gz_tools_vendor:/opt/ros/jazzy/opt/gz_ogre_next_vendor:/opt/ros/jazzy/opt/gz_dartsim_vendor:/opt/ros/jazzy/opt/gz_cmake_vendor:/home/ubuntu/ros2_ws/install/grasp_training:/home/ubuntu/ros2_ws/install/domain_randomization:/opt/ros/jazzy DEBUGINFOD_URLS=https://debuginfod.ubuntu.com /usr/bin/cmake --build /home/ubuntu/DishBot/build/kortex_driver -- -j12 -l12
[8.847s] [ 66%] [32mBuilding CXX object CMakeFiles/kortex_driver.dir/src/hardware_interface.cpp.o[0m
[8.847s] [ 66%] [32mBuilding CXX object CMakeFiles/kortex_driver.dir/src/kortex_math_util.cpp.o[0m
[18.747s] [100%] [32m[1mLinking CXX shared library libkortex_driver.so[0m
[19.709s] [100%] Built target kortex_driver
[19.729s] Invoked command in '/home/ubuntu/DishBot/build/kortex_driver' returned '0': AMENT_PREFIX_PATH=/home/ubuntu/DishBot/install/kortex_api:${AMENT_PREFIX_PATH} CMAKE_PREFIX_PATH=/home/ubuntu/DishBot/install/kortex_api:/home/ubuntu/DishBot/install/disbot_controller:/home/ubuntu/ros2_ws/install/kortex_moveit_config:/home/ubuntu/ros2_ws/install/kortex_bringup:/home/ubuntu/ros2_ws/install/kortex_driver:/home/ubuntu/ros2_ws/install/kinova_gen3_lite_moveit_config:/home/ubuntu/ros2_ws/install/kinova_gen3_7dof_robotiq_2f_85_moveit_config:/home/ubuntu/ros2_ws/install/kinova_gen3_6dof_robotiq_2f_85_moveit_config:/home/ubuntu/ros2_ws/install/kortex_description:/home/ubuntu/ros2_ws/install/kortex_api:/home/ubuntu/ros2_ws/install/kinova_scene_demo:/opt/ros/jazzy/opt/gz_sim_vendor:/opt/ros/jazzy/opt/gz_sensors_vendor:/opt/ros/jazzy/opt/gz_physics_vendor:/opt/ros/jazzy/opt/sdformat_vendor:/opt/ros/jazzy/opt/gz_gui_vendor:/opt/ros/jazzy/opt/gz_transport_vendor:/opt/ros/jazzy/opt/gz_rendering_vendor:/opt/ros/jazzy/opt/gz_plugin_vendor:/opt/ros/jazzy/opt/gz_fuel_tools_vendor:/opt/ros/jazzy/opt/gz_msgs_vendor:/opt/ros/jazzy/opt/gz_common_vendor:/opt/ros/jazzy/opt/gz_math_vendor:/opt/ros/jazzy/opt/gz_utils_vendor:/opt/ros/jazzy/opt/gz_tools_vendor:/opt/ros/jazzy/opt/gz_ogre_next_vendor:/opt/ros/jazzy/opt/gz_dartsim_vendor:/opt/ros/jazzy/opt/gz_cmake_vendor:/home/ubuntu/ros2_ws/install/grasp_training:/home/ubuntu/ros2_ws/install/domain_randomization:/opt/ros/jazzy DEBUGINFOD_URLS=https://debuginfod.ubuntu.com /usr/bin/cmake --build /home/ubuntu/DishBot/build/kortex_driver -- -j12 -l12
[19.730s] Invoking command in '/home/ubuntu/DishBot/build/kortex_driver': AMENT_PREFIX_PATH=/home/ubuntu/DishBot/install/kortex_api:${AMENT_PREFIX_PATH} CMAKE_PREFIX_PATH=/home/ubuntu/DishBot/install/kortex_api:/home/ubuntu/DishBot/install/disbot_controller:/home/ubuntu/ros2_ws/install/kortex_moveit_config:/home/ubuntu/ros2_ws/install/kortex_bringup:/home/ubuntu/ros2_ws/install/kortex_driver:/home/ubuntu/ros2_ws/install/kinova_gen3_lite_moveit_config:/home/ubuntu/ros2_ws/install/kinova_gen3_7dof_robotiq_2f_85_moveit_config:/home/ubuntu/ros2_ws/install/kinova_gen3_6dof_robotiq_2f_85_moveit_config:/home/ubuntu/ros2_ws/install/kortex_description:/home/ubuntu/ros2_ws/install/kortex_api:/home/ubuntu/ros2_ws/install/kinova_scene_demo:/opt/ros/jazzy/opt/gz_sim_vendor:/opt/ros/jazzy/opt/gz_sensors_vendor:/opt/ros/jazzy/opt/gz_physics_vendor:/opt/ros/jazzy/opt/sdformat_vendor:/opt/ros/jazzy/opt/gz_gui_vendor:/opt/ros/jazzy/opt/gz_transport_vendor:/opt/ros/jazzy/opt/gz_rendering_vendor:/opt/ros/jazzy/opt/gz_plugin_vendor:/opt/ros/jazzy/opt/gz_fuel_tools_vendor:/opt/ros/jazzy/opt/gz_msgs_vendor:/opt/ros/jazzy/opt/gz_common_vendor:/opt/ros/jazzy/opt/gz_math_vendor:/opt/ros/jazzy/opt/gz_utils_vendor:/opt/ros/jazzy/opt/gz_tools_vendor:/opt/ros/jazzy/opt/gz_ogre_next_vendor:/opt/ros/jazzy/opt/gz_dartsim_vendor:/opt/ros/jazzy/opt/gz_cmake_vendor:/home/ubuntu/ros2_ws/install/grasp_training:/home/ubuntu/ros2_ws/install/domain_randomization:/opt/ros/jazzy DEBUGINFOD_URLS=https://debuginfod.ubuntu.com /usr/bin/cmake --install /home/ubuntu/DishBot/build/kortex_driver
[19.746s] -- Install configuration: ""
[19.746s] -- Installing: /home/ubuntu/DishBot/install/kortex_driver/share/kortex_driver/hardware_interface_plugin.xml
[19.746s] -- Installing: /home/ubuntu/DishBot/install/kortex_driver/lib/libkortex_driver.so
[19.772s] -- Set non-toolchain portion of runtime path of "/home/ubuntu/DishBot/install/kortex_driver/lib/libkortex_driver.so" to ""
[19.772s] -- Installing: /home/ubuntu/DishBot/install/kortex_driver/include
[19.772s] -- Installing: /home/ubuntu/DishBot/install/kortex_driver/include/kortex_driver
[19.773s] -- Installing: /home/ubuntu/DishBot/install/kortex_driver/include/kortex_driver/kortex_math_util.hpp
[19.773s] -- Installing: /home/ubuntu/DishBot/install/kortex_driver/include/kortex_driver/visibility_control.h
[19.773s] -- Installing: /home/ubuntu/DishBot/install/kortex_driver/include/kortex_driver/hardware_interface.hpp
[19.773s] -- Installing: /home/ubuntu/DishBot/install/kortex_driver/share/kortex_driver/environment/library_path.sh
[19.773s] -- Installing: /home/ubuntu/DishBot/install/kortex_driver/share/kortex_driver/environment/library_path.dsv
[19.774s] -- Installing: /home/ubuntu/DishBot/install/kortex_driver/share/ament_index/resource_index/package_run_dependencies/kortex_driver
[19.774s] -- Installing: /home/ubuntu/DishBot/install/kortex_driver/share/ament_index/resource_index/parent_prefix_path/kortex_driver
[19.774s] -- Installing: /home/ubuntu/DishBot/install/kortex_driver/share/kortex_driver/environment/ament_prefix_path.sh
[19.775s] -- Installing: /home/ubuntu/DishBot/install/kortex_driver/share/kortex_driver/environment/ament_prefix_path.dsv
[19.775s] -- Installing: /home/ubuntu/DishBot/install/kortex_driver/share/kortex_driver/environment/path.sh
[19.775s] -- Installing: /home/ubuntu/DishBot/install/kortex_driver/share/kortex_driver/environment/path.dsv
[19.776s] -- Installing: /home/ubuntu/DishBot/install/kortex_driver/share/kortex_driver/local_setup.bash
[19.776s] -- Installing: /home/ubuntu/DishBot/install/kortex_driver/share/kortex_driver/local_setup.sh
[19.776s] -- Installing: /home/ubuntu/DishBot/install/kortex_driver/share/kortex_driver/local_setup.zsh
[19.776s] -- Installing: /home/ubuntu/DishBot/install/kortex_driver/share/kortex_driver/local_setup.dsv
[19.777s] -- Installing: /home/ubuntu/DishBot/install/kortex_driver/share/kortex_driver/package.dsv
[19.777s] -- Installing: /home/ubuntu/DishBot/install/kortex_driver/share/ament_index/resource_index/packages/kortex_driver
[19.777s] -- Installing: /home/ubuntu/DishBot/install/kortex_driver/share/ament_index/resource_index/hardware_interface__pluginlib__plugin/kortex_driver
[19.778s] -- Installing: /home/ubuntu/DishBot/install/kortex_driver/share/kortex_driver/cmake/ament_cmake_export_include_directories-extras.cmake
[19.778s] -- Installing: /home/ubuntu/DishBot/install/kortex_driver/share/kortex_driver/cmake/ament_cmake_export_libraries-extras.cmake
[19.778s] -- Installing: /home/ubuntu/DishBot/install/kortex_driver/share/kortex_driver/cmake/ament_cmake_export_dependencies-extras.cmake
[19.779s] -- Installing: /home/ubuntu/DishBot/install/kortex_driver/share/kortex_driver/cmake/kortex_driverConfig.cmake
[19.779s] -- Installing: /home/ubuntu/DishBot/install/kortex_driver/share/kortex_driver/cmake/kortex_driverConfig-version.cmake
[19.779s] -- Installing: /home/ubuntu/DishBot/install/kortex_driver/share/kortex_driver/package.xml
[19.783s] Invoked command in '/home/ubuntu/DishBot/build/kortex_driver' returned '0': AMENT_PREFIX_PATH=/home/ubuntu/DishBot/install/kortex_api:${AMENT_PREFIX_PATH} CMAKE_PREFIX_PATH=/home/ubuntu/DishBot/install/kortex_api:/home/ubuntu/DishBot/install/disbot_controller:/home/ubuntu/ros2_ws/install/kortex_moveit_config:/home/ubuntu/ros2_ws/install/kortex_bringup:/home/ubuntu/ros2_ws/install/kortex_driver:/home/ubuntu/ros2_ws/install/kinova_gen3_lite_moveit_config:/home/ubuntu/ros2_ws/install/kinova_gen3_7dof_robotiq_2f_85_moveit_config:/home/ubuntu/ros2_ws/install/kinova_gen3_6dof_robotiq_2f_85_moveit_config:/home/ubuntu/ros2_ws/install/kortex_description:/home/ubuntu/ros2_ws/install/kortex_api:/home/ubuntu/ros2_ws/install/kinova_scene_demo:/opt/ros/jazzy/opt/gz_sim_vendor:/opt/ros/jazzy/opt/gz_sensors_vendor:/opt/ros/jazzy/opt/gz_physics_vendor:/opt/ros/jazzy/opt/sdformat_vendor:/opt/ros/jazzy/opt/gz_gui_vendor:/opt/ros/jazzy/opt/gz_transport_vendor:/opt/ros/jazzy/opt/gz_rendering_vendor:/opt/ros/jazzy/opt/gz_plugin_vendor:/opt/ros/jazzy/opt/gz_fuel_tools_vendor:/opt/ros/jazzy/opt/gz_msgs_vendor:/opt/ros/jazzy/opt/gz_common_vendor:/opt/ros/jazzy/opt/gz_math_vendor:/opt/ros/jazzy/opt/gz_utils_vendor:/opt/ros/jazzy/opt/gz_tools_vendor:/opt/ros/jazzy/opt/gz_ogre_next_vendor:/opt/ros/jazzy/opt/gz_dartsim_vendor:/opt/ros/jazzy/opt/gz_cmake_vendor:/home/ubuntu/ros2_ws/install/grasp_training:/home/ubuntu/ros2_ws/install/domain_randomization:/opt/ros/jazzy DEBUGINFOD_URLS=https://debuginfod.ubuntu.com /usr/bin/cmake --install /home/ubuntu/DishBot/build/kortex_driver
