[0.036s] Invoking command in '/home/ubuntu/DishBot/build/table_plate_demo': CMAKE_PREFIX_PATH=${CMAKE_PREFIX_PATH}:/home/ubuntu/ros2_ws/install/grasp_training:/home/ubuntu/ros2_ws/install/domain_randomization:/opt/ros/jazzy DEBUGINFOD_URLS=https://debuginfod.ubuntu.com /usr/bin/cmake --build /home/ubuntu/DishBot/build/table_plate_demo -- -j12 -l12
[0.186s] Invoked command in '/home/ubuntu/DishBot/build/table_plate_demo' returned '0': CMAKE_PREFIX_PATH=${CMAKE_PREFIX_PATH}:/home/ubuntu/ros2_ws/install/grasp_training:/home/ubuntu/ros2_ws/install/domain_randomization:/opt/ros/jazzy DEBUGINFOD_URLS=https://debuginfod.ubuntu.com /usr/bin/cmake --build /home/ubuntu/DishBot/build/table_plate_demo -- -j12 -l12
[0.218s] Invoking command in '/home/ubuntu/DishBot/build/table_plate_demo': CMAKE_PREFIX_PATH=${CMAKE_PREFIX_PATH}:/home/ubuntu/ros2_ws/install/grasp_training:/home/ubuntu/ros2_ws/install/domain_randomization:/opt/ros/jazzy DEBUGINFOD_URLS=https://debuginfod.ubuntu.com /usr/bin/cmake --install /home/ubuntu/DishBot/build/table_plate_demo
[0.255s] -- Install configuration: ""
[0.255s] -- Up-to-date: /home/ubuntu/DishBot/install/table_plate_demo/share/table_plate_demo//launch
[0.256s] -- Up-to-date: /home/ubuntu/DishBot/install/table_plate_demo/share/table_plate_demo//launch/table_plate_demo.launch.py
[0.256s] -- Up-to-date: /home/ubuntu/DishBot/install/table_plate_demo/share/ament_index/resource_index/package_run_dependencies/table_plate_demo
[0.257s] -- Up-to-date: /home/ubuntu/DishBot/install/table_plate_demo/share/ament_index/resource_index/parent_prefix_path/table_plate_demo
[0.257s] -- Up-to-date: /home/ubuntu/DishBot/install/table_plate_demo/share/table_plate_demo/environment/ament_prefix_path.sh
[0.257s] -- Up-to-date: /home/ubuntu/DishBot/install/table_plate_demo/share/table_plate_demo/environment/ament_prefix_path.dsv
[0.257s] -- Up-to-date: /home/ubuntu/DishBot/install/table_plate_demo/share/table_plate_demo/environment/path.sh
[0.258s] -- Up-to-date: /home/ubuntu/DishBot/install/table_plate_demo/share/table_plate_demo/environment/path.dsv
[0.258s] -- Up-to-date: /home/ubuntu/DishBot/install/table_plate_demo/share/table_plate_demo/local_setup.bash
[0.258s] -- Up-to-date: /home/ubuntu/DishBot/install/table_plate_demo/share/table_plate_demo/local_setup.sh
[0.258s] -- Up-to-date: /home/ubuntu/DishBot/install/table_plate_demo/share/table_plate_demo/local_setup.zsh
[0.259s] -- Up-to-date: /home/ubuntu/DishBot/install/table_plate_demo/share/table_plate_demo/local_setup.dsv
[0.260s] -- Installing: /home/ubuntu/DishBot/install/table_plate_demo/share/table_plate_demo/package.dsv
[0.261s] -- Up-to-date: /home/ubuntu/DishBot/install/table_plate_demo/share/ament_index/resource_index/packages/table_plate_demo
[0.261s] -- Up-to-date: /home/ubuntu/DishBot/install/table_plate_demo/share/table_plate_demo/cmake/table_plate_demoConfig.cmake
[0.262s] -- Up-to-date: /home/ubuntu/DishBot/install/table_plate_demo/share/table_plate_demo/cmake/table_plate_demoConfig-version.cmake
[0.262s] -- Up-to-date: /home/ubuntu/DishBot/install/table_plate_demo/share/table_plate_demo/package.xml
[0.263s] Invoked command in '/home/ubuntu/DishBot/build/table_plate_demo' returned '0': CMAKE_PREFIX_PATH=${CMAKE_PREFIX_PATH}:/home/ubuntu/ros2_ws/install/grasp_training:/home/ubuntu/ros2_ws/install/domain_randomization:/opt/ros/jazzy DEBUGINFOD_URLS=https://debuginfod.ubuntu.com /usr/bin/cmake --install /home/ubuntu/DishBot/build/table_plate_demo
