[0.022s] Invoking command in '/home/ubuntu/DishBot/build/table_plate_demo': CMAKE_PREFIX_PATH=${CMAKE_PREFIX_PATH}:/home/ubuntu/ros2_ws/install/grasp_training:/home/ubuntu/ros2_ws/install/domain_randomization:/opt/ros/jazzy DEBUGINFOD_URLS=https://debuginfod.ubuntu.com /usr/bin/cmake /home/ubuntu/DishBot/src/table_plate_demo -DCMAKE_INSTALL_PREFIX=/home/ubuntu/DishBot/install/table_plate_demo
[0.151s] -- The C compiler identification is GNU 13.3.0
[0.298s] -- The CXX compiler identification is GNU 13.3.0
[0.373s] -- Detecting C compiler ABI info
[0.724s] -- Detecting C compiler ABI info - done
[0.737s] -- Check for working C compiler: /usr/bin/cc - skipped
[0.737s] -- Detecting C compile features
[0.738s] -- Detecting C compile features - done
[0.770s] -- Detecting CXX compiler ABI info
[1.070s] -- Detecting CXX compiler ABI info - done
[1.099s] -- Check for working CXX compiler: /usr/bin/c++ - skipped
[1.101s] -- Detecting CXX compile features
[1.102s] -- Detecting CXX compile features - done
[1.120s] -- Found ament_cmake: 2.5.3 (/opt/ros/jazzy/share/ament_cmake/cmake)
[1.579s] -- Found Python3: /usr/bin/python3 (found version "3.12.3") found components: Interpreter 
[2.186s] -- Configuring done (2.1s)
[2.201s] -- Generating done (0.0s)
[2.206s] -- Build files have been written to: /home/ubuntu/DishBot/build/table_plate_demo
[2.221s] Invoked command in '/home/ubuntu/DishBot/build/table_plate_demo' returned '0': CMAKE_PREFIX_PATH=${CMAKE_PREFIX_PATH}:/home/ubuntu/ros2_ws/install/grasp_training:/home/ubuntu/ros2_ws/install/domain_randomization:/opt/ros/jazzy DEBUGINFOD_URLS=https://debuginfod.ubuntu.com /usr/bin/cmake /home/ubuntu/DishBot/src/table_plate_demo -DCMAKE_INSTALL_PREFIX=/home/ubuntu/DishBot/install/table_plate_demo
[2.226s] Invoking command in '/home/ubuntu/DishBot/build/table_plate_demo': CMAKE_PREFIX_PATH=${CMAKE_PREFIX_PATH}:/home/ubuntu/ros2_ws/install/grasp_training:/home/ubuntu/ros2_ws/install/domain_randomization:/opt/ros/jazzy DEBUGINFOD_URLS=https://debuginfod.ubuntu.com /usr/bin/cmake --build /home/ubuntu/DishBot/build/table_plate_demo -- -j12 -l12
[2.397s] Invoked command in '/home/ubuntu/DishBot/build/table_plate_demo' returned '0': CMAKE_PREFIX_PATH=${CMAKE_PREFIX_PATH}:/home/ubuntu/ros2_ws/install/grasp_training:/home/ubuntu/ros2_ws/install/domain_randomization:/opt/ros/jazzy DEBUGINFOD_URLS=https://debuginfod.ubuntu.com /usr/bin/cmake --build /home/ubuntu/DishBot/build/table_plate_demo -- -j12 -l12
[2.434s] Invoking command in '/home/ubuntu/DishBot/build/table_plate_demo': CMAKE_PREFIX_PATH=${CMAKE_PREFIX_PATH}:/home/ubuntu/ros2_ws/install/grasp_training:/home/ubuntu/ros2_ws/install/domain_randomization:/opt/ros/jazzy DEBUGINFOD_URLS=https://debuginfod.ubuntu.com /usr/bin/cmake --install /home/ubuntu/DishBot/build/table_plate_demo
[2.454s] -- Install configuration: ""
[2.454s] -- Installing: /home/ubuntu/DishBot/install/table_plate_demo/share/table_plate_demo//launch
[2.454s] -- Installing: /home/ubuntu/DishBot/install/table_plate_demo/share/table_plate_demo//launch/table_plate_demo.launch.py
[2.455s] -- Installing: /home/ubuntu/DishBot/install/table_plate_demo/share/ament_index/resource_index/package_run_dependencies/table_plate_demo
[2.455s] -- Installing: /home/ubuntu/DishBot/install/table_plate_demo/share/ament_index/resource_index/parent_prefix_path/table_plate_demo
[2.455s] -- Installing: /home/ubuntu/DishBot/install/table_plate_demo/share/table_plate_demo/environment/ament_prefix_path.sh
[2.455s] -- Installing: /home/ubuntu/DishBot/install/table_plate_demo/share/table_plate_demo/environment/ament_prefix_path.dsv
[2.455s] -- Installing: /home/ubuntu/DishBot/install/table_plate_demo/share/table_plate_demo/environment/path.sh
[2.456s] -- Installing: /home/ubuntu/DishBot/install/table_plate_demo/share/table_plate_demo/environment/path.dsv
[2.456s] -- Installing: /home/ubuntu/DishBot/install/table_plate_demo/share/table_plate_demo/local_setup.bash
[2.456s] -- Installing: /home/ubuntu/DishBot/install/table_plate_demo/share/table_plate_demo/local_setup.sh
[2.457s] -- Installing: /home/ubuntu/DishBot/install/table_plate_demo/share/table_plate_demo/local_setup.zsh
[2.457s] -- Installing: /home/ubuntu/DishBot/install/table_plate_demo/share/table_plate_demo/local_setup.dsv
[2.457s] -- Installing: /home/ubuntu/DishBot/install/table_plate_demo/share/table_plate_demo/package.dsv
[2.458s] -- Installing: /home/ubuntu/DishBot/install/table_plate_demo/share/ament_index/resource_index/packages/table_plate_demo
[2.458s] -- Installing: /home/ubuntu/DishBot/install/table_plate_demo/share/table_plate_demo/cmake/table_plate_demoConfig.cmake
[2.459s] -- Installing: /home/ubuntu/DishBot/install/table_plate_demo/share/table_plate_demo/cmake/table_plate_demoConfig-version.cmake
[2.459s] -- Installing: /home/ubuntu/DishBot/install/table_plate_demo/share/table_plate_demo/package.xml
[2.464s] Invoked command in '/home/ubuntu/DishBot/build/table_plate_demo' returned '0': CMAKE_PREFIX_PATH=${CMAKE_PREFIX_PATH}:/home/ubuntu/ros2_ws/install/grasp_training:/home/ubuntu/ros2_ws/install/domain_randomization:/opt/ros/jazzy DEBUGINFOD_URLS=https://debuginfod.ubuntu.com /usr/bin/cmake --install /home/ubuntu/DishBot/build/table_plate_demo
