[0.075s] Invoking command in '/home/ubuntu/DishBot/build/gz_ros2_control': CMAKE_PREFIX_PATH=${CMAKE_PREFIX_PATH}:/home/ubuntu/ros2_ws/install/grasp_training:/home/ubuntu/ros2_ws/install/domain_randomization:/opt/ros/jazzy DEBUGINFOD_URLS=https://debuginfod.ubuntu.com /usr/bin/cmake /home/ubuntu/DishBot/src/gz_ros2_control/gz_ros2_control -DCMAKE_INSTALL_PREFIX=/home/ubuntu/DishBot/install/gz_ros2_control
[0.989s] -- The C compiler identification is GNU 13.3.0
[1.164s] -- The CXX compiler identification is GNU 13.3.0
[1.201s] -- Detecting C compiler ABI info
[1.494s] -- Detecting C compiler ABI info - done
[1.509s] -- Check for working C compiler: /usr/bin/cc - skipped
[1.509s] -- Detecting C compile features
[1.510s] -- Detecting C compile features - done
[1.540s] -- Detecting CXX compiler ABI info
[1.790s] -- Detecting CXX compiler ABI info - done
[1.802s] -- Check for working CXX compiler: /usr/bin/c++ - skipped
[1.802s] -- Detecting CXX compile features
[1.802s] -- Detecting CXX compile features - done
[1.815s] -- Found ament_cmake: 2.5.3 (/opt/ros/jazzy/share/ament_cmake/cmake)
[2.152s] -- Found Python3: /usr/bin/python3 (found version "3.12.3") found components: Interpreter 
[2.445s] -- Found ament_index_cpp: 1.8.1 (/opt/ros/jazzy/share/ament_index_cpp/cmake)
[2.468s] -- Found controller_manager: 4.27.0 (/opt/ros/jazzy/share/controller_manager/cmake)
[2.741s] -- Found rosidl_generator_c: 4.6.5 (/opt/ros/jazzy/share/rosidl_generator_c/cmake)
[2.794s] -- Found rosidl_generator_cpp: 4.6.5 (/opt/ros/jazzy/share/rosidl_generator_cpp/cmake)
[2.869s] -- Using all available rosidl_typesupport_c: rosidl_typesupport_fastrtps_c;rosidl_typesupport_introspection_c
[2.911s] -- Using all available rosidl_typesupport_cpp: rosidl_typesupport_fastrtps_cpp;rosidl_typesupport_introspection_cpp
[3.178s] -- Found rmw_implementation_cmake: 7.3.1 (/opt/ros/jazzy/share/rmw_implementation_cmake/cmake)
[3.197s] -- Found rmw_fastrtps_cpp: 8.4.1 (/opt/ros/jazzy/share/rmw_fastrtps_cpp/cmake)
[3.491s] -- Found OpenSSL: /usr/lib/x86_64-linux-gnu/libcrypto.so (found version "3.0.13")  
[3.563s] -- Found FastRTPS: /opt/ros/jazzy/include (Required is at least version "2.13") 
[3.615s] -- Using RMW implementation 'rmw_fastrtps_cpp' as default
[5.360s] -- Found yaml_cpp_vendor: 9.0.1 (/opt/ros/jazzy/share/yaml_cpp_vendor/cmake)
[5.360s] -- Setting yaml-cpp_DIR to: '/opt/ros/jazzy/share/yaml_cpp_vendor/cmake/../../../opt/yaml_cpp_vendor/share/cmake/yaml-cpp'
[5.369s] -- Found gz_sim_vendor: 0.0.8 (/opt/ros/jazzy/share/gz_sim_vendor/cmake)
[5.573s] -- Looking for gz-sim8 -- found version 8.9.0
[5.597s] -- Searching for dependencies of gz-sim8
[5.603s] -- Looking for sdformat14 -- found version 14.7.0
[5.603s] -- Searching for dependencies of sdformat14
[5.614s] -- Checking for module 'tinyxml2'
[5.674s] --   Found tinyxml2, version 10.0.0
[5.783s] -- Looking for gz-math7 -- found version 7.5.2
[5.784s] -- Searching for dependencies of gz-math7
[5.797s] -- Looking for gz-utils2 -- found version 2.2.1
[5.797s] -- Searching for dependencies of gz-utils2
[5.801s] -- Looking for gz-utils2 -- found version 2.2.1
[5.801s] -- Searching for dependencies of gz-utils2
[5.801s] -- Searching for <gz-utils2> component [cli]
[5.811s] -- Looking for gz-utils2-cli -- found version 2.2.1
[5.811s] -- Searching for dependencies of gz-utils2-cli
[5.822s] -- Looking for gz-plugin2 -- found version 2.0.4
[5.822s] -- Searching for dependencies of gz-plugin2
[5.823s] -- Looking for gz-utils2 -- found version 2.2.1
[5.826s] -- Searching for <gz-plugin2> component [loader]
[5.844s] -- Looking for gz-plugin2-loader -- found version 2.0.4
[5.845s] -- Searching for dependencies of gz-plugin2-loader
[5.848s] -- Searching for <gz-plugin2> component [register]
[5.865s] -- Looking for gz-plugin2-register -- found version 2.0.4
[5.866s] -- Searching for dependencies of gz-plugin2-register
[5.879s] -- Looking for gz-transport13 -- found version 13.4.1
[5.879s] -- Searching for dependencies of gz-transport13
[5.990s] -- Found Protobuf: /usr/lib/x86_64-linux-gnu/libprotobuf.so (found version "3.21.12") 
[6.060s] -- Config-file not installed for ZeroMQ -- checking for pkg-config
[6.072s] -- Checking for module 'libzmq >= 4'
[6.109s] --   Found libzmq, version 4.3.5
[6.250s] -- Found ZeroMQ: TRUE (Required is at least version "4") 
[6.276s] -- Checking for module 'uuid'
[6.320s] --   Found uuid, version 2.39.3
[6.421s] -- Found UUID: TRUE  
[6.422s] -- Looking for gz-utils2 -- found version 2.2.1
[6.429s] -- Looking for gz-msgs10 -- found version 10.3.2
[6.430s] -- Searching for dependencies of gz-msgs10
[6.517s] -- Looking for gz-utils2 -- found version 2.2.1
[6.517s] -- Looking for gz-math7 -- found version 7.5.2
[6.537s] -- Searching for <gz-transport13> component [log]
[6.551s] -- Looking for gz-transport13-log -- found version 13.4.1
[6.553s] -- Searching for dependencies of gz-transport13-log
[6.557s] -- Searching for <gz-transport13> component [parameters]
[6.570s] -- Looking for gz-transport13-parameters -- found version 13.4.1
[6.570s] -- Searching for dependencies of gz-transport13-parameters
[6.573s] -- Looking for gz-msgs10 -- found version 10.3.2
[6.580s] -- Looking for gz-common5 -- found version 5.7.1
[6.580s] -- Searching for dependencies of gz-common5
[6.581s] -- Looking for gz-utils2 -- found version 2.2.1
[6.584s] -- Looking for dlfcn.h - found
[6.586s] -- Looking for libdl - found
[6.588s] -- Found DL: TRUE  
[6.602s] -- Searching for <gz-common5> component [av]
[6.609s] -- Looking for gz-common5-av -- found version 5.7.1
[6.609s] -- Searching for dependencies of gz-common5-av
[6.619s] -- Checking for module 'libswscale'
[6.679s] --   Found libswscale, version 7.5.100
[6.747s] -- Found SWSCALE: TRUE  
[6.755s] -- Checking for module 'libavdevice >= 56.4.100'
[6.786s] --   Found libavdevice, version 60.3.100
[6.902s] -- Found AVDEVICE: TRUE (Required is at least version "56.4.100") 
[6.912s] -- Checking for module 'libavformat'
[6.952s] --   Found libavformat, version 60.16.100
[7.059s] -- Found AVFORMAT: TRUE  
[7.068s] -- Checking for module 'libavcodec'
[7.101s] --   Found libavcodec, version 60.31.102
[7.169s] -- Found AVCODEC: TRUE  
[7.178s] -- Checking for module 'libavutil'
[7.206s] --   Found libavutil, version 58.29.100
[7.276s] -- Found AVUTIL: TRUE  
[7.277s] -- Searching for <gz-common5> component [events]
[7.287s] -- Looking for gz-common5-events -- found version 5.7.1
[7.287s] -- Searching for dependencies of gz-common5-events
[7.288s] -- Looking for gz-math7 -- found version 7.5.2
[7.289s] -- Searching for <gz-common5> component [graphics]
[7.298s] -- Looking for gz-common5-graphics -- found version 5.7.1
[7.298s] -- Searching for dependencies of gz-common5-graphics
[7.299s] -- Looking for gz-math7 -- found version 7.5.2
[7.313s] -- Found GzAssimp: TRUE (found version "5.3.0") 
[7.314s] -- Searching for <gz-common5> component [io]
[7.319s] -- Looking for gz-common5-io -- found version 5.7.1
[7.319s] -- Searching for dependencies of gz-common5-io
[7.320s] -- Searching for <gz-common5> component [profiler]
[7.326s] -- Looking for gz-common5-profiler -- found version 5.7.1
[7.327s] -- Searching for dependencies of gz-common5-profiler
[7.336s] -- Looking for gz-fuel_tools9 -- found version 9.1.1
[7.336s] -- Searching for dependencies of gz-fuel_tools9
[7.575s] -- Found CURL: /usr/lib/x86_64-linux-gnu/libcurl.so (found version "8.5.0")  
[7.613s] -- Checking for module 'jsoncpp'
[7.677s] --   Found jsoncpp, version 1.9.5
[7.752s] -- Found JSONCPP: TRUE  
[7.817s] -- Checking for module 'yaml-0.1'
[7.876s] --   Found yaml-0.1, version 0.2.5
[7.966s] -- Found YAML: TRUE  
[7.982s] -- Checking for module 'libzip'
[8.021s] --   Found libzip, version 1.7.3
[8.120s] -- Found ZIP: TRUE  
[8.121s] -- Looking for gz-utils2 -- found version 2.2.1
[8.122s] -- Looking for gz-common5 -- found version 5.7.1
[8.122s] -- Searching for dependencies of gz-common5
[8.124s] -- Looking for gz-utils2 -- found version 2.2.1
[8.124s] -- Looking for dlfcn.h - found
[8.124s] -- Looking for libdl - found
[8.145s] -- Searching for <gz-common5> component [testing]
[8.165s] -- Looking for gz-common5-testing -- found version 5.7.1
[8.166s] -- Searching for dependencies of gz-common5-testing
[8.173s] -- Looking for gz-math7 -- found version 7.5.2
[8.175s] -- Looking for gz-msgs10 -- found version 10.3.2
[8.198s] -- Looking for gz-gui8 -- found version 8.4.0
[8.198s] -- Searching for dependencies of gz-gui8
[8.317s] -- Looking for gz-utils2 -- found version 2.2.1
[8.317s] -- Looking for gz-math7 -- found version 7.5.2
[8.318s] -- Looking for gz-common5 -- found version 5.7.1
[8.319s] -- Looking for gz-plugin2 -- found version 2.0.4
[8.320s] -- Looking for gz-transport13 -- found version 13.4.1
[8.328s] -- Looking for gz-rendering8 -- found version 8.2.2
[8.328s] -- Searching for dependencies of gz-rendering8
[8.328s] -- Looking for gz-math7 -- found version 7.5.2
[8.329s] -- Searching for dependencies of gz-math7
[8.329s] -- Looking for gz-utils2 -- found version 2.2.1
[8.330s] -- Searching for <gz-math7> component [eigen3]
[8.336s] -- Looking for gz-math7-eigen3 -- found version 7.5.2
[8.336s] -- Searching for dependencies of gz-math7-eigen3
[8.339s] -- Looking for gz-common5 -- found version 5.7.1
[8.339s] -- Searching for dependencies of gz-common5
[8.339s] -- Looking for gz-utils2 -- found version 2.2.1
[8.340s] -- Looking for dlfcn.h - found
[8.340s] -- Looking for libdl - found
[8.366s] -- Searching for <gz-common5> component [graphics]
[8.366s] -- Searching for <gz-common5> component [events]
[8.366s] -- Searching for <gz-common5> component [geospatial]
[8.377s] -- Looking for gz-common5-geospatial -- found version 5.7.1
[8.377s] -- Searching for dependencies of gz-common5-geospatial
[8.379s] -- Looking for gz-math7 -- found version 7.5.2
[8.380s] -- Looking for gz-common5 -- found version 5.7.1
[8.383s] -- Looking for gz-plugin2 -- found version 2.0.4
[8.384s] -- Searching for dependencies of gz-plugin2
[8.385s] -- Looking for gz-utils2 -- found version 2.2.1
[8.385s] -- Searching for <gz-plugin2> component [all]
[8.397s] -- Looking for all libraries of gz-plugin2 -- found version 2.0.4
[8.398s] -- Looking for gz-plugin2 -- found version 2.0.4
[8.401s] -- Looking for gz-utils2 -- found version 2.2.1
[8.460s] -- Found OpenGL: /usr/lib/x86_64-linux-gnu/libOpenGL.so  found components: OpenGL 
[8.465s] -- Looking for gz-msgs10 -- found version 10.3.2
[8.544s] -- Looking for gz-physics7 -- found version 7.5.0
[8.545s] -- Searching for dependencies of gz-physics7
[8.546s] -- Looking for gz-common5 -- found version 5.7.1
[8.547s] -- Looking for gz-math7 -- found version 7.5.2
[8.549s] -- Looking for gz-plugin2 -- found version 2.0.4
[8.550s] -- Looking for gz-utils2 -- found version 2.2.1
[8.557s] -- Searching for <gz-physics7> component [heightmap]
[8.569s] -- Looking for gz-physics7-heightmap -- found version 7.5.0
[8.570s] -- Searching for dependencies of gz-physics7-heightmap
[8.571s] -- Looking for gz-common5 -- found version 5.7.1
[8.573s] -- Searching for <gz-physics7> component [mesh]
[8.585s] -- Looking for gz-physics7-mesh -- found version 7.5.0
[8.585s] -- Searching for dependencies of gz-physics7-mesh
[8.586s] -- Looking for gz-common5 -- found version 5.7.1
[8.588s] -- Searching for <gz-physics7> component [sdf]
[8.599s] -- Looking for gz-physics7-sdf -- found version 7.5.0
[8.599s] -- Searching for dependencies of gz-physics7-sdf
[8.600s] -- Looking for sdformat14 -- found version 14.7.0
[8.611s] -- Looking for gz-sensors8 -- found version 8.2.2
[8.611s] -- Searching for dependencies of gz-sensors8
[8.710s] -- Looking for gz-math7 -- found version 7.5.2
[8.710s] -- Looking for gz-common5 -- found version 5.7.1
[8.711s] -- Looking for gz-transport13 -- found version 13.4.1
[8.712s] -- Looking for gz-rendering8 -- found version 8.2.2
[8.713s] -- Looking for gz-msgs10 -- found version 10.3.2
[8.714s] -- Looking for sdformat14 -- found version 14.7.0
[8.715s] -- Searching for <gz-sensors8> component [air_pressure]
[8.721s] -- Looking for gz-sensors8-air_pressure -- found version 8.2.2
[8.721s] -- Searching for dependencies of gz-sensors8-air_pressure
[8.723s] -- Searching for <gz-sensors8> component [air_speed]
[8.728s] -- Looking for gz-sensors8-air_speed -- found version 8.2.2
[8.728s] -- Searching for dependencies of gz-sensors8-air_speed
[8.730s] -- Searching for <gz-sensors8> component [altimeter]
[8.739s] -- Looking for gz-sensors8-altimeter -- found version 8.2.2
[8.740s] -- Searching for dependencies of gz-sensors8-altimeter
[8.744s] -- Searching for <gz-sensors8> component [imu]
[8.760s] -- Looking for gz-sensors8-imu -- found version 8.2.2
[8.760s] -- Searching for dependencies of gz-sensors8-imu
[8.761s] -- Searching for <gz-sensors8> component [force_torque]
[8.775s] -- Looking for gz-sensors8-force_torque -- found version 8.2.2
[8.776s] -- Searching for dependencies of gz-sensors8-force_torque
[8.778s] -- Searching for <gz-sensors8> component [logical_camera]
[8.787s] -- Looking for gz-sensors8-logical_camera -- found version 8.2.2
[8.787s] -- Searching for dependencies of gz-sensors8-logical_camera
[8.788s] -- Searching for <gz-sensors8> component [magnetometer]
[8.795s] -- Looking for gz-sensors8-magnetometer -- found version 8.2.2
[8.795s] -- Searching for dependencies of gz-sensors8-magnetometer
[8.797s] -- Searching for <gz-sensors8> component [navsat]
[8.803s] -- Looking for gz-sensors8-navsat -- found version 8.2.2
[8.803s] -- Searching for dependencies of gz-sensors8-navsat
[8.804s] -- Searching for <gz-sensors8> component [dvl]
[8.809s] -- Looking for gz-sensors8-dvl -- found version 8.2.2
[8.810s] -- Searching for dependencies of gz-sensors8-dvl
[8.810s] -- Looking for gz-sensors8 -- found version 8.2.2
[8.810s] -- Searching for dependencies of gz-sensors8
[8.889s] -- Looking for gz-math7 -- found version 7.5.2
[8.890s] -- Looking for gz-common5 -- found version 5.7.1
[8.891s] -- Looking for gz-transport13 -- found version 13.4.1
[8.891s] -- Looking for gz-rendering8 -- found version 8.2.2
[8.892s] -- Looking for gz-msgs10 -- found version 10.3.2
[8.893s] -- Looking for sdformat14 -- found version 14.7.0
[8.893s] -- Searching for <gz-sensors8> component [rendering]
[8.898s] -- Looking for gz-sensors8-rendering -- found version 8.2.2
[8.898s] -- Searching for dependencies of gz-sensors8-rendering
[8.901s] -- Searching for <gz-sensors8> component [rendering]
[8.901s] -- Searching for <gz-sensors8> component [lidar]
[8.905s] -- Looking for gz-sensors8-lidar -- found version 8.2.2
[8.905s] -- Searching for dependencies of gz-sensors8-lidar
[8.906s] -- Looking for gz-sensors8 -- found version 8.2.2
[8.907s] -- Searching for <gz-sensors8> component [gpu_lidar]
[8.911s] -- Looking for gz-sensors8-gpu_lidar -- found version 8.2.2
[8.912s] -- Searching for dependencies of gz-sensors8-gpu_lidar
[8.912s] -- Looking for gz-sensors8 -- found version 8.2.2
[8.913s] -- Searching for <gz-sensors8> component [camera]
[8.917s] -- Looking for gz-sensors8-camera -- found version 8.2.2
[8.917s] -- Searching for dependencies of gz-sensors8-camera
[8.917s] -- Looking for gz-sensors8 -- found version 8.2.2
[8.919s] -- Searching for <gz-sensors8> component [boundingbox_camera]
[8.923s] -- Looking for gz-sensors8-boundingbox_camera -- found version 8.2.2
[8.923s] -- Searching for dependencies of gz-sensors8-boundingbox_camera
[8.924s] -- Searching for <gz-sensors8> component [segmentation_camera]
[8.928s] -- Looking for gz-sensors8-segmentation_camera -- found version 8.2.2
[8.928s] -- Searching for dependencies of gz-sensors8-segmentation_camera
[8.929s] -- Searching for <gz-sensors8> component [depth_camera]
[8.936s] -- Looking for gz-sensors8-depth_camera -- found version 8.2.2
[8.937s] -- Searching for dependencies of gz-sensors8-depth_camera
[8.938s] -- Looking for gz-sensors8 -- found version 8.2.2
[8.943s] -- Searching for <gz-sensors8> component [rgbd_camera]
[8.953s] -- Looking for gz-sensors8-rgbd_camera -- found version 8.2.2
[8.954s] -- Searching for dependencies of gz-sensors8-rgbd_camera
[8.955s] -- Looking for gz-sensors8 -- found version 8.2.2
[8.957s] -- Searching for <gz-sensors8> component [thermal_camera]
[8.966s] -- Looking for gz-sensors8-thermal_camera -- found version 8.2.2
[8.966s] -- Searching for dependencies of gz-sensors8-thermal_camera
[8.967s] -- Looking for gz-sensors8 -- found version 8.2.2
[8.968s] -- Searching for <gz-sensors8> component [wide_angle_camera]
[8.976s] -- Looking for gz-sensors8-wide_angle_camera -- found version 8.2.2
[8.976s] -- Searching for dependencies of gz-sensors8-wide_angle_camera
[8.979s] -- Looking for gz-rendering8 -- found version 8.2.2
[8.980s] -- Looking for gz-math7 -- found version 7.5.2
[8.981s] -- Looking for gz-utils2 -- found version 2.2.1
[9.061s] -- Looking for gz-plugin2 -- found version 2.0.4
[9.076s] -- Found ament_lint_auto: 0.17.1 (/opt/ros/jazzy/share/ament_lint_auto/cmake)
[9.307s] -- Added test 'copyright' to check source files copyright and LICENSE
[9.310s] -- Added test 'cppcheck' to perform static code analysis on C / C++ code
[9.311s] -- Configured cppcheck include dirs: /home/ubuntu/DishBot/src/gz_ros2_control/gz_ros2_control/include
[9.311s] -- Configured cppcheck exclude dirs and/or files: 
[9.314s] -- Added test 'cpplint' to check C / C++ code against the Google style
[9.314s] -- Configured cpplint exclude dirs and/or files: 
[9.316s] -- Added test 'lint_cmake' to check CMake code style
[9.319s] -- Added test 'uncrustify' to check C / C++ code style
[9.319s] -- Configured uncrustify additional arguments: 
[9.322s] -- Added test 'xmllint' to check XML markup files
[9.328s] -- Configuring done (9.2s)
[9.479s] -- Generating done (0.1s)
[9.491s] -- Build files have been written to: /home/ubuntu/DishBot/build/gz_ros2_control
[9.519s] Invoked command in '/home/ubuntu/DishBot/build/gz_ros2_control' returned '0': CMAKE_PREFIX_PATH=${CMAKE_PREFIX_PATH}:/home/ubuntu/ros2_ws/install/grasp_training:/home/ubuntu/ros2_ws/install/domain_randomization:/opt/ros/jazzy DEBUGINFOD_URLS=https://debuginfod.ubuntu.com /usr/bin/cmake /home/ubuntu/DishBot/src/gz_ros2_control/gz_ros2_control -DCMAKE_INSTALL_PREFIX=/home/ubuntu/DishBot/install/gz_ros2_control
[9.521s] Invoking command in '/home/ubuntu/DishBot/build/gz_ros2_control': CMAKE_PREFIX_PATH=${CMAKE_PREFIX_PATH}:/home/ubuntu/ros2_ws/install/grasp_training:/home/ubuntu/ros2_ws/install/domain_randomization:/opt/ros/jazzy DEBUGINFOD_URLS=https://debuginfod.ubuntu.com /usr/bin/cmake --build /home/ubuntu/DishBot/build/gz_ros2_control -- -j12 -l12
[9.652s] [ 25%] [32mBuilding CXX object CMakeFiles/gz_ros2_control-system.dir/src/gz_ros2_control_plugin.cpp.o[0m
[9.658s] [ 50%] [32mBuilding CXX object CMakeFiles/gz_hardware_plugins.dir/src/gz_system.cpp.o[0m
[25.034s] [ 75%] [32m[1mLinking CXX shared library libgz_hardware_plugins.so[0m
[26.186s] [ 75%] Built target gz_hardware_plugins
[26.358s] [100%] [32m[1mLinking CXX shared library libgz_ros2_control-system.so[0m
[27.400s] [100%] Built target gz_ros2_control-system
[27.424s] Invoked command in '/home/ubuntu/DishBot/build/gz_ros2_control' returned '0': CMAKE_PREFIX_PATH=${CMAKE_PREFIX_PATH}:/home/ubuntu/ros2_ws/install/grasp_training:/home/ubuntu/ros2_ws/install/domain_randomization:/opt/ros/jazzy DEBUGINFOD_URLS=https://debuginfod.ubuntu.com /usr/bin/cmake --build /home/ubuntu/DishBot/build/gz_ros2_control -- -j12 -l12
[27.425s] Invoking command in '/home/ubuntu/DishBot/build/gz_ros2_control': CMAKE_PREFIX_PATH=${CMAKE_PREFIX_PATH}:/home/ubuntu/ros2_ws/install/grasp_training:/home/ubuntu/ros2_ws/install/domain_randomization:/opt/ros/jazzy DEBUGINFOD_URLS=https://debuginfod.ubuntu.com /usr/bin/cmake --install /home/ubuntu/DishBot/build/gz_ros2_control
[27.438s] -- Install configuration: ""
[27.438s] -- Installing: /home/ubuntu/DishBot/install/gz_ros2_control/lib/libgz_hardware_plugins.so
[27.443s] -- Set non-toolchain portion of runtime path of "/home/ubuntu/DishBot/install/gz_ros2_control/lib/libgz_hardware_plugins.so" to ""
[27.443s] -- Installing: /home/ubuntu/DishBot/install/gz_ros2_control/include
[27.443s] -- Installing: /home/ubuntu/DishBot/install/gz_ros2_control/include/gz_ros2_control
[27.443s] -- Installing: /home/ubuntu/DishBot/install/gz_ros2_control/include/gz_ros2_control/gz_ros2_control_plugin.hpp
[27.443s] -- Installing: /home/ubuntu/DishBot/install/gz_ros2_control/include/gz_ros2_control/gz_system_interface.hpp
[27.444s] -- Installing: /home/ubuntu/DishBot/install/gz_ros2_control/include/gz_ros2_control/gz_system.hpp
[27.444s] -- Installing: /home/ubuntu/DishBot/install/gz_ros2_control/share/gz_ros2_control/environment/library_path.sh
[27.444s] -- Installing: /home/ubuntu/DishBot/install/gz_ros2_control/share/gz_ros2_control/environment/library_path.dsv
[27.444s] -- Installing: /home/ubuntu/DishBot/install/gz_ros2_control/lib/libgz_ros2_control-system.so
[27.449s] -- Set non-toolchain portion of runtime path of "/home/ubuntu/DishBot/install/gz_ros2_control/lib/libgz_ros2_control-system.so" to ""
[27.449s] -- Installing: /home/ubuntu/DishBot/install/gz_ros2_control/share/gz_ros2_control/gz_hardware_plugins.xml
[27.449s] -- Installing: /home/ubuntu/DishBot/install/gz_ros2_control/share/ament_index/resource_index/package_run_dependencies/gz_ros2_control
[27.449s] -- Installing: /home/ubuntu/DishBot/install/gz_ros2_control/share/ament_index/resource_index/parent_prefix_path/gz_ros2_control
[27.450s] -- Installing: /home/ubuntu/DishBot/install/gz_ros2_control/share/gz_ros2_control/environment/ament_prefix_path.sh
[27.450s] -- Installing: /home/ubuntu/DishBot/install/gz_ros2_control/share/gz_ros2_control/environment/ament_prefix_path.dsv
[27.450s] -- Installing: /home/ubuntu/DishBot/install/gz_ros2_control/share/gz_ros2_control/environment/path.sh
[27.450s] -- Installing: /home/ubuntu/DishBot/install/gz_ros2_control/share/gz_ros2_control/environment/path.dsv
[27.450s] -- Installing: /home/ubuntu/DishBot/install/gz_ros2_control/share/gz_ros2_control/local_setup.bash
[27.450s] -- Installing: /home/ubuntu/DishBot/install/gz_ros2_control/share/gz_ros2_control/local_setup.sh
[27.451s] -- Installing: /home/ubuntu/DishBot/install/gz_ros2_control/share/gz_ros2_control/local_setup.zsh
[27.451s] -- Installing: /home/ubuntu/DishBot/install/gz_ros2_control/share/gz_ros2_control/local_setup.dsv
[27.451s] -- Installing: /home/ubuntu/DishBot/install/gz_ros2_control/share/gz_ros2_control/package.dsv
[27.451s] -- Installing: /home/ubuntu/DishBot/install/gz_ros2_control/share/ament_index/resource_index/packages/gz_ros2_control
[27.451s] -- Installing: /home/ubuntu/DishBot/install/gz_ros2_control/share/ament_index/resource_index/gz_ros2_control__pluginlib__plugin/gz_ros2_control
[27.451s] -- Installing: /home/ubuntu/DishBot/install/gz_ros2_control/share/gz_ros2_control/cmake/ament_cmake_export_include_directories-extras.cmake
[27.451s] -- Installing: /home/ubuntu/DishBot/install/gz_ros2_control/share/gz_ros2_control/cmake/ament_cmake_export_libraries-extras.cmake
[27.452s] -- Installing: /home/ubuntu/DishBot/install/gz_ros2_control/share/gz_ros2_control/cmake/gz_ros2_controlConfig.cmake
[27.452s] -- Installing: /home/ubuntu/DishBot/install/gz_ros2_control/share/gz_ros2_control/cmake/gz_ros2_controlConfig-version.cmake
[27.452s] -- Installing: /home/ubuntu/DishBot/install/gz_ros2_control/share/gz_ros2_control/package.xml
[27.455s] Invoked command in '/home/ubuntu/DishBot/build/gz_ros2_control' returned '0': CMAKE_PREFIX_PATH=${CMAKE_PREFIX_PATH}:/home/ubuntu/ros2_ws/install/grasp_training:/home/ubuntu/ros2_ws/install/domain_randomization:/opt/ros/jazzy DEBUGINFOD_URLS=https://debuginfod.ubuntu.com /usr/bin/cmake --install /home/ubuntu/DishBot/build/gz_ros2_control
