[0.016s] Invoking command in '/home/ubuntu/DishBot/build/kortex_description': AMENT_PREFIX_PATH=/home/ubuntu/DishBot/install/gz_ros2_control:${AMENT_PREFIX_PATH} CMAKE_PREFIX_PATH=/home/ubuntu/DishBot/install/gz_ros2_control:/home/ubuntu/DishBot/install/disbot_controller:/home/ubuntu/ros2_ws/install/kortex_moveit_config:/home/ubuntu/ros2_ws/install/kortex_bringup:/home/ubuntu/ros2_ws/install/kortex_driver:/home/ubuntu/ros2_ws/install/kinova_gen3_lite_moveit_config:/home/ubuntu/ros2_ws/install/kinova_gen3_7dof_robotiq_2f_85_moveit_config:/home/ubuntu/ros2_ws/install/kinova_gen3_6dof_robotiq_2f_85_moveit_config:/home/ubuntu/ros2_ws/install/kortex_description:/home/ubuntu/ros2_ws/install/kortex_api:/home/ubuntu/ros2_ws/install/kinova_scene_demo:/opt/ros/jazzy/opt/gz_sim_vendor:/opt/ros/jazzy/opt/gz_sensors_vendor:/opt/ros/jazzy/opt/gz_physics_vendor:/opt/ros/jazzy/opt/sdformat_vendor:/opt/ros/jazzy/opt/gz_gui_vendor:/opt/ros/jazzy/opt/gz_transport_vendor:/opt/ros/jazzy/opt/gz_rendering_vendor:/opt/ros/jazzy/opt/gz_plugin_vendor:/opt/ros/jazzy/opt/gz_fuel_tools_vendor:/opt/ros/jazzy/opt/gz_msgs_vendor:/opt/ros/jazzy/opt/gz_common_vendor:/opt/ros/jazzy/opt/gz_math_vendor:/opt/ros/jazzy/opt/gz_utils_vendor:/opt/ros/jazzy/opt/gz_tools_vendor:/opt/ros/jazzy/opt/gz_ogre_next_vendor:/opt/ros/jazzy/opt/gz_dartsim_vendor:/opt/ros/jazzy/opt/gz_cmake_vendor:/home/ubuntu/ros2_ws/install/grasp_training:/home/ubuntu/ros2_ws/install/domain_randomization:/opt/ros/jazzy DEBUGINFOD_URLS=https://debuginfod.ubuntu.com LD_LIBRARY_PATH=/home/ubuntu/DishBot/install/gz_ros2_control/lib:${LD_LIBRARY_PATH} /usr/bin/cmake /home/ubuntu/DishBot/src/ros2_kortex/kortex_description -DCMAKE_INSTALL_PREFIX=/home/ubuntu/DishBot/install/kortex_description
[0.095s] -- The C compiler identification is GNU 13.3.0
[0.208s] -- The CXX compiler identification is GNU 13.3.0
[0.243s] -- Detecting C compiler ABI info
[0.441s] -- Detecting C compiler ABI info - done
[0.475s] -- Check for working C compiler: /usr/bin/cc - skipped
[0.476s] -- Detecting C compile features
[0.477s] -- Detecting C compile features - done
[0.495s] -- Detecting CXX compiler ABI info
[0.730s] -- Detecting CXX compiler ABI info - done
[0.753s] -- Check for working CXX compiler: /usr/bin/c++ - skipped
[0.753s] -- Detecting CXX compile features
[0.754s] -- Detecting CXX compile features - done
[0.761s] -- Found ament_cmake: 2.5.3 (/opt/ros/jazzy/share/ament_cmake/cmake)
[1.006s] -- Found Python3: /usr/bin/python3 (found version "3.12.3") found components: Interpreter 
[1.357s] -- Configuring done (1.3s)
[1.364s] -- Generating done (0.0s)
[1.366s] -- Build files have been written to: /home/ubuntu/DishBot/build/kortex_description
[1.373s] Invoked command in '/home/ubuntu/DishBot/build/kortex_description' returned '0': AMENT_PREFIX_PATH=/home/ubuntu/DishBot/install/gz_ros2_control:${AMENT_PREFIX_PATH} CMAKE_PREFIX_PATH=/home/ubuntu/DishBot/install/gz_ros2_control:/home/ubuntu/DishBot/install/disbot_controller:/home/ubuntu/ros2_ws/install/kortex_moveit_config:/home/ubuntu/ros2_ws/install/kortex_bringup:/home/ubuntu/ros2_ws/install/kortex_driver:/home/ubuntu/ros2_ws/install/kinova_gen3_lite_moveit_config:/home/ubuntu/ros2_ws/install/kinova_gen3_7dof_robotiq_2f_85_moveit_config:/home/ubuntu/ros2_ws/install/kinova_gen3_6dof_robotiq_2f_85_moveit_config:/home/ubuntu/ros2_ws/install/kortex_description:/home/ubuntu/ros2_ws/install/kortex_api:/home/ubuntu/ros2_ws/install/kinova_scene_demo:/opt/ros/jazzy/opt/gz_sim_vendor:/opt/ros/jazzy/opt/gz_sensors_vendor:/opt/ros/jazzy/opt/gz_physics_vendor:/opt/ros/jazzy/opt/sdformat_vendor:/opt/ros/jazzy/opt/gz_gui_vendor:/opt/ros/jazzy/opt/gz_transport_vendor:/opt/ros/jazzy/opt/gz_rendering_vendor:/opt/ros/jazzy/opt/gz_plugin_vendor:/opt/ros/jazzy/opt/gz_fuel_tools_vendor:/opt/ros/jazzy/opt/gz_msgs_vendor:/opt/ros/jazzy/opt/gz_common_vendor:/opt/ros/jazzy/opt/gz_math_vendor:/opt/ros/jazzy/opt/gz_utils_vendor:/opt/ros/jazzy/opt/gz_tools_vendor:/opt/ros/jazzy/opt/gz_ogre_next_vendor:/opt/ros/jazzy/opt/gz_dartsim_vendor:/opt/ros/jazzy/opt/gz_cmake_vendor:/home/ubuntu/ros2_ws/install/grasp_training:/home/ubuntu/ros2_ws/install/domain_randomization:/opt/ros/jazzy DEBUGINFOD_URLS=https://debuginfod.ubuntu.com LD_LIBRARY_PATH=/home/ubuntu/DishBot/install/gz_ros2_control/lib:${LD_LIBRARY_PATH} /usr/bin/cmake /home/ubuntu/DishBot/src/ros2_kortex/kortex_description -DCMAKE_INSTALL_PREFIX=/home/ubuntu/DishBot/install/kortex_description
[1.375s] Invoking command in '/home/ubuntu/DishBot/build/kortex_description': AMENT_PREFIX_PATH=/home/ubuntu/DishBot/install/gz_ros2_control:${AMENT_PREFIX_PATH} CMAKE_PREFIX_PATH=/home/ubuntu/DishBot/install/gz_ros2_control:/home/ubuntu/DishBot/install/disbot_controller:/home/ubuntu/ros2_ws/install/kortex_moveit_config:/home/ubuntu/ros2_ws/install/kortex_bringup:/home/ubuntu/ros2_ws/install/kortex_driver:/home/ubuntu/ros2_ws/install/kinova_gen3_lite_moveit_config:/home/ubuntu/ros2_ws/install/kinova_gen3_7dof_robotiq_2f_85_moveit_config:/home/ubuntu/ros2_ws/install/kinova_gen3_6dof_robotiq_2f_85_moveit_config:/home/ubuntu/ros2_ws/install/kortex_description:/home/ubuntu/ros2_ws/install/kortex_api:/home/ubuntu/ros2_ws/install/kinova_scene_demo:/opt/ros/jazzy/opt/gz_sim_vendor:/opt/ros/jazzy/opt/gz_sensors_vendor:/opt/ros/jazzy/opt/gz_physics_vendor:/opt/ros/jazzy/opt/sdformat_vendor:/opt/ros/jazzy/opt/gz_gui_vendor:/opt/ros/jazzy/opt/gz_transport_vendor:/opt/ros/jazzy/opt/gz_rendering_vendor:/opt/ros/jazzy/opt/gz_plugin_vendor:/opt/ros/jazzy/opt/gz_fuel_tools_vendor:/opt/ros/jazzy/opt/gz_msgs_vendor:/opt/ros/jazzy/opt/gz_common_vendor:/opt/ros/jazzy/opt/gz_math_vendor:/opt/ros/jazzy/opt/gz_utils_vendor:/opt/ros/jazzy/opt/gz_tools_vendor:/opt/ros/jazzy/opt/gz_ogre_next_vendor:/opt/ros/jazzy/opt/gz_dartsim_vendor:/opt/ros/jazzy/opt/gz_cmake_vendor:/home/ubuntu/ros2_ws/install/grasp_training:/home/ubuntu/ros2_ws/install/domain_randomization:/opt/ros/jazzy DEBUGINFOD_URLS=https://debuginfod.ubuntu.com LD_LIBRARY_PATH=/home/ubuntu/DishBot/install/gz_ros2_control/lib:${LD_LIBRARY_PATH} /usr/bin/cmake --build /home/ubuntu/DishBot/build/kortex_description -- -j12 -l12
[1.441s] Invoked command in '/home/ubuntu/DishBot/build/kortex_description' returned '0': AMENT_PREFIX_PATH=/home/ubuntu/DishBot/install/gz_ros2_control:${AMENT_PREFIX_PATH} CMAKE_PREFIX_PATH=/home/ubuntu/DishBot/install/gz_ros2_control:/home/ubuntu/DishBot/install/disbot_controller:/home/ubuntu/ros2_ws/install/kortex_moveit_config:/home/ubuntu/ros2_ws/install/kortex_bringup:/home/ubuntu/ros2_ws/install/kortex_driver:/home/ubuntu/ros2_ws/install/kinova_gen3_lite_moveit_config:/home/ubuntu/ros2_ws/install/kinova_gen3_7dof_robotiq_2f_85_moveit_config:/home/ubuntu/ros2_ws/install/kinova_gen3_6dof_robotiq_2f_85_moveit_config:/home/ubuntu/ros2_ws/install/kortex_description:/home/ubuntu/ros2_ws/install/kortex_api:/home/ubuntu/ros2_ws/install/kinova_scene_demo:/opt/ros/jazzy/opt/gz_sim_vendor:/opt/ros/jazzy/opt/gz_sensors_vendor:/opt/ros/jazzy/opt/gz_physics_vendor:/opt/ros/jazzy/opt/sdformat_vendor:/opt/ros/jazzy/opt/gz_gui_vendor:/opt/ros/jazzy/opt/gz_transport_vendor:/opt/ros/jazzy/opt/gz_rendering_vendor:/opt/ros/jazzy/opt/gz_plugin_vendor:/opt/ros/jazzy/opt/gz_fuel_tools_vendor:/opt/ros/jazzy/opt/gz_msgs_vendor:/opt/ros/jazzy/opt/gz_common_vendor:/opt/ros/jazzy/opt/gz_math_vendor:/opt/ros/jazzy/opt/gz_utils_vendor:/opt/ros/jazzy/opt/gz_tools_vendor:/opt/ros/jazzy/opt/gz_ogre_next_vendor:/opt/ros/jazzy/opt/gz_dartsim_vendor:/opt/ros/jazzy/opt/gz_cmake_vendor:/home/ubuntu/ros2_ws/install/grasp_training:/home/ubuntu/ros2_ws/install/domain_randomization:/opt/ros/jazzy DEBUGINFOD_URLS=https://debuginfod.ubuntu.com LD_LIBRARY_PATH=/home/ubuntu/DishBot/install/gz_ros2_control/lib:${LD_LIBRARY_PATH} /usr/bin/cmake --build /home/ubuntu/DishBot/build/kortex_description -- -j12 -l12
[1.443s] Invoking command in '/home/ubuntu/DishBot/build/kortex_description': AMENT_PREFIX_PATH=/home/ubuntu/DishBot/install/gz_ros2_control:${AMENT_PREFIX_PATH} CMAKE_PREFIX_PATH=/home/ubuntu/DishBot/install/gz_ros2_control:/home/ubuntu/DishBot/install/disbot_controller:/home/ubuntu/ros2_ws/install/kortex_moveit_config:/home/ubuntu/ros2_ws/install/kortex_bringup:/home/ubuntu/ros2_ws/install/kortex_driver:/home/ubuntu/ros2_ws/install/kinova_gen3_lite_moveit_config:/home/ubuntu/ros2_ws/install/kinova_gen3_7dof_robotiq_2f_85_moveit_config:/home/ubuntu/ros2_ws/install/kinova_gen3_6dof_robotiq_2f_85_moveit_config:/home/ubuntu/ros2_ws/install/kortex_description:/home/ubuntu/ros2_ws/install/kortex_api:/home/ubuntu/ros2_ws/install/kinova_scene_demo:/opt/ros/jazzy/opt/gz_sim_vendor:/opt/ros/jazzy/opt/gz_sensors_vendor:/opt/ros/jazzy/opt/gz_physics_vendor:/opt/ros/jazzy/opt/sdformat_vendor:/opt/ros/jazzy/opt/gz_gui_vendor:/opt/ros/jazzy/opt/gz_transport_vendor:/opt/ros/jazzy/opt/gz_rendering_vendor:/opt/ros/jazzy/opt/gz_plugin_vendor:/opt/ros/jazzy/opt/gz_fuel_tools_vendor:/opt/ros/jazzy/opt/gz_msgs_vendor:/opt/ros/jazzy/opt/gz_common_vendor:/opt/ros/jazzy/opt/gz_math_vendor:/opt/ros/jazzy/opt/gz_utils_vendor:/opt/ros/jazzy/opt/gz_tools_vendor:/opt/ros/jazzy/opt/gz_ogre_next_vendor:/opt/ros/jazzy/opt/gz_dartsim_vendor:/opt/ros/jazzy/opt/gz_cmake_vendor:/home/ubuntu/ros2_ws/install/grasp_training:/home/ubuntu/ros2_ws/install/domain_randomization:/opt/ros/jazzy DEBUGINFOD_URLS=https://debuginfod.ubuntu.com LD_LIBRARY_PATH=/home/ubuntu/DishBot/install/gz_ros2_control/lib:${LD_LIBRARY_PATH} /usr/bin/cmake --install /home/ubuntu/DishBot/build/kortex_description
[1.459s] -- Install configuration: ""
[1.459s] -- Installing: /home/ubuntu/DishBot/install/kortex_description/share/kortex_description/arms
[1.460s] -- Installing: /home/ubuntu/DishBot/install/kortex_description/share/kortex_description/arms/gen3
[1.460s] -- Installing: /home/ubuntu/DishBot/install/kortex_description/share/kortex_description/arms/gen3/7dof
[1.460s] -- Installing: /home/ubuntu/DishBot/install/kortex_description/share/kortex_description/arms/gen3/7dof/config
[1.460s] -- Installing: /home/ubuntu/DishBot/install/kortex_description/share/kortex_description/arms/gen3/7dof/config/twist_limits.yaml
[1.461s] -- Installing: /home/ubuntu/DishBot/install/kortex_description/share/kortex_description/arms/gen3/7dof/config/gazebo_initial_joint_positions.yaml
[1.461s] -- Installing: /home/ubuntu/DishBot/install/kortex_description/share/kortex_description/arms/gen3/7dof/config/ros2_controllers.yaml
[1.462s] -- Installing: /home/ubuntu/DishBot/install/kortex_description/share/kortex_description/arms/gen3/7dof/config/joint_limits.yaml
[1.462s] -- Installing: /home/ubuntu/DishBot/install/kortex_description/share/kortex_description/arms/gen3/7dof/urdf
[1.462s] -- Installing: /home/ubuntu/DishBot/install/kortex_description/share/kortex_description/arms/gen3/7dof/urdf/gen3_transmission_macro.xacro
[1.463s] -- Installing: /home/ubuntu/DishBot/install/kortex_description/share/kortex_description/arms/gen3/7dof/urdf/gen3_macro.xacro
[1.463s] -- Installing: /home/ubuntu/DishBot/install/kortex_description/share/kortex_description/arms/gen3/7dof/urdf/kortex.ros2_control.xacro
[1.464s] -- Installing: /home/ubuntu/DishBot/install/kortex_description/share/kortex_description/arms/gen3/7dof/meshes
[1.464s] -- Installing: /home/ubuntu/DishBot/install/kortex_description/share/kortex_description/arms/gen3/7dof/meshes/forearm_link.STL
[1.467s] -- Installing: /home/ubuntu/DishBot/install/kortex_description/share/kortex_description/arms/gen3/7dof/meshes/half_arm_2_link.dae
[1.470s] -- Installing: /home/ubuntu/DishBot/install/kortex_description/share/kortex_description/arms/gen3/7dof/meshes/shoulder_link.STL
[1.473s] -- Installing: /home/ubuntu/DishBot/install/kortex_description/share/kortex_description/arms/gen3/7dof/meshes/bracelet_no_vision_link.STL
[1.478s] -- Installing: /home/ubuntu/DishBot/install/kortex_description/share/kortex_description/arms/gen3/7dof/meshes/forearm_link.dae
[1.481s] -- Installing: /home/ubuntu/DishBot/install/kortex_description/share/kortex_description/arms/gen3/7dof/meshes/bracelet_with_vision_link.dae
[1.488s] -- Installing: /home/ubuntu/DishBot/install/kortex_description/share/kortex_description/arms/gen3/7dof/meshes/spherical_wrist_2_link.dae
[1.491s] -- Installing: /home/ubuntu/DishBot/install/kortex_description/share/kortex_description/arms/gen3/7dof/meshes/half_arm_2_link.STL
[1.494s] -- Installing: /home/ubuntu/DishBot/install/kortex_description/share/kortex_description/arms/gen3/7dof/meshes/spherical_wrist_2_link.STL
[1.496s] -- Installing: /home/ubuntu/DishBot/install/kortex_description/share/kortex_description/arms/gen3/7dof/meshes/bracelet_no_vision_link.dae
[1.501s] -- Installing: /home/ubuntu/DishBot/install/kortex_description/share/kortex_description/arms/gen3/7dof/meshes/spherical_wrist_1_link.STL
[1.503s] -- Installing: /home/ubuntu/DishBot/install/kortex_description/share/kortex_description/arms/gen3/7dof/meshes/base_link.dae
[1.505s] -- Installing: /home/ubuntu/DishBot/install/kortex_description/share/kortex_description/arms/gen3/7dof/meshes/base_link.STL
[1.506s] -- Installing: /home/ubuntu/DishBot/install/kortex_description/share/kortex_description/arms/gen3/7dof/meshes/shoulder_link.dae
[1.509s] -- Installing: /home/ubuntu/DishBot/install/kortex_description/share/kortex_description/arms/gen3/7dof/meshes/bracelet_with_vision_link.STL
[1.513s] -- Installing: /home/ubuntu/DishBot/install/kortex_description/share/kortex_description/arms/gen3/7dof/meshes/half_arm_1_link.STL
[1.516s] -- Installing: /home/ubuntu/DishBot/install/kortex_description/share/kortex_description/arms/gen3/7dof/meshes/spherical_wrist_1_link.dae
[1.519s] -- Installing: /home/ubuntu/DishBot/install/kortex_description/share/kortex_description/arms/gen3/7dof/meshes/half_arm_1_link.dae
[1.521s] -- Installing: /home/ubuntu/DishBot/install/kortex_description/share/kortex_description/arms/gen3/7dof/meshes/end_effector_link.STL
[1.522s] -- Installing: /home/ubuntu/DishBot/install/kortex_description/share/kortex_description/arms/gen3/6dof
[1.522s] -- Installing: /home/ubuntu/DishBot/install/kortex_description/share/kortex_description/arms/gen3/6dof/config
[1.522s] -- Installing: /home/ubuntu/DishBot/install/kortex_description/share/kortex_description/arms/gen3/6dof/config/twist_limits.yaml
[1.522s] -- Installing: /home/ubuntu/DishBot/install/kortex_description/share/kortex_description/arms/gen3/6dof/config/gazebo_initial_joint_positions.yaml
[1.523s] -- Installing: /home/ubuntu/DishBot/install/kortex_description/share/kortex_description/arms/gen3/6dof/config/ros2_controllers.yaml
[1.523s] -- Installing: /home/ubuntu/DishBot/install/kortex_description/share/kortex_description/arms/gen3/6dof/config/joint_limits.yaml
[1.524s] -- Installing: /home/ubuntu/DishBot/install/kortex_description/share/kortex_description/arms/gen3/6dof/urdf
[1.524s] -- Installing: /home/ubuntu/DishBot/install/kortex_description/share/kortex_description/arms/gen3/6dof/urdf/gen3_transmission_macro.xacro
[1.525s] -- Installing: /home/ubuntu/DishBot/install/kortex_description/share/kortex_description/arms/gen3/6dof/urdf/gen3_macro.xacro
[1.525s] -- Installing: /home/ubuntu/DishBot/install/kortex_description/share/kortex_description/arms/gen3/6dof/urdf/kortex.ros2_control.xacro
[1.526s] -- Installing: /home/ubuntu/DishBot/install/kortex_description/share/kortex_description/arms/gen3/6dof/meshes
[1.526s] -- Installing: /home/ubuntu/DishBot/install/kortex_description/share/kortex_description/arms/gen3/6dof/meshes/forearm_link.STL
[1.528s] -- Installing: /home/ubuntu/DishBot/install/kortex_description/share/kortex_description/arms/gen3/6dof/meshes/shoulder_link.STL
[1.531s] -- Installing: /home/ubuntu/DishBot/install/kortex_description/share/kortex_description/arms/gen3/6dof/meshes/bicep_link.STL
[1.533s] -- Installing: /home/ubuntu/DishBot/install/kortex_description/share/kortex_description/arms/gen3/6dof/meshes/bracelet_no_vision_link.STL
[1.538s] -- Installing: /home/ubuntu/DishBot/install/kortex_description/share/kortex_description/arms/gen3/6dof/meshes/spherical_wrist_2_link.STL
[1.541s] -- Installing: /home/ubuntu/DishBot/install/kortex_description/share/kortex_description/arms/gen3/6dof/meshes/spherical_wrist_1_link.STL
[1.544s] -- Installing: /home/ubuntu/DishBot/install/kortex_description/share/kortex_description/arms/gen3/6dof/meshes/base_link.STL
[1.546s] -- Installing: /home/ubuntu/DishBot/install/kortex_description/share/kortex_description/arms/gen3/6dof/meshes/bracelet_with_vision_link.STL
[1.555s] -- Installing: /home/ubuntu/DishBot/install/kortex_description/share/kortex_description/arms/gen3_lite
[1.556s] -- Installing: /home/ubuntu/DishBot/install/kortex_description/share/kortex_description/arms/gen3_lite/6dof
[1.557s] -- Installing: /home/ubuntu/DishBot/install/kortex_description/share/kortex_description/arms/gen3_lite/6dof/config
[1.557s] -- Installing: /home/ubuntu/DishBot/install/kortex_description/share/kortex_description/arms/gen3_lite/6dof/config/twist_limits.yaml
[1.558s] -- Installing: /home/ubuntu/DishBot/install/kortex_description/share/kortex_description/arms/gen3_lite/6dof/config/ros2_controllers.yaml
[1.558s] -- Installing: /home/ubuntu/DishBot/install/kortex_description/share/kortex_description/arms/gen3_lite/6dof/config/joint_limits.yaml
[1.558s] -- Installing: /home/ubuntu/DishBot/install/kortex_description/share/kortex_description/arms/gen3_lite/6dof/urdf
[1.559s] -- Installing: /home/ubuntu/DishBot/install/kortex_description/share/kortex_description/arms/gen3_lite/6dof/urdf/gen3_lite_transmission_macro.xacro
[1.559s] -- Installing: /home/ubuntu/DishBot/install/kortex_description/share/kortex_description/arms/gen3_lite/6dof/urdf/gen3_lite_macro.xacro
[1.560s] -- Installing: /home/ubuntu/DishBot/install/kortex_description/share/kortex_description/arms/gen3_lite/6dof/urdf/kortex.ros2_control.xacro
[1.561s] -- Installing: /home/ubuntu/DishBot/install/kortex_description/share/kortex_description/arms/gen3_lite/6dof/meshes
[1.562s] -- Installing: /home/ubuntu/DishBot/install/kortex_description/share/kortex_description/arms/gen3_lite/6dof/meshes/forearm_link.STL
[1.566s] -- Installing: /home/ubuntu/DishBot/install/kortex_description/share/kortex_description/arms/gen3_lite/6dof/meshes/lower_wrist_link.STL
[1.567s] -- Installing: /home/ubuntu/DishBot/install/kortex_description/share/kortex_description/arms/gen3_lite/6dof/meshes/arm_link.STL
[1.571s] -- Installing: /home/ubuntu/DishBot/install/kortex_description/share/kortex_description/arms/gen3_lite/6dof/meshes/shoulder_link.STL
[1.572s] -- Installing: /home/ubuntu/DishBot/install/kortex_description/share/kortex_description/arms/gen3_lite/6dof/meshes/upper_wrist_link.STL
[1.577s] -- Installing: /home/ubuntu/DishBot/install/kortex_description/share/kortex_description/arms/gen3_lite/6dof/meshes/base_link.STL
[1.582s] -- Installing: /home/ubuntu/DishBot/install/kortex_description/share/kortex_description/grippers
[1.583s] -- Installing: /home/ubuntu/DishBot/install/kortex_description/share/kortex_description/grippers/robotiq_2f_140
[1.583s] -- Installing: /home/ubuntu/DishBot/install/kortex_description/share/kortex_description/grippers/robotiq_2f_140/urdf
[1.584s] -- Installing: /home/ubuntu/DishBot/install/kortex_description/share/kortex_description/grippers/robotiq_2f_140/urdf/robotiq_2f_140_macro.xacro
[1.584s] -- Installing: /home/ubuntu/DishBot/install/kortex_description/share/kortex_description/grippers/robotiq_2f_140/LICENSE
[1.584s] -- Installing: /home/ubuntu/DishBot/install/kortex_description/share/kortex_description/grippers/robotiq_2f_140/README.md
[1.585s] -- Installing: /home/ubuntu/DishBot/install/kortex_description/share/kortex_description/grippers/robotiq_2f_85
[1.585s] -- Installing: /home/ubuntu/DishBot/install/kortex_description/share/kortex_description/grippers/robotiq_2f_85/urdf
[1.585s] -- Installing: /home/ubuntu/DishBot/install/kortex_description/share/kortex_description/grippers/robotiq_2f_85/urdf/robotiq_2f_85_macro.xacro
[1.585s] -- Installing: /home/ubuntu/DishBot/install/kortex_description/share/kortex_description/grippers/robotiq_2f_85/LICENSE
[1.586s] -- Installing: /home/ubuntu/DishBot/install/kortex_description/share/kortex_description/grippers/robotiq_2f_85/README.md
[1.586s] -- Installing: /home/ubuntu/DishBot/install/kortex_description/share/kortex_description/grippers/gen3_lite_2f
[1.586s] -- Installing: /home/ubuntu/DishBot/install/kortex_description/share/kortex_description/grippers/gen3_lite_2f/config
[1.586s] -- Installing: /home/ubuntu/DishBot/install/kortex_description/share/kortex_description/grippers/gen3_lite_2f/config/joint_limits.yaml
[1.586s] -- Installing: /home/ubuntu/DishBot/install/kortex_description/share/kortex_description/grippers/gen3_lite_2f/urdf
[1.587s] -- Installing: /home/ubuntu/DishBot/install/kortex_description/share/kortex_description/grippers/gen3_lite_2f/urdf/GEN3-LITE-GRIPPER_URDF_SIMPLIFIED_V2.urdf
[1.587s] -- Installing: /home/ubuntu/DishBot/install/kortex_description/share/kortex_description/grippers/gen3_lite_2f/urdf/gen3_lite_2f_transmission_macro.xacro
[1.587s] -- Installing: /home/ubuntu/DishBot/install/kortex_description/share/kortex_description/grippers/gen3_lite_2f/urdf/gen3_lite_2f_macro.xacro
[1.587s] -- Installing: /home/ubuntu/DishBot/install/kortex_description/share/kortex_description/grippers/gen3_lite_2f/urdf/gen3_lite_2f.ros2_control.xacro
[1.588s] -- Installing: /home/ubuntu/DishBot/install/kortex_description/share/kortex_description/grippers/gen3_lite_2f/meshes
[1.588s] -- Installing: /home/ubuntu/DishBot/install/kortex_description/share/kortex_description/grippers/gen3_lite_2f/meshes/right_finger_dist_link.STL
[1.591s] -- Installing: /home/ubuntu/DishBot/install/kortex_description/share/kortex_description/grippers/gen3_lite_2f/meshes/left_finger_prox_link.STL
[1.595s] -- Installing: /home/ubuntu/DishBot/install/kortex_description/share/kortex_description/grippers/gen3_lite_2f/meshes/right_finger_prox_link.STL
[1.599s] -- Installing: /home/ubuntu/DishBot/install/kortex_description/share/kortex_description/grippers/gen3_lite_2f/meshes/gripper_base_link.STL
[1.604s] -- Installing: /home/ubuntu/DishBot/install/kortex_description/share/kortex_description/grippers/gen3_lite_2f/meshes/left_finger_dist_link.STL
[1.607s] -- Installing: /home/ubuntu/DishBot/install/kortex_description/share/kortex_description/launch
[1.607s] -- Installing: /home/ubuntu/DishBot/install/kortex_description/share/kortex_description/launch/view_robot.launch.py
[1.608s] -- Installing: /home/ubuntu/DishBot/install/kortex_description/share/kortex_description/multiple_robots
[1.608s] -- Installing: /home/ubuntu/DishBot/install/kortex_description/share/kortex_description/multiple_robots/kortex_dual_robots.xacro
[1.609s] -- Installing: /home/ubuntu/DishBot/install/kortex_description/share/kortex_description/robots
[1.609s] -- Installing: /home/ubuntu/DishBot/install/kortex_description/share/kortex_description/robots/gen3_2f85.urdf
[1.609s] -- Installing: /home/ubuntu/DishBot/install/kortex_description/share/kortex_description/robots/gen3_robotiq_2f_85.xacro
[1.610s] -- Installing: /home/ubuntu/DishBot/install/kortex_description/share/kortex_description/robots/kinova.urdf.xacro
[1.610s] -- Installing: /home/ubuntu/DishBot/install/kortex_description/share/kortex_description/robots/gen3.xacro
[1.611s] -- Installing: /home/ubuntu/DishBot/install/kortex_description/share/kortex_description/robots/gen3_robotiq_2f_140.xacro
[1.612s] -- Installing: /home/ubuntu/DishBot/install/kortex_description/share/kortex_description/robots/kortex_robot.xacro
[1.612s] -- Installing: /home/ubuntu/DishBot/install/kortex_description/share/kortex_description/robots/gen3_lite.urdf
[1.613s] -- Installing: /home/ubuntu/DishBot/install/kortex_description/share/kortex_description/robots/gen3_lite_gen3_lite_2f.xacro
[1.613s] -- Installing: /home/ubuntu/DishBot/install/kortex_description/share/kortex_description/rviz
[1.614s] -- Installing: /home/ubuntu/DishBot/install/kortex_description/share/kortex_description/rviz/view_robot.rviz
[1.614s] -- Installing: /home/ubuntu/DishBot/install/kortex_description/share/kortex_description/config
[1.614s] -- Installing: /home/ubuntu/DishBot/install/kortex_description/share/kortex_description/config/initial_positions.yaml
[1.615s] -- Installing: /home/ubuntu/DishBot/install/kortex_description/share/ament_index/resource_index/package_run_dependencies/kortex_description
[1.616s] -- Installing: /home/ubuntu/DishBot/install/kortex_description/share/ament_index/resource_index/parent_prefix_path/kortex_description
[1.616s] -- Installing: /home/ubuntu/DishBot/install/kortex_description/share/kortex_description/environment/ament_prefix_path.sh
[1.617s] -- Installing: /home/ubuntu/DishBot/install/kortex_description/share/kortex_description/environment/ament_prefix_path.dsv
[1.617s] -- Installing: /home/ubuntu/DishBot/install/kortex_description/share/kortex_description/environment/path.sh
[1.617s] -- Installing: /home/ubuntu/DishBot/install/kortex_description/share/kortex_description/environment/path.dsv
[1.618s] -- Installing: /home/ubuntu/DishBot/install/kortex_description/share/kortex_description/local_setup.bash
[1.618s] -- Installing: /home/ubuntu/DishBot/install/kortex_description/share/kortex_description/local_setup.sh
[1.619s] -- Installing: /home/ubuntu/DishBot/install/kortex_description/share/kortex_description/local_setup.zsh
[1.619s] -- Installing: /home/ubuntu/DishBot/install/kortex_description/share/kortex_description/local_setup.dsv
[1.620s] -- Installing: /home/ubuntu/DishBot/install/kortex_description/share/kortex_description/package.dsv
[1.620s] -- Installing: /home/ubuntu/DishBot/install/kortex_description/share/ament_index/resource_index/packages/kortex_description
[1.621s] -- Installing: /home/ubuntu/DishBot/install/kortex_description/share/kortex_description/cmake/kortex_descriptionConfig.cmake
[1.621s] -- Installing: /home/ubuntu/DishBot/install/kortex_description/share/kortex_description/cmake/kortex_descriptionConfig-version.cmake
[1.621s] -- Installing: /home/ubuntu/DishBot/install/kortex_description/share/kortex_description/package.xml
[1.627s] Invoked command in '/home/ubuntu/DishBot/build/kortex_description' returned '0': AMENT_PREFIX_PATH=/home/ubuntu/DishBot/install/gz_ros2_control:${AMENT_PREFIX_PATH} CMAKE_PREFIX_PATH=/home/ubuntu/DishBot/install/gz_ros2_control:/home/ubuntu/DishBot/install/disbot_controller:/home/ubuntu/ros2_ws/install/kortex_moveit_config:/home/ubuntu/ros2_ws/install/kortex_bringup:/home/ubuntu/ros2_ws/install/kortex_driver:/home/ubuntu/ros2_ws/install/kinova_gen3_lite_moveit_config:/home/ubuntu/ros2_ws/install/kinova_gen3_7dof_robotiq_2f_85_moveit_config:/home/ubuntu/ros2_ws/install/kinova_gen3_6dof_robotiq_2f_85_moveit_config:/home/ubuntu/ros2_ws/install/kortex_description:/home/ubuntu/ros2_ws/install/kortex_api:/home/ubuntu/ros2_ws/install/kinova_scene_demo:/opt/ros/jazzy/opt/gz_sim_vendor:/opt/ros/jazzy/opt/gz_sensors_vendor:/opt/ros/jazzy/opt/gz_physics_vendor:/opt/ros/jazzy/opt/sdformat_vendor:/opt/ros/jazzy/opt/gz_gui_vendor:/opt/ros/jazzy/opt/gz_transport_vendor:/opt/ros/jazzy/opt/gz_rendering_vendor:/opt/ros/jazzy/opt/gz_plugin_vendor:/opt/ros/jazzy/opt/gz_fuel_tools_vendor:/opt/ros/jazzy/opt/gz_msgs_vendor:/opt/ros/jazzy/opt/gz_common_vendor:/opt/ros/jazzy/opt/gz_math_vendor:/opt/ros/jazzy/opt/gz_utils_vendor:/opt/ros/jazzy/opt/gz_tools_vendor:/opt/ros/jazzy/opt/gz_ogre_next_vendor:/opt/ros/jazzy/opt/gz_dartsim_vendor:/opt/ros/jazzy/opt/gz_cmake_vendor:/home/ubuntu/ros2_ws/install/grasp_training:/home/ubuntu/ros2_ws/install/domain_randomization:/opt/ros/jazzy DEBUGINFOD_URLS=https://debuginfod.ubuntu.com LD_LIBRARY_PATH=/home/ubuntu/DishBot/install/gz_ros2_control/lib:${LD_LIBRARY_PATH} /usr/bin/cmake --install /home/ubuntu/DishBot/build/kortex_description
