[0.070s] Invoking command in '/home/ubuntu/DishBot/build/kortex_api': CMAKE_PREFIX_PATH=${CMAKE_PREFIX_PATH}:/home/ubuntu/ros2_ws/install/grasp_training:/home/ubuntu/ros2_ws/install/domain_randomization:/opt/ros/jazzy DEBUGINFOD_URLS=https://debuginfod.ubuntu.com /usr/bin/cmake /home/ubuntu/DishBot/src/ros2_kortex/kortex_api -DCMAKE_INSTALL_PREFIX=/home/ubuntu/DishBot/install/kortex_api
[0.123s] [33mCMake Warning (dev) at /usr/share/cmake-3.28/Modules/FetchContent.cmake:1331 (message):
[0.123s]   The DOWNLOAD_EXTRACT_TIMESTAMP option was not given and policy CMP0135 is
[0.123s]   not set.  The policy's OLD behavior will be used.  When using a URL
[0.123s]   download, the timestamps of extracted files should preferably be that of
[0.123s]   the time of extraction, otherwise code that depends on the extracted
[0.124s]   contents might not be rebuilt if the URL changes.  The OLD behavior
[0.124s]   preserves the timestamps from the archive instead, but this is usually not
[0.124s]   what you want.  Update your project to the NEW behavior or specify the
[0.124s]   DOWNLOAD_EXTRACT_TIMESTAMP option with a value of true to avoid this
[0.124s]   robustness issue.
[0.124s] Call Stack (most recent call first):
[0.124s]   CMakeLists.txt:4 (FetchContent_Declare)
[0.124s] This warning is for project developers.  Use -Wno-dev to suppress it.
[0.125s] [0m
[5.875s] -- The C compiler identification is GNU 13.3.0
[5.956s] -- The CXX compiler identification is GNU 13.3.0
[5.982s] -- Detecting C compiler ABI info
[6.191s] -- Detecting C compiler ABI info - done
[6.224s] -- Check for working C compiler: /usr/bin/cc - skipped
[6.225s] -- Detecting C compile features
[6.226s] -- Detecting C compile features - done
[6.261s] -- Detecting CXX compiler ABI info
[6.494s] -- Detecting CXX compiler ABI info - done
[6.508s] -- Check for working CXX compiler: /usr/bin/c++ - skipped
[6.509s] -- Detecting CXX compile features
[6.511s] -- Detecting CXX compile features - done
[6.533s] -- Found ament_cmake: 2.5.3 (/opt/ros/jazzy/share/ament_cmake/cmake)
[6.895s] -- Found Python3: /usr/bin/python3 (found version "3.12.3") found components: Interpreter 
[7.352s] -- Configuring done (7.3s)
[7.356s] -- Generating done (0.0s)
[7.358s] -- Build files have been written to: /home/ubuntu/DishBot/build/kortex_api
[7.365s] Invoked command in '/home/ubuntu/DishBot/build/kortex_api' returned '0': CMAKE_PREFIX_PATH=${CMAKE_PREFIX_PATH}:/home/ubuntu/ros2_ws/install/grasp_training:/home/ubuntu/ros2_ws/install/domain_randomization:/opt/ros/jazzy DEBUGINFOD_URLS=https://debuginfod.ubuntu.com /usr/bin/cmake /home/ubuntu/DishBot/src/ros2_kortex/kortex_api -DCMAKE_INSTALL_PREFIX=/home/ubuntu/DishBot/install/kortex_api
[7.366s] Invoking command in '/home/ubuntu/DishBot/build/kortex_api': CMAKE_PREFIX_PATH=${CMAKE_PREFIX_PATH}:/home/ubuntu/ros2_ws/install/grasp_training:/home/ubuntu/ros2_ws/install/domain_randomization:/opt/ros/jazzy DEBUGINFOD_URLS=https://debuginfod.ubuntu.com /usr/bin/cmake --build /home/ubuntu/DishBot/build/kortex_api -- -j12 -l12
[7.440s] Invoked command in '/home/ubuntu/DishBot/build/kortex_api' returned '0': CMAKE_PREFIX_PATH=${CMAKE_PREFIX_PATH}:/home/ubuntu/ros2_ws/install/grasp_training:/home/ubuntu/ros2_ws/install/domain_randomization:/opt/ros/jazzy DEBUGINFOD_URLS=https://debuginfod.ubuntu.com /usr/bin/cmake --build /home/ubuntu/DishBot/build/kortex_api -- -j12 -l12
[7.442s] Invoking command in '/home/ubuntu/DishBot/build/kortex_api': CMAKE_PREFIX_PATH=${CMAKE_PREFIX_PATH}:/home/ubuntu/ros2_ws/install/grasp_training:/home/ubuntu/ros2_ws/install/domain_randomization:/opt/ros/jazzy DEBUGINFOD_URLS=https://debuginfod.ubuntu.com /usr/bin/cmake --install /home/ubuntu/DishBot/build/kortex_api
[7.457s] -- Install configuration: ""
[7.457s] -- Installing: /home/ubuntu/DishBot/install/kortex_api/include/kortex_api
[7.458s] -- Installing: /home/ubuntu/DishBot/install/kortex_api/include/kortex_api/TransportClientUdp.h
[7.458s] -- Installing: /home/ubuntu/DishBot/install/kortex_api/include/kortex_api/SessionManager.h
[7.458s] -- Installing: /home/ubuntu/DishBot/install/kortex_api/include/kortex_api/RouterClient.h
[7.458s] -- Installing: /home/ubuntu/DishBot/install/kortex_api/include/kortex_api/version.h
[7.459s] -- Installing: /home/ubuntu/DishBot/install/kortex_api/include/kortex_api/ITransportClient.h
[7.459s] -- Installing: /home/ubuntu/DishBot/install/kortex_api/include/kortex_api/TransportClientTcp.h
[7.459s] -- Installing: /home/ubuntu/DishBot/install/kortex_api/include/kortex_api/NotificationHandler.h
[7.459s] -- Installing: /home/ubuntu/DishBot/install/kortex_api/include/kortex_api/FrameHandler.h
[7.459s] -- Installing: /home/ubuntu/DishBot/install/kortex_api/include/kortex_api/IRouterClient.h
[7.460s] -- Up-to-date: /home/ubuntu/DishBot/install/kortex_api/include/kortex_api
[7.460s] -- Installing: /home/ubuntu/DishBot/install/kortex_api/include/kortex_api/HeaderInfo.h
[7.460s] -- Up-to-date: /home/ubuntu/DishBot/install/kortex_api/include/kortex_api/version.h
[7.460s] -- Installing: /home/ubuntu/DishBot/install/kortex_api/include/kortex_api/KBasicException.h
[7.460s] -- Installing: /home/ubuntu/DishBot/install/kortex_api/include/kortex_api/Frame.h
[7.460s] -- Installing: /home/ubuntu/DishBot/install/kortex_api/include/kortex_api/KError.h
[7.461s] -- Installing: /home/ubuntu/DishBot/install/kortex_api/include/kortex_api/KinovaTcpUtilities.h
[7.461s] -- Installing: /home/ubuntu/DishBot/install/kortex_api/include/kortex_api/TransportBridgeDummy.h
[7.461s] -- Installing: /home/ubuntu/DishBot/install/kortex_api/include/kortex_api/KDetailedException.h
[7.461s] -- Up-to-date: /home/ubuntu/DishBot/install/kortex_api/include/kortex_api
[7.462s] -- Installing: /home/ubuntu/DishBot/install/kortex_api/include/kortex_api/Frame.pb.h
[7.462s] -- Installing: /home/ubuntu/DishBot/install/kortex_api/include/kortex_api/InterconnectCyclic.pb.h
[7.462s] -- Installing: /home/ubuntu/DishBot/install/kortex_api/include/kortex_api/InterconnectCyclicMessage.pb.h
[7.462s] -- Installing: /home/ubuntu/DishBot/install/kortex_api/include/kortex_api/InterconnectConfig.pb.h
[7.462s] -- Installing: /home/ubuntu/DishBot/install/kortex_api/include/kortex_api/ActuatorConfig.pb.h
[7.463s] -- Installing: /home/ubuntu/DishBot/install/kortex_api/include/kortex_api/GripperCyclic.pb.h
[7.463s] -- Installing: /home/ubuntu/DishBot/install/kortex_api/include/kortex_api/Common.pb.h
[7.463s] -- Installing: /home/ubuntu/DishBot/install/kortex_api/include/kortex_api/GripperCyclicMessage.pb.h
[7.463s] -- Installing: /home/ubuntu/DishBot/install/kortex_api/include/kortex_api/DeviceManager.pb.h
[7.464s] -- Installing: /home/ubuntu/DishBot/install/kortex_api/include/kortex_api/ProductConfiguration.pb.h
[7.464s] -- Installing: /home/ubuntu/DishBot/install/kortex_api/include/kortex_api/Base.pb.h
[7.465s] -- Installing: /home/ubuntu/DishBot/install/kortex_api/include/kortex_api/GripperConfig.pb.h
[7.465s] -- Installing: /home/ubuntu/DishBot/install/kortex_api/include/kortex_api/BaseCyclic.pb.h
[7.465s] -- Installing: /home/ubuntu/DishBot/install/kortex_api/include/kortex_api/Errors.pb.h
[7.466s] -- Installing: /home/ubuntu/DishBot/install/kortex_api/include/kortex_api/ControlConfig.pb.h
[7.466s] -- Installing: /home/ubuntu/DishBot/install/kortex_api/include/kortex_api/VisionConfig.pb.h
[7.466s] -- Installing: /home/ubuntu/DishBot/install/kortex_api/include/kortex_api/Session.pb.h
[7.467s] -- Installing: /home/ubuntu/DishBot/install/kortex_api/include/kortex_api/Test.pb.h
[7.467s] -- Installing: /home/ubuntu/DishBot/install/kortex_api/include/kortex_api/DeviceConfig.pb.h
[7.468s] -- Installing: /home/ubuntu/DishBot/install/kortex_api/include/kortex_api/ActuatorCyclic.pb.h
[7.468s] -- Up-to-date: /home/ubuntu/DishBot/install/kortex_api/include/kortex_api
[7.468s] -- Installing: /home/ubuntu/DishBot/install/kortex_api/include/kortex_api/DeviceManagerClientRpc.h
[7.468s] -- Installing: /home/ubuntu/DishBot/install/kortex_api/include/kortex_api/VisionConfigClientRpc.h
[7.469s] -- Installing: /home/ubuntu/DishBot/install/kortex_api/include/kortex_api/DeviceConfigClientRpc.h
[7.469s] -- Installing: /home/ubuntu/DishBot/install/kortex_api/include/kortex_api/InterconnectConfigClientRpc.h
[7.469s] -- Installing: /home/ubuntu/DishBot/install/kortex_api/include/kortex_api/GripperCyclicClientRpc.h
[7.470s] -- Installing: /home/ubuntu/DishBot/install/kortex_api/include/kortex_api/ControlConfigClientRpc.h
[7.470s] -- Installing: /home/ubuntu/DishBot/install/kortex_api/include/kortex_api/BaseClientRpc.h
[7.470s] -- Installing: /home/ubuntu/DishBot/install/kortex_api/include/kortex_api/SessionClientRpc.h
[7.470s] -- Installing: /home/ubuntu/DishBot/install/kortex_api/include/kortex_api/BaseCyclicClientRpc.h
[7.471s] -- Installing: /home/ubuntu/DishBot/install/kortex_api/include/kortex_api/ActuatorConfigClientRpc.h
[7.471s] -- Installing: /home/ubuntu/DishBot/install/kortex_api/include/kortex_api/InterconnectCyclicClientRpc.h
[7.471s] -- Installing: /home/ubuntu/DishBot/install/kortex_api/include/kortex_api/TestClientRpc.h
[7.471s] -- Installing: /home/ubuntu/DishBot/install/kortex_api/include/kortex_api/ActuatorCyclicClientRpc.h
[7.472s] -- Installing: /home/ubuntu/DishBot/install/kortex_api/include/kortex_api/google/protobuf
[7.472s] -- Installing: /home/ubuntu/DishBot/install/kortex_api/include/kortex_api/google/protobuf/generated_enum_reflection.h
[7.472s] -- Installing: /home/ubuntu/DishBot/install/kortex_api/include/kortex_api/google/protobuf/reflection.h
[7.472s] -- Installing: /home/ubuntu/DishBot/install/kortex_api/include/kortex_api/google/protobuf/compiler
[7.473s] -- Installing: /home/ubuntu/DishBot/install/kortex_api/include/kortex_api/google/protobuf/compiler/javanano
[7.473s] -- Installing: /home/ubuntu/DishBot/install/kortex_api/include/kortex_api/google/protobuf/compiler/javanano/javanano_generator.h
[7.473s] -- Installing: /home/ubuntu/DishBot/install/kortex_api/include/kortex_api/google/protobuf/compiler/code_generator.h
[7.473s] -- Installing: /home/ubuntu/DishBot/install/kortex_api/include/kortex_api/google/protobuf/compiler/python
[7.474s] -- Installing: /home/ubuntu/DishBot/install/kortex_api/include/kortex_api/google/protobuf/compiler/python/python_generator.h
[7.474s] -- Installing: /home/ubuntu/DishBot/install/kortex_api/include/kortex_api/google/protobuf/compiler/objectivec
[7.474s] -- Installing: /home/ubuntu/DishBot/install/kortex_api/include/kortex_api/google/protobuf/compiler/objectivec/objectivec_helpers.h
[7.474s] -- Installing: /home/ubuntu/DishBot/install/kortex_api/include/kortex_api/google/protobuf/compiler/objectivec/objectivec_generator.h
[7.475s] -- Installing: /home/ubuntu/DishBot/install/kortex_api/include/kortex_api/google/protobuf/compiler/importer.h
[7.475s] -- Installing: /home/ubuntu/DishBot/install/kortex_api/include/kortex_api/google/protobuf/compiler/php
[7.475s] -- Installing: /home/ubuntu/DishBot/install/kortex_api/include/kortex_api/google/protobuf/compiler/php/php_generator.h
[7.476s] -- Installing: /home/ubuntu/DishBot/install/kortex_api/include/kortex_api/google/protobuf/compiler/parser.h
[7.476s] -- Installing: /home/ubuntu/DishBot/install/kortex_api/include/kortex_api/google/protobuf/compiler/java
[7.476s] -- Installing: /home/ubuntu/DishBot/install/kortex_api/include/kortex_api/google/protobuf/compiler/java/java_names.h
[7.476s] -- Installing: /home/ubuntu/DishBot/install/kortex_api/include/kortex_api/google/protobuf/compiler/java/java_generator.h
[7.476s] -- Installing: /home/ubuntu/DishBot/install/kortex_api/include/kortex_api/google/protobuf/compiler/plugin.h
[7.477s] -- Installing: /home/ubuntu/DishBot/install/kortex_api/include/kortex_api/google/protobuf/compiler/js
[7.477s] -- Installing: /home/ubuntu/DishBot/install/kortex_api/include/kortex_api/google/protobuf/compiler/js/well_known_types_embed.h
[7.477s] -- Installing: /home/ubuntu/DishBot/install/kortex_api/include/kortex_api/google/protobuf/compiler/js/js_generator.h
[7.477s] -- Installing: /home/ubuntu/DishBot/install/kortex_api/include/kortex_api/google/protobuf/compiler/command_line_interface.h
[7.478s] -- Installing: /home/ubuntu/DishBot/install/kortex_api/include/kortex_api/google/protobuf/compiler/plugin.pb.h
[7.478s] -- Installing: /home/ubuntu/DishBot/install/kortex_api/include/kortex_api/google/protobuf/compiler/ruby
[7.478s] -- Installing: /home/ubuntu/DishBot/install/kortex_api/include/kortex_api/google/protobuf/compiler/ruby/ruby_generator.h
[7.478s] -- Installing: /home/ubuntu/DishBot/install/kortex_api/include/kortex_api/google/protobuf/compiler/cpp
[7.479s] -- Installing: /home/ubuntu/DishBot/install/kortex_api/include/kortex_api/google/protobuf/compiler/cpp/cpp_generator.h
[7.479s] -- Installing: /home/ubuntu/DishBot/install/kortex_api/include/kortex_api/google/protobuf/compiler/csharp
[7.479s] -- Installing: /home/ubuntu/DishBot/install/kortex_api/include/kortex_api/google/protobuf/compiler/csharp/csharp_generator.h
[7.479s] -- Installing: /home/ubuntu/DishBot/install/kortex_api/include/kortex_api/google/protobuf/compiler/csharp/csharp_names.h
[7.480s] -- Installing: /home/ubuntu/DishBot/install/kortex_api/include/kortex_api/google/protobuf/map_field_inl.h
[7.480s] -- Installing: /home/ubuntu/DishBot/install/kortex_api/include/kortex_api/google/protobuf/metadata_lite.h
[7.480s] -- Installing: /home/ubuntu/DishBot/install/kortex_api/include/kortex_api/google/protobuf/api.pb.h
[7.480s] -- Installing: /home/ubuntu/DishBot/install/kortex_api/include/kortex_api/google/protobuf/map_field_lite.h
[7.481s] -- Installing: /home/ubuntu/DishBot/install/kortex_api/include/kortex_api/google/protobuf/io
[7.481s] -- Installing: /home/ubuntu/DishBot/install/kortex_api/include/kortex_api/google/protobuf/io/printer.h
[7.481s] -- Installing: /home/ubuntu/DishBot/install/kortex_api/include/kortex_api/google/protobuf/io/coded_stream.h
[7.481s] -- Installing: /home/ubuntu/DishBot/install/kortex_api/include/kortex_api/google/protobuf/io/tokenizer.h
[7.482s] -- Installing: /home/ubuntu/DishBot/install/kortex_api/include/kortex_api/google/protobuf/io/zero_copy_stream_impl_lite.h
[7.482s] -- Installing: /home/ubuntu/DishBot/install/kortex_api/include/kortex_api/google/protobuf/io/zero_copy_stream.h
[7.482s] -- Installing: /home/ubuntu/DishBot/install/kortex_api/include/kortex_api/google/protobuf/io/zero_copy_stream_impl.h
[7.482s] -- Installing: /home/ubuntu/DishBot/install/kortex_api/include/kortex_api/google/protobuf/io/gzip_stream.h
[7.483s] -- Installing: /home/ubuntu/DishBot/install/kortex_api/include/kortex_api/google/protobuf/io/strtod.h
[7.483s] -- Installing: /home/ubuntu/DishBot/install/kortex_api/include/kortex_api/google/protobuf/reflection_ops.h
[7.483s] -- Installing: /home/ubuntu/DishBot/install/kortex_api/include/kortex_api/google/protobuf/duration.pb.h
[7.483s] -- Installing: /home/ubuntu/DishBot/install/kortex_api/include/kortex_api/google/protobuf/message.h
[7.484s] -- Installing: /home/ubuntu/DishBot/install/kortex_api/include/kortex_api/google/protobuf/message_lite.h
[7.484s] -- Installing: /home/ubuntu/DishBot/install/kortex_api/include/kortex_api/google/protobuf/arena.h
[7.484s] -- Installing: /home/ubuntu/DishBot/install/kortex_api/include/kortex_api/google/protobuf/dynamic_message.h
[7.484s] -- Installing: /home/ubuntu/DishBot/install/kortex_api/include/kortex_api/google/protobuf/empty.pb.h
[7.485s] -- Installing: /home/ubuntu/DishBot/install/kortex_api/include/kortex_api/google/protobuf/util
[7.485s] -- Installing: /home/ubuntu/DishBot/install/kortex_api/include/kortex_api/google/protobuf/util/message_differencer.h
[7.485s] -- Installing: /home/ubuntu/DishBot/install/kortex_api/include/kortex_api/google/protobuf/util/delimited_message_util.h
[7.485s] -- Installing: /home/ubuntu/DishBot/install/kortex_api/include/kortex_api/google/protobuf/util/json_util.h
[7.485s] -- Installing: /home/ubuntu/DishBot/install/kortex_api/include/kortex_api/google/protobuf/util/field_mask_util.h
[7.486s] -- Installing: /home/ubuntu/DishBot/install/kortex_api/include/kortex_api/google/protobuf/util/type_resolver_util.h
[7.486s] -- Installing: /home/ubuntu/DishBot/install/kortex_api/include/kortex_api/google/protobuf/util/time_util.h
[7.486s] -- Installing: /home/ubuntu/DishBot/install/kortex_api/include/kortex_api/google/protobuf/util/field_comparator.h
[7.486s] -- Installing: /home/ubuntu/DishBot/install/kortex_api/include/kortex_api/google/protobuf/util/type_resolver.h
[7.486s] -- Installing: /home/ubuntu/DishBot/install/kortex_api/include/kortex_api/google/protobuf/stubs
[7.487s] -- Installing: /home/ubuntu/DishBot/install/kortex_api/include/kortex_api/google/protobuf/stubs/stl_util.h
[7.487s] -- Installing: /home/ubuntu/DishBot/install/kortex_api/include/kortex_api/google/protobuf/stubs/atomicops.h
[7.487s] -- Installing: /home/ubuntu/DishBot/install/kortex_api/include/kortex_api/google/protobuf/stubs/atomicops_internals_arm64_gcc.h
[7.487s] -- Installing: /home/ubuntu/DishBot/install/kortex_api/include/kortex_api/google/protobuf/stubs/atomicops_internals_tsan.h
[7.487s] -- Installing: /home/ubuntu/DishBot/install/kortex_api/include/kortex_api/google/protobuf/stubs/atomicops_internals_solaris.h
[7.488s] -- Installing: /home/ubuntu/DishBot/install/kortex_api/include/kortex_api/google/protobuf/stubs/casts.h
[7.488s] -- Installing: /home/ubuntu/DishBot/install/kortex_api/include/kortex_api/google/protobuf/stubs/atomic_sequence_num.h
[7.488s] -- Installing: /home/ubuntu/DishBot/install/kortex_api/include/kortex_api/google/protobuf/stubs/atomicops_internals_ppc_gcc.h
[7.488s] -- Installing: /home/ubuntu/DishBot/install/kortex_api/include/kortex_api/google/protobuf/stubs/common.h
[7.489s] -- Installing: /home/ubuntu/DishBot/install/kortex_api/include/kortex_api/google/protobuf/stubs/logging.h
[7.489s] -- Installing: /home/ubuntu/DishBot/install/kortex_api/include/kortex_api/google/protobuf/stubs/atomicops_internals_power.h
[7.489s] -- Installing: /home/ubuntu/DishBot/install/kortex_api/include/kortex_api/google/protobuf/stubs/atomicops_internals_arm_gcc.h
[7.489s] -- Installing: /home/ubuntu/DishBot/install/kortex_api/include/kortex_api/google/protobuf/stubs/status.h
[7.490s] -- Installing: /home/ubuntu/DishBot/install/kortex_api/include/kortex_api/google/protobuf/stubs/template_util.h
[7.490s] -- Installing: /home/ubuntu/DishBot/install/kortex_api/include/kortex_api/google/protobuf/stubs/fastmem.h
[7.490s] -- Installing: /home/ubuntu/DishBot/install/kortex_api/include/kortex_api/google/protobuf/stubs/hash.h
[7.490s] -- Installing: /home/ubuntu/DishBot/install/kortex_api/include/kortex_api/google/protobuf/stubs/singleton.h
[7.490s] -- Installing: /home/ubuntu/DishBot/install/kortex_api/include/kortex_api/google/protobuf/stubs/atomicops_internals_x86_gcc.h
[7.491s] -- Installing: /home/ubuntu/DishBot/install/kortex_api/include/kortex_api/google/protobuf/stubs/callback.h
[7.491s] -- Installing: /home/ubuntu/DishBot/install/kortex_api/include/kortex_api/google/protobuf/stubs/platform_macros.h
[7.491s] -- Installing: /home/ubuntu/DishBot/install/kortex_api/include/kortex_api/google/protobuf/stubs/type_traits.h
[7.491s] -- Installing: /home/ubuntu/DishBot/install/kortex_api/include/kortex_api/google/protobuf/stubs/port.h
[7.491s] -- Installing: /home/ubuntu/DishBot/install/kortex_api/include/kortex_api/google/protobuf/stubs/scoped_ptr.h
[7.492s] -- Installing: /home/ubuntu/DishBot/install/kortex_api/include/kortex_api/google/protobuf/stubs/atomicops_internals_generic_c11_atomic.h
[7.492s] -- Installing: /home/ubuntu/DishBot/install/kortex_api/include/kortex_api/google/protobuf/stubs/once.h
[7.492s] -- Installing: /home/ubuntu/DishBot/install/kortex_api/include/kortex_api/google/protobuf/stubs/mutex.h
[7.492s] -- Installing: /home/ubuntu/DishBot/install/kortex_api/include/kortex_api/google/protobuf/stubs/stringpiece.h
[7.492s] -- Installing: /home/ubuntu/DishBot/install/kortex_api/include/kortex_api/google/protobuf/stubs/shared_ptr.h
[7.493s] -- Installing: /home/ubuntu/DishBot/install/kortex_api/include/kortex_api/google/protobuf/stubs/atomicops_internals_x86_msvc.h
[7.493s] -- Installing: /home/ubuntu/DishBot/install/kortex_api/include/kortex_api/google/protobuf/stubs/atomicops_internals_mips_gcc.h
[7.493s] -- Installing: /home/ubuntu/DishBot/install/kortex_api/include/kortex_api/google/protobuf/stubs/atomicops_internals_generic_gcc.h
[7.493s] -- Installing: /home/ubuntu/DishBot/install/kortex_api/include/kortex_api/google/protobuf/stubs/macros.h
[7.494s] -- Installing: /home/ubuntu/DishBot/install/kortex_api/include/kortex_api/google/protobuf/stubs/atomicops_internals_arm_qnx.h
[7.494s] -- Installing: /home/ubuntu/DishBot/install/kortex_api/include/kortex_api/google/protobuf/stubs/bytestream.h
[7.494s] -- Installing: /home/ubuntu/DishBot/install/kortex_api/include/kortex_api/google/protobuf/extension_set.h
[7.494s] -- Installing: /home/ubuntu/DishBot/install/kortex_api/include/kortex_api/google/protobuf/map_type_handler.h
[7.495s] -- Installing: /home/ubuntu/DishBot/install/kortex_api/include/kortex_api/google/protobuf/generated_message_table_driven.h
[7.495s] -- Installing: /home/ubuntu/DishBot/install/kortex_api/include/kortex_api/google/protobuf/service.h
[7.495s] -- Installing: /home/ubuntu/DishBot/install/kortex_api/include/kortex_api/google/protobuf/descriptor_database.h
[7.495s] -- Installing: /home/ubuntu/DishBot/install/kortex_api/include/kortex_api/google/protobuf/arenastring.h
[7.495s] -- Installing: /home/ubuntu/DishBot/install/kortex_api/include/kortex_api/google/protobuf/wire_format_lite.h
[7.496s] -- Installing: /home/ubuntu/DishBot/install/kortex_api/include/kortex_api/google/protobuf/generated_message_util.h
[7.496s] -- Installing: /home/ubuntu/DishBot/install/kortex_api/include/kortex_api/google/protobuf/struct.pb.h
[7.496s] -- Installing: /home/ubuntu/DishBot/install/kortex_api/include/kortex_api/google/protobuf/repeated_field.h
[7.497s] -- Installing: /home/ubuntu/DishBot/install/kortex_api/include/kortex_api/google/protobuf/map_entry.h
[7.497s] -- Installing: /home/ubuntu/DishBot/install/kortex_api/include/kortex_api/google/protobuf/has_bits.h
[7.497s] -- Installing: /home/ubuntu/DishBot/install/kortex_api/include/kortex_api/google/protobuf/wire_format_lite_inl.h
[7.497s] -- Installing: /home/ubuntu/DishBot/install/kortex_api/include/kortex_api/google/protobuf/unknown_field_set.h
[7.498s] -- Installing: /home/ubuntu/DishBot/install/kortex_api/include/kortex_api/google/protobuf/type.pb.h
[7.498s] -- Installing: /home/ubuntu/DishBot/install/kortex_api/include/kortex_api/google/protobuf/descriptor.pb.h
[7.498s] -- Installing: /home/ubuntu/DishBot/install/kortex_api/include/kortex_api/google/protobuf/generated_message_reflection.h
[7.498s] -- Installing: /home/ubuntu/DishBot/install/kortex_api/include/kortex_api/google/protobuf/descriptor.h
[7.499s] -- Installing: /home/ubuntu/DishBot/install/kortex_api/include/kortex_api/google/protobuf/text_format.h
[7.499s] -- Installing: /home/ubuntu/DishBot/install/kortex_api/include/kortex_api/google/protobuf/map_entry_lite.h
[7.499s] -- Installing: /home/ubuntu/DishBot/install/kortex_api/include/kortex_api/google/protobuf/metadata.h
[7.499s] -- Installing: /home/ubuntu/DishBot/install/kortex_api/include/kortex_api/google/protobuf/wire_format.h
[7.500s] -- Installing: /home/ubuntu/DishBot/install/kortex_api/include/kortex_api/google/protobuf/any.pb.h
[7.500s] -- Installing: /home/ubuntu/DishBot/install/kortex_api/include/kortex_api/google/protobuf/any.h
[7.501s] -- Installing: /home/ubuntu/DishBot/install/kortex_api/include/kortex_api/google/protobuf/wrappers.pb.h
[7.501s] -- Installing: /home/ubuntu/DishBot/install/kortex_api/include/kortex_api/google/protobuf/field_mask.pb.h
[7.502s] -- Installing: /home/ubuntu/DishBot/install/kortex_api/include/kortex_api/google/protobuf/map.h
[7.503s] -- Installing: /home/ubuntu/DishBot/install/kortex_api/include/kortex_api/google/protobuf/generated_enum_util.h
[7.503s] -- Installing: /home/ubuntu/DishBot/install/kortex_api/include/kortex_api/google/protobuf/source_context.pb.h
[7.504s] -- Installing: /home/ubuntu/DishBot/install/kortex_api/include/kortex_api/google/protobuf/map_field.h
[7.504s] -- Installing: /home/ubuntu/DishBot/install/kortex_api/include/kortex_api/google/protobuf/arena_impl.h
[7.505s] -- Installing: /home/ubuntu/DishBot/install/kortex_api/include/kortex_api/google/protobuf/timestamp.pb.h
[7.505s] -- Installing: /home/ubuntu/DishBot/install/kortex_api/share/ament_index/resource_index/package_run_dependencies/kortex_api
[7.506s] -- Installing: /home/ubuntu/DishBot/install/kortex_api/share/ament_index/resource_index/parent_prefix_path/kortex_api
[7.507s] -- Installing: /home/ubuntu/DishBot/install/kortex_api/share/kortex_api/environment/ament_prefix_path.sh
[7.511s] -- Installing: /home/ubuntu/DishBot/install/kortex_api/share/kortex_api/environment/ament_prefix_path.dsv
[7.512s] -- Installing: /home/ubuntu/DishBot/install/kortex_api/share/kortex_api/environment/path.sh
[7.512s] -- Installing: /home/ubuntu/DishBot/install/kortex_api/share/kortex_api/environment/path.dsv
[7.513s] -- Installing: /home/ubuntu/DishBot/install/kortex_api/share/kortex_api/local_setup.bash
[7.513s] -- Installing: /home/ubuntu/DishBot/install/kortex_api/share/kortex_api/local_setup.sh
[7.513s] -- Installing: /home/ubuntu/DishBot/install/kortex_api/share/kortex_api/local_setup.zsh
[7.514s] -- Installing: /home/ubuntu/DishBot/install/kortex_api/share/kortex_api/local_setup.dsv
[7.514s] -- Installing: /home/ubuntu/DishBot/install/kortex_api/share/kortex_api/package.dsv
[7.514s] -- Installing: /home/ubuntu/DishBot/install/kortex_api/share/ament_index/resource_index/packages/kortex_api
[7.515s] -- Installing: /home/ubuntu/DishBot/install/kortex_api/share/kortex_api/cmake/ament_cmake_export_include_directories-extras.cmake
[7.515s] -- Installing: /home/ubuntu/DishBot/install/kortex_api/share/kortex_api/cmake/kortex_apiConfig.cmake
[7.515s] -- Installing: /home/ubuntu/DishBot/install/kortex_api/share/kortex_api/cmake/kortex_apiConfig-version.cmake
[7.516s] -- Installing: /home/ubuntu/DishBot/install/kortex_api/share/kortex_api/package.xml
[7.523s] Invoked command in '/home/ubuntu/DishBot/build/kortex_api' returned '0': CMAKE_PREFIX_PATH=${CMAKE_PREFIX_PATH}:/home/ubuntu/ros2_ws/install/grasp_training:/home/ubuntu/ros2_ws/install/domain_randomization:/opt/ros/jazzy DEBUGINFOD_URLS=https://debuginfod.ubuntu.com /usr/bin/cmake --install /home/ubuntu/DishBot/build/kortex_api
